target degree rotation 437.066666667
Port: 1 Flag: 0 Power: -128 Position: 0 Velocity: 0
Port: 2 Flag: 0 Power: -128 Position: 0 Velocity: 0
Port: 1 Flag: 0 Power: 21 Position: 0 Velocity: 39
Port: 2 Flag: 0 Power: 21 Position: 1 Velocity: -58
Port: 1 Flag: 0 Power: 22 Position: 3 Velocity: 67
Port: 2 Flag: 0 Power: 22 Position: 3 Velocity: -30
Port: 1 Flag: 0 Power: 17 Position: 6 Velocity: 96
Port: 2 Flag: 0 Power: 27 Position: 6 Velocity: -11
Port: 1 Flag: 0 Power: 10 Position: 10 Velocity: 125
Port: 2 Flag: 0 Power: 10 Position: 10 Velocity: 27
Port: 1 Flag: 0 Power: 27 Position: 13 Velocity: 114
Port: 2 Flag: 0 Power: 27 Position: 13 Velocity: 115
Port: 1 Flag: 0 Power: 20 Position: 17 Velocity: 153
Port: 2 Flag: 0 Power: 29 Position: 17 Velocity: 134
Port: 1 Flag: 0 Power: 22 Position: 20 Velocity: 154
Port: 2 Flag: 0 Power: 22 Position: 21 Velocity: 154
Port: 1 Flag: 0 Power: 13 Position: 25 Velocity: 162
Port: 2 Flag: 0 Power: 13 Position: 25 Velocity: 170
Port: 1 Flag: 0 Power: 29 Position: 29 Velocity: 160
Port: 2 Flag: 0 Power: 20 Position: 30 Velocity: 170
Port: 1 Flag: 0 Power: 13 Position: 33 Velocity: 180
Port: 2 Flag: 0 Power: 20 Position: 34 Velocity: 180
Port: 1 Flag: 0 Power: 20 Position: 38 Velocity: 189
Port: 2 Flag: 0 Power: 20 Position: 38 Velocity: 189
Port: 1 Flag: 0 Power: 10 Position: 42 Velocity: 191
Port: 2 Flag: 0 Power: 10 Position: 43 Velocity: 191
Port: 1 Flag: 0 Power: 17 Position: 46 Velocity: 192
Port: 2 Flag: 0 Power: 17 Position: 46 Velocity: 192
Port: 1 Flag: 0 Power: 20 Position: 50 Velocity: 192
Port: 2 Flag: 0 Power: 20 Position: 50 Velocity: 181
Port: 1 Flag: 0 Power: 20 Position: 54 Velocity: 181
Port: 2 Flag: 0 Power: 20 Position: 55 Velocity: 181
Port: 1 Flag: 0 Power: 10 Position: 59 Velocity: 181
Port: 2 Flag: 0 Power: 10 Position: 59 Velocity: 181
Port: 1 Flag: 0 Power: 17 Position: 62 Velocity: 181
Port: 2 Flag: 0 Power: 17 Position: 63 Velocity: 181
Port: 1 Flag: 0 Power: 20 Position: 66 Velocity: 182
Port: 2 Flag: 0 Power: 27 Position: 67 Velocity: 172
Port: 1 Flag: 0 Power: 29 Position: 70 Velocity: 173
Port: 2 Flag: 0 Power: 20 Position: 71 Velocity: 183
Port: 1 Flag: 0 Power: 13 Position: 74 Velocity: 171
Port: 2 Flag: 0 Power: 20 Position: 74 Velocity: 171
Port: 1 Flag: 0 Power: 22 Position: 77 Velocity: 162
Port: 2 Flag: 0 Power: 20 Position: 78 Velocity: 171
Port: 1 Flag: 0 Power: 22 Position: 81 Velocity: 171
Port: 2 Flag: 0 Power: 29 Position: 82 Velocity: 162
Port: 1 Flag: 0 Power: 25 Position: 86 Velocity: 162
Port: 2 Flag: 0 Power: 22 Position: 86 Velocity: 171
Port: 1 Flag: 0 Power: 13 Position: 90 Velocity: 182
Port: 2 Flag: 0 Power: 20 Position: 91 Velocity: 172
Port: 1 Flag: 0 Power: 22 Position: 94 Velocity: 173
Port: 2 Flag: 0 Power: 20 Position: 95 Velocity: 183
Port: 1 Flag: 0 Power: 29 Position: 98 Velocity: 181
Port: 2 Flag: 0 Power: 20 Position: 99 Velocity: 191
Port: 1 Flag: 0 Power: 22 Position: 103 Velocity: 190
Port: 2 Flag: 0 Power: 20 Position: 103 Velocity: 181
Port: 1 Flag: 0 Power: 20 Position: 107 Velocity: 190
Port: 2 Flag: 0 Power: 20 Position: 107 Velocity: 181
Port: 1 Flag: 0 Power: 20 Position: 111 Velocity: 191
Port: 2 Flag: 0 Power: 20 Position: 111 Velocity: 181
Port: 1 Flag: 0 Power: 29 Position: 115 Velocity: 182
Port: 2 Flag: 0 Power: 20 Position: 115 Velocity: 182
Port: 1 Flag: 0 Power: 13 Position: 119 Velocity: 183
Port: 2 Flag: 0 Power: 20 Position: 119 Velocity: 172
Port: 1 Flag: 0 Power: 22 Position: 123 Velocity: 172
Port: 2 Flag: 0 Power: 29 Position: 123 Velocity: 172
Port: 1 Flag: 0 Power: 22 Position: 127 Velocity: 172
Port: 2 Flag: 0 Power: 22 Position: 128 Velocity: 172
Port: 1 Flag: 0 Power: 22 Position: 132 Velocity: 172
Port: 2 Flag: 0 Power: 22 Position: 132 Velocity: 171
Port: 1 Flag: 0 Power: 20 Position: 136 Velocity: 181
Port: 2 Flag: 0 Power: 20 Position: 137 Velocity: 181
Port: 1 Flag: 0 Power: 20 Position: 141 Velocity: 192
Port: 2 Flag: 0 Power: 20 Position: 141 Velocity: 182
Port: 1 Flag: 0 Power: 22 Position: 145 Velocity: 182
Port: 2 Flag: 0 Power: 22 Position: 146 Velocity: 182
Port: 1 Flag: 0 Power: 20 Position: 150 Velocity: 182
Port: 2 Flag: 0 Power: 20 Position: 150 Velocity: 182
Port: 1 Flag: 0 Power: 29 Position: 154 Velocity: 173
Port: 2 Flag: 0 Power: 20 Position: 154 Velocity: 183
Port: 1 Flag: 0 Power: 22 Position: 158 Velocity: 172
Port: 2 Flag: 0 Power: 22 Position: 159 Velocity: 172
Port: 1 Flag: 0 Power: 22 Position: 163 Velocity: 182
Port: 2 Flag: 0 Power: 22 Position: 164 Velocity: 182
Port: 1 Flag: 0 Power: 20 Position: 167 Velocity: 182
Port: 2 Flag: 0 Power: 20 Position: 168 Velocity: 182
Port: 1 Flag: 0 Power: 29 Position: 172 Velocity: 182
Port: 2 Flag: 0 Power: 20 Position: 172 Velocity: 182
Port: 1 Flag: 0 Power: 22 Position: 176 Velocity: 182
Port: 2 Flag: 0 Power: 29 Position: 177 Velocity: 182
Port: 1 Flag: 0 Power: 20 Position: 180 Velocity: 183
Port: 2 Flag: 0 Power: 20 Position: 181 Velocity: 182
Port: 1 Flag: 0 Power: 22 Position: 185 Velocity: 172
Port: 2 Flag: 0 Power: 20 Position: 185 Velocity: 182
Port: 1 Flag: 0 Power: 22 Position: 189 Velocity: 172
Port: 2 Flag: 0 Power: 22 Position: 190 Velocity: 172
Port: 1 Flag: 0 Power: 13 Position: 194 Velocity: 182
Port: 2 Flag: 0 Power: 20 Position: 194 Velocity: 182
Port: 1 Flag: 0 Power: 22 Position: 198 Velocity: 173
Port: 2 Flag: 0 Power: 20 Position: 198 Velocity: 182
Port: 1 Flag: 0 Power: 22 Position: 202 Velocity: 183
Port: 2 Flag: 0 Power: 22 Position: 203 Velocity: 173
Port: 1 Flag: 0 Power: 22 Position: 206 Velocity: 183
Port: 2 Flag: 0 Power: 22 Position: 208 Velocity: 182
Port: 1 Flag: 0 Power: 29 Position: 211 Velocity: 172
Port: 2 Flag: 0 Power: 20 Position: 212 Velocity: 181
Port: 1 Flag: 0 Power: 22 Position: 215 Velocity: 182
Port: 2 Flag: 0 Power: 20 Position: 216 Velocity: 172
Port: 1 Flag: 0 Power: 22 Position: 219 Velocity: 182
Port: 2 Flag: 0 Power: 22 Position: 220 Velocity: 180
Port: 1 Flag: 0 Power: 15 Position: 224 Velocity: 171
Port: 2 Flag: 0 Power: 13 Position: 225 Velocity: 180
Port: 1 Flag: 0 Power: 22 Position: 228 Velocity: 172
Port: 2 Flag: 0 Power: 20 Position: 229 Velocity: 181
Port: 1 Flag: 0 Power: 22 Position: 233 Velocity: 182
Port: 2 Flag: 0 Power: 22 Position: 233 Velocity: 180
Port: 1 Flag: 0 Power: 22 Position: 237 Velocity: 180
Port: 2 Flag: 0 Power: 22 Position: 238 Velocity: 180
Port: 1 Flag: 0 Power: 15 Position: 242 Velocity: 181
Port: 2 Flag: 0 Power: 13 Position: 243 Velocity: 182
Port: 1 Flag: 0 Power: 22 Position: 246 Velocity: 182
Port: 2 Flag: 0 Power: 20 Position: 247 Velocity: 180
Port: 1 Flag: 0 Power: 22 Position: 250 Velocity: 180
Port: 2 Flag: 0 Power: 29 Position: 251 Velocity: 180
Port: 1 Flag: 0 Power: 22 Position: 255 Velocity: 181
Port: 2 Flag: 0 Power: 22 Position: 256 Velocity: 181
Port: 1 Flag: 0 Power: 29 Position: 259 Velocity: 181
Port: 2 Flag: 0 Power: 20 Position: 261 Velocity: 181
Port: 1 Flag: 0 Power: 22 Position: 263 Velocity: 181
Port: 2 Flag: 0 Power: 20 Position: 265 Velocity: 181
Port: 1 Flag: 0 Power: 25 Position: 268 Velocity: 173
Port: 2 Flag: 0 Power: 20 Position: 269 Velocity: 183
Port: 1 Flag: 0 Power: 13 Position: 272 Velocity: 172
Port: 2 Flag: 0 Power: 10 Position: 274 Velocity: 190
Port: 1 Flag: 0 Power: 22 Position: 277 Velocity: 182
Port: 2 Flag: 0 Power: 20 Position: 278 Velocity: 181
Port: 1 Flag: 0 Power: 22 Position: 281 Velocity: 182
Port: 2 Flag: 0 Power: 20 Position: 283 Velocity: 181
Port: 1 Flag: 0 Power: 13 Position: 286 Velocity: 192
Port: 2 Flag: 0 Power: 10 Position: 287 Velocity: 181
Port: 1 Flag: 0 Power: 22 Position: 290 Velocity: 173
Port: 2 Flag: 0 Power: 20 Position: 291 Velocity: 181
Port: 1 Flag: 0 Power: 22 Position: 294 Velocity: 183
Port: 2 Flag: 0 Power: 20 Position: 296 Velocity: 183
Port: 1 Flag: 0 Power: 22 Position: 299 Velocity: 182
Port: 2 Flag: 0 Power: 20 Position: 301 Velocity: 182
Port: 1 Flag: 0 Power: 22 Position: 304 Velocity: 172
Port: 2 Flag: 0 Power: 10 Position: 305 Velocity: 182
Port: 1 Flag: 0 Power: 22 Position: 308 Velocity: 182
Port: 2 Flag: 0 Power: 17 Position: 309 Velocity: 182
Port: 1 Flag: 0 Power: 22 Position: 312 Velocity: 181
Port: 2 Flag: 0 Power: 20 Position: 313 Velocity: 181
Port: 1 Flag: 0 Power: 22 Position: 317 Velocity: 181
Port: 2 Flag: 0 Power: 20 Position: 318 Velocity: 181
Port: 1 Flag: 0 Power: 20 Position: 321 Velocity: 182
Port: 2 Flag: 0 Power: 27 Position: 322 Velocity: 171
Port: 1 Flag: 0 Power: 22 Position: 325 Velocity: 181
Port: 2 Flag: 0 Power: 20 Position: 327 Velocity: 181
Port: 1 Flag: 0 Power: 22 Position: 330 Velocity: 182
Port: 2 Flag: 0 Power: 20 Position: 331 Velocity: 182
Port: 1 Flag: 0 Power: 22 Position: 334 Velocity: 173
Port: 2 Flag: 0 Power: 10 Position: 336 Velocity: 181
Port: 1 Flag: 0 Power: 22 Position: 338 Velocity: 172
Port: 2 Flag: 0 Power: 20 Position: 340 Velocity: 181
Port: 1 Flag: 0 Power: 22 Position: 343 Velocity: 182
Port: 2 Flag: 0 Power: 20 Position: 344 Velocity: 182
Port: 1 Flag: 0 Power: 32 Position: 347 Velocity: 172
Port: 2 Flag: 0 Power: 20 Position: 349 Velocity: 181
Port: 1 Flag: 0 Power: 29 Position: 352 Velocity: 181
Port: 2 Flag: 0 Power: 17 Position: 353 Velocity: 181
Port: 1 Flag: 0 Power: 22 Position: 356 Velocity: 182
Port: 2 Flag: 0 Power: 20 Position: 358 Velocity: 182
Port: 1 Flag: 0 Power: 32 Position: 360 Velocity: 172
Port: 2 Flag: 0 Power: 20 Position: 362 Velocity: 181
Port: 1 Flag: 0 Power: 13 Position: 365 Velocity: 181
Port: 2 Flag: 0 Power: 10 Position: 367 Velocity: 181
Port: 1 Flag: 0 Power: 22 Position: 369 Velocity: 172
Port: 2 Flag: 0 Power: 17 Position: 371 Velocity: 182
Port: 1 Flag: 0 Power: 22 Position: 374 Velocity: 182
Port: 2 Flag: 0 Power: 20 Position: 376 Velocity: 182
Port: 1 Flag: 0 Power: 15 Position: 378 Velocity: 182
Port: 2 Flag: 0 Power: 10 Position: 380 Velocity: 182
Port: 1 Flag: 0 Power: 22 Position: 383 Velocity: 183
Port: 2 Flag: 0 Power: 27 Position: 384 Velocity: 173
Port: 1 Flag: 0 Power: 22 Position: 387 Velocity: 173
Port: 2 Flag: 0 Power: 20 Position: 389 Velocity: 173
Port: 1 Flag: 0 Power: 25 Position: 392 Velocity: 173
Port: 2 Flag: 0 Power: 20 Position: 393 Velocity: 182
Port: 1 Flag: 0 Power: 22 Position: 396 Velocity: 182
Port: 2 Flag: 0 Power: 20 Position: 397 Velocity: 172
Port: 1 Flag: 0 Power: 22 Position: 400 Velocity: 182
Port: 2 Flag: 0 Power: 20 Position: 402 Velocity: 182
Port: 1 Flag: 0 Power: 22 Position: 405 Velocity: 182
Port: 2 Flag: 0 Power: 20 Position: 406 Velocity: 182
Port: 1 Flag: 0 Power: 22 Position: 409 Velocity: 181
Port: 2 Flag: 0 Power: 20 Position: 411 Velocity: 172
Port: 1 Flag: 0 Power: 22 Position: 414 Velocity: 181
Port: 2 Flag: 0 Power: 20 Position: 415 Velocity: 181
Port: 1 Flag: 0 Power: 32 Position: 418 Velocity: 172
Port: 2 Flag: 0 Power: 20 Position: 420 Velocity: 182
Port: 1 Flag: 0 Power: 22 Position: 423 Velocity: 171
Port: 2 Flag: 0 Power: 10 Position: 424 Velocity: 181
Port: 1 Flag: 0 Power: 22 Position: 427 Velocity: 181
Port: 2 Flag: 0 Power: 20 Position: 428 Velocity: 181
Port: 1 Flag: 0 Power: 22 Position: 431 Velocity: 182
Port: 2 Flag: 0 Power: 20 Position: 433 Velocity: 182
Port: 1 Flag: 0 Power: 25 Position: 436 Velocity: 181
Port: 2 Flag: 0 Power: 29 Position: 437 Velocity: 172
Port: 1 Flag: 0 Power: 22 Position: 441 Velocity: 173
Port: 2 Flag: 0 Power: 20 Position: 442 Velocity: 173
Motion complete
target rotation 223.91154112
Port: 1 Flag: 0 Power: -53 Position: 0 Velocity: -4118
Port: 2 Flag: 2 Power: 100 Position: 1 Velocity: 182
Port: 1 Flag: 0 Power: -9 Position: 1 Velocity: -4147
Port: 2 Flag: 0 Power: -19 Position: 5 Velocity: -4080
Port: 1 Flag: 0 Power: -12 Position: 0 Velocity: -4176
Port: 2 Flag: 0 Power: 0 Position: 6 Velocity: -4118
Port: 1 Flag: 0 Power: -7 Position: -1 Velocity: -4254
Port: 2 Flag: 0 Power: 9 Position: 6 Velocity: -4157
Port: 1 Flag: 0 Power: -17 Position: -3 Velocity: -4302
Port: 2 Flag: 0 Power: 14 Position: 7 Velocity: -4195
Port: 1 Flag: 0 Power: -10 Position: -5 Velocity: -58
Port: 2 Flag: 0 Power: 10 Position: 8 Velocity: 28
Port: 1 Flag: 0 Power: -19 Position: -7 Velocity: -67
Port: 2 Flag: 0 Power: 10 Position: 10 Velocity: 48
Port: 1 Flag: 0 Power: -12 Position: -8 Velocity: -77
Port: 2 Flag: 0 Power: 12 Position: 12 Velocity: 48
Port: 1 Flag: 0 Power: -19 Position: -10 Velocity: -76
Port: 2 Flag: 0 Power: 10 Position: 14 Velocity: 76
Port: 1 Flag: 0 Power: -22 Position: -12 Velocity: -66
Port: 2 Flag: 0 Power: 19 Position: 16 Velocity: 76
Port: 1 Flag: 0 Power: -22 Position: -14 Velocity: -67
Port: 2 Flag: 0 Power: 12 Position: 18 Velocity: 76
Port: 1 Flag: 0 Power: -22 Position: -17 Velocity: -84
Port: 2 Flag: 0 Power: 12 Position: 20 Velocity: 85
Port: 1 Flag: 0 Power: -12 Position: -19 Velocity: -94
Port: 2 Flag: 0 Power: 12 Position: 22 Velocity: 85
Port: 1 Flag: 0 Power: -5 Position: -21 Velocity: -95
Port: 2 Flag: 0 Power: 12 Position: 24 Velocity: 86
Port: 1 Flag: 0 Power: -5 Position: -24 Velocity: -104
Port: 2 Flag: 0 Power: 12 Position: 27 Velocity: 95
Port: 1 Flag: 0 Power: -12 Position: -26 Velocity: -94
Port: 2 Flag: 0 Power: 3 Position: 29 Velocity: 95
Port: 1 Flag: 0 Power: -12 Position: -27 Velocity: -86
Port: 2 Flag: 0 Power: 10 Position: 31 Velocity: 96
Port: 1 Flag: 0 Power: -22 Position: -29 Velocity: -76
Port: 2 Flag: 0 Power: 12 Position: 34 Velocity: 86
Port: 1 Flag: 0 Power: -15 Position: -32 Velocity: -76
Port: 2 Flag: 0 Power: 10 Position: 36 Velocity: 95
Port: 1 Flag: 0 Power: -15 Position: -34 Velocity: -77
Port: 2 Flag: 0 Power: 12 Position: 38 Velocity: 86
Port: 1 Flag: 0 Power: -15 Position: -36 Velocity: -85
Port: 2 Flag: 0 Power: 19 Position: 41 Velocity: 85
Port: 1 Flag: 0 Power: -15 Position: -39 Velocity: -95
Port: 2 Flag: 0 Power: 19 Position: 43 Velocity: 95
Port: 1 Flag: 0 Power: 4 Position: -41 Velocity: -105
Port: 2 Flag: 0 Power: 10 Position: 45 Velocity: 86
Port: 1 Flag: 0 Power: -12 Position: -43 Velocity: -94
Port: 2 Flag: 0 Power: 10 Position: 47 Velocity: 95
Port: 1 Flag: 0 Power: -12 Position: -45 Velocity: -95
Port: 2 Flag: 0 Power: 10 Position: 49 Velocity: 86
Port: 1 Flag: 0 Power: -12 Position: -47 Velocity: -95
Port: 2 Flag: 0 Power: 19 Position: 51 Velocity: 86
Port: 1 Flag: 0 Power: -15 Position: -49 Velocity: -76
Port: 2 Flag: 0 Power: 3 Position: 54 Velocity: 95
Port: 1 Flag: 0 Power: -15 Position: -52 Velocity: -85
Port: 2 Flag: 0 Power: 19 Position: 56 Velocity: 85
Port: 1 Flag: 0 Power: -15 Position: -54 Velocity: -86
Port: 2 Flag: 0 Power: 12 Position: 58 Velocity: 86
Port: 1 Flag: 0 Power: -5 Position: -57 Velocity: -86
Port: 2 Flag: 0 Power: 0 Position: 61 Velocity: 104
Port: 1 Flag: 0 Power: -12 Position: -59 Velocity: -95
Port: 2 Flag: 0 Power: 10 Position: 63 Velocity: 95
Port: 1 Flag: 0 Power: -12 Position: -60 Velocity: -96
Port: 2 Flag: 0 Power: 10 Position: 65 Velocity: 95
Port: 1 Flag: 0 Power: -15 Position: -62 Velocity: -85
Port: 2 Flag: 0 Power: 10 Position: 67 Velocity: 94
Port: 1 Flag: 0 Power: -15 Position: -65 Velocity: -85
Port: 2 Flag: 0 Power: 19 Position: 69 Velocity: 76
Port: 1 Flag: 0 Power: -15 Position: -67 Velocity: -86
Port: 2 Flag: 0 Power: 12 Position: 71 Velocity: 86
Port: 1 Flag: 0 Power: -22 Position: -69 Velocity: -85
Port: 2 Flag: 0 Power: 12 Position: 74 Velocity: 85
Port: 1 Flag: 0 Power: -22 Position: -72 Velocity: -95
Port: 2 Flag: 0 Power: 3 Position: 76 Velocity: 95
Port: 1 Flag: 0 Power: -12 Position: -74 Velocity: -96
Port: 2 Flag: 0 Power: 17 Position: 78 Velocity: 86
Port: 1 Flag: 0 Power: -12 Position: -76 Velocity: -95
Port: 2 Flag: 0 Power: 10 Position: 80 Velocity: 95
Port: 1 Flag: 0 Power: -22 Position: -78 Velocity: -76
Port: 2 Flag: 0 Power: 10 Position: 82 Velocity: 95
Port: 1 Flag: 0 Power: -15 Position: -80 Velocity: -86
Port: 2 Flag: 0 Power: 12 Position: 84 Velocity: 86
Port: 1 Flag: 0 Power: -15 Position: -82 Velocity: -86
Port: 2 Flag: 0 Power: 19 Position: 87 Velocity: 86
Port: 1 Flag: 0 Power: -15 Position: -85 Velocity: -86
Port: 2 Flag: 0 Power: 12 Position: 89 Velocity: 86
Port: 1 Flag: 0 Power: -15 Position: -87 Velocity: -86
Port: 2 Flag: 0 Power: 10 Position: 91 Velocity: 96
Port: 1 Flag: 0 Power: -19 Position: -90 Velocity: -95
Port: 2 Flag: 0 Power: 10 Position: 93 Velocity: 96
Port: 1 Flag: 0 Power: -12 Position: -91 Velocity: -95
Port: 2 Flag: 0 Power: 10 Position: 96 Velocity: 86
Port: 1 Flag: 0 Power: -12 Position: -93 Velocity: -95
Port: 2 Flag: 0 Power: 10 Position: 98 Velocity: 96
Port: 1 Flag: 0 Power: -22 Position: -95 Velocity: -86
Port: 2 Flag: 0 Power: 12 Position: 100 Velocity: 76
Port: 1 Flag: 0 Power: -15 Position: -98 Velocity: -77
Port: 2 Flag: 0 Power: 12 Position: 102 Velocity: 86
Port: 1 Flag: 0 Power: -22 Position: -100 Velocity: -86
Port: 2 Flag: 0 Power: 12 Position: 104 Velocity: 86
Port: 1 Flag: 0 Power: -15 Position: -103 Velocity: -86
Port: 2 Flag: 0 Power: 3 Position: 107 Velocity: 86
Port: 1 Flag: 0 Power: -12 Position: -105 Velocity: -86
Port: 2 Flag: 0 Power: 10 Position: 108 Velocity: 96
Port: 1 Flag: 0 Power: -12 Position: -107 Velocity: -95
Port: 2 Flag: 0 Power: 10 Position: 110 Velocity: 86
Port: 1 Flag: 0 Power: -22 Position: -109 Velocity: -85
Port: 2 Flag: 0 Power: 12 Position: 113 Velocity: 86
Port: 1 Flag: 0 Power: -15 Position: -111 Velocity: -86
Port: 2 Flag: 0 Power: 19 Position: 115 Velocity: 86
Port: 1 Flag: 0 Power: -5 Position: -113 Velocity: -96
Port: 2 Flag: 0 Power: 12 Position: 117 Velocity: 86
Port: 1 Flag: 0 Power: -15 Position: -116 Velocity: -86
Port: 2 Flag: 0 Power: 3 Position: 120 Velocity: 96
Port: 1 Flag: 0 Power: -12 Position: -118 Velocity: -86
Port: 2 Flag: 0 Power: 3 Position: 122 Velocity: 96
Port: 1 Flag: 0 Power: -12 Position: -120 Velocity: -96
Port: 2 Flag: 0 Power: 10 Position: 124 Velocity: 95
Port: 1 Flag: 0 Power: -12 Position: -122 Velocity: -86
Port: 2 Flag: 0 Power: 10 Position: 126 Velocity: 95
Port: 1 Flag: 0 Power: -22 Position: -124 Velocity: -86
Port: 2 Flag: 0 Power: 19 Position: 128 Velocity: 86
Port: 1 Flag: 0 Power: -15 Position: -126 Velocity: -76
Port: 2 Flag: 0 Power: 12 Position: 130 Velocity: 86
Port: 1 Flag: 0 Power: -5 Position: -129 Velocity: -95
Port: 2 Flag: 0 Power: 12 Position: 133 Velocity: 85
Port: 1 Flag: 0 Power: -12 Position: -131 Velocity: -96
Port: 2 Flag: 0 Power: 12 Position: 135 Velocity: 86
Port: 1 Flag: 0 Power: -15 Position: -133 Velocity: -95
Port: 2 Flag: 0 Power: 3 Position: 137 Velocity: 95
Port: 1 Flag: 0 Power: -19 Position: -135 Velocity: -95
Port: 2 Flag: 0 Power: 10 Position: 140 Velocity: 95
Port: 1 Flag: 0 Power: -12 Position: -137 Velocity: -96
Port: 2 Flag: 0 Power: 10 Position: 142 Velocity: 96
Port: 1 Flag: 0 Power: -12 Position: -140 Velocity: -76
Port: 2 Flag: 0 Power: 12 Position: 144 Velocity: 86
Port: 1 Flag: 0 Power: -22 Position: -142 Velocity: -86
Port: 2 Flag: 0 Power: 12 Position: 146 Velocity: 86
Port: 1 Flag: 0 Power: -22 Position: -144 Velocity: -77
Port: 2 Flag: 0 Power: 12 Position: 148 Velocity: 86
Port: 1 Flag: 0 Power: -15 Position: -147 Velocity: -95
Port: 2 Flag: 0 Power: 12 Position: 150 Velocity: 86
Port: 1 Flag: 0 Power: -3 Position: -149 Velocity: -95
Port: 2 Flag: 0 Power: 3 Position: 152 Velocity: 95
Port: 1 Flag: 0 Power: -12 Position: -151 Velocity: -86
Port: 2 Flag: 0 Power: 10 Position: 154 Velocity: 96
Port: 1 Flag: 0 Power: -12 Position: -153 Velocity: -95
Port: 2 Flag: 0 Power: 12 Position: 157 Velocity: 86
Port: 1 Flag: 0 Power: -22 Position: -155 Velocity: -85
Port: 2 Flag: 0 Power: 19 Position: 159 Velocity: 86
Port: 1 Flag: 0 Power: -5 Position: -157 Velocity: -86
Port: 2 Flag: 0 Power: 12 Position: 161 Velocity: 86
Port: 1 Flag: 0 Power: -15 Position: -159 Velocity: -86
Port: 2 Flag: 0 Power: 12 Position: 163 Velocity: 86
Port: 1 Flag: 0 Power: -22 Position: -162 Velocity: -86
Port: 2 Flag: 0 Power: 12 Position: 165 Velocity: 95
Port: 1 Flag: 0 Power: -12 Position: -164 Velocity: -86
Port: 2 Flag: 0 Power: 3 Position: 168 Velocity: 86
Port: 1 Flag: 0 Power: -12 Position: -166 Velocity: -86
Port: 2 Flag: 0 Power: 19 Position: 170 Velocity: 86
Port: 1 Flag: 0 Power: -12 Position: -168 Velocity: -95
Port: 2 Flag: 0 Power: 12 Position: 172 Velocity: 86
Port: 1 Flag: 0 Power: -22 Position: -170 Velocity: -76
Port: 2 Flag: 0 Power: 12 Position: 174 Velocity: 86
Port: 1 Flag: 0 Power: -15 Position: -173 Velocity: -94
Port: 2 Flag: 0 Power: 12 Position: 176 Velocity: 85
Port: 1 Flag: 0 Power: -12 Position: -175 Velocity: -94
Port: 2 Flag: 0 Power: 12 Position: 178 Velocity: 85
Port: 1 Flag: 0 Power: -15 Position: -177 Velocity: -85
Port: 2 Flag: 0 Power: 12 Position: 181 Velocity: 95
Port: 1 Flag: 0 Power: -12 Position: -180 Velocity: -104
Port: 2 Flag: 0 Power: 12 Position: 183 Velocity: 94
Port: 1 Flag: 0 Power: -19 Position: -181 Velocity: -95
Port: 2 Flag: 0 Power: 10 Position: 185 Velocity: 95
Port: 1 Flag: 0 Power: -12 Position: -183 Velocity: -86
Port: 2 Flag: 0 Power: 12 Position: 187 Velocity: 86
Port: 1 Flag: 0 Power: -22 Position: -186 Velocity: -85
Port: 2 Flag: 0 Power: 12 Position: 190 Velocity: 85
Port: 1 Flag: 0 Power: -12 Position: -188 Velocity: -86
Port: 2 Flag: 0 Power: 12 Position: 192 Velocity: 85
Port: 1 Flag: 0 Power: -22 Position: -190 Velocity: -76
Port: 2 Flag: 0 Power: 12 Position: 194 Velocity: 86
Port: 1 Flag: 0 Power: -5 Position: -193 Velocity: -96
Port: 2 Flag: 0 Power: 12 Position: 196 Velocity: 95
Port: 1 Flag: 0 Power: -15 Position: -195 Velocity: -86
Port: 2 Flag: 0 Power: 12 Position: 198 Velocity: 96
Port: 1 Flag: 0 Power: -12 Position: -197 Velocity: -86
Port: 2 Flag: 0 Power: 12 Position: 200 Velocity: 86
Port: 1 Flag: 0 Power: -15 Position: -198 Velocity: -86
Port: 2 Flag: 0 Power: 12 Position: 202 Velocity: 86
Port: 1 Flag: 0 Power: -24 Position: -200 Velocity: -77
Port: 2 Flag: 0 Power: 15 Position: 204 Velocity: 77
Port: 1 Flag: 0 Power: -17 Position: -202 Velocity: -77
Port: 2 Flag: 0 Power: 15 Position: 206 Velocity: 76
Port: 1 Flag: 0 Power: -17 Position: -204 Velocity: -76
Port: 2 Flag: 0 Power: 15 Position: 208 Velocity: 86
Port: 1 Flag: 0 Power: -17 Position: -207 Velocity: -86
Port: 2 Flag: 0 Power: 15 Position: 210 Velocity: 86
Port: 1 Flag: 0 Power: -8 Position: -209 Velocity: -86
Port: 2 Flag: 0 Power: 12 Position: 213 Velocity: 96
Port: 1 Flag: 0 Power: -15 Position: -211 Velocity: -96
Port: 2 Flag: 0 Power: 15 Position: 215 Velocity: 86
Port: 1 Flag: 0 Power: -15 Position: -213 Velocity: -96
Port: 2 Flag: 0 Power: 12 Position: 218 Velocity: 96
Port: 1 Flag: 0 Power: -15 Position: -216 Velocity: -96
Port: 2 Flag: 0 Power: 12 Position: 220 Velocity: 96
Port: 1 Flag: 0 Power: -12 Position: -219 Velocity: -105
Port: 2 Flag: 0 Power: 12 Position: 223 Velocity: 96
Port: 1 Flag: 0 Power: -12 Position: -221 Velocity: -105
Port: 2 Flag: 0 Power: 12 Position: 225 Velocity: 105
Rotation complete
target degree rotation 437.066666667
Port: 1 Flag: 0 Power: 35 Position: 0 Velocity: 2029
Port: 2 Flag: 0 Power: -35 Position: 0 Velocity: -2067
Port: 1 Flag: 0 Power: 12 Position: 0 Velocity: 2048
Port: 2 Flag: 0 Power: 21 Position: 1 Velocity: -2076
Port: 1 Flag: 0 Power: 19 Position: 2 Velocity: 2086
Port: 2 Flag: 0 Power: 17 Position: 3 Velocity: -2086
Port: 1 Flag: 0 Power: 24 Position: 6 Velocity: 2154
Port: 2 Flag: 0 Power: 20 Position: 7 Velocity: -2077
Port: 1 Flag: 0 Power: 24 Position: 9 Velocity: 2202
Port: 2 Flag: 0 Power: 17 Position: 11 Velocity: -2067
Port: 1 Flag: 0 Power: 27 Position: 13 Velocity: 124
Port: 2 Flag: 0 Power: 29 Position: 15 Velocity: 124
Port: 1 Flag: 0 Power: 20 Position: 17 Velocity: 153
Port: 2 Flag: 0 Power: 22 Position: 19 Velocity: 163
Port: 1 Flag: 0 Power: 22 Position: 21 Velocity: 153
Port: 2 Flag: 0 Power: 13 Position: 24 Velocity: 173
Port: 1 Flag: 0 Power: 29 Position: 26 Velocity: 162
Port: 2 Flag: 0 Power: 20 Position: 29 Velocity: 182
Port: 1 Flag: 0 Power: 22 Position: 31 Velocity: 172
Port: 2 Flag: 0 Power: 20 Position: 34 Velocity: 182
Port: 1 Flag: 0 Power: 13 Position: 36 Velocity: 183
Port: 2 Flag: 0 Power: 17 Position: 38 Velocity: 192
Port: 1 Flag: 0 Power: 20 Position: 40 Velocity: 183
Port: 2 Flag: 0 Power: 17 Position: 43 Velocity: 192
Port: 1 Flag: 0 Power: 20 Position: 44 Velocity: 183
Port: 2 Flag: 0 Power: 27 Position: 47 Velocity: 183
Port: 1 Flag: 0 Power: 20 Position: 49 Velocity: 191
Port: 2 Flag: 0 Power: 10 Position: 52 Velocity: 190
Port: 1 Flag: 0 Power: 10 Position: 53 Velocity: 181
Port: 2 Flag: 0 Power: 24 Position: 56 Velocity: 181
Port: 1 Flag: 0 Power: 27 Position: 57 Velocity: 181
Port: 2 Flag: 0 Power: 17 Position: 61 Velocity: 181
Port: 1 Flag: 0 Power: 22 Position: 62 Velocity: 171
Port: 2 Flag: 0 Power: 27 Position: 65 Velocity: 180
Port: 1 Flag: 0 Power: 22 Position: 66 Velocity: 171
Port: 2 Flag: 0 Power: 17 Position: 71 Velocity: 172
Port: 1 Flag: 0 Power: 20 Position: 72 Velocity: 173
Port: 2 Flag: 0 Power: 27 Position: 75 Velocity: 173
Port: 1 Flag: 0 Power: 20 Position: 77 Velocity: 182
Port: 2 Flag: 0 Power: 20 Position: 79 Velocity: 172
Port: 1 Flag: 0 Power: 22 Position: 81 Velocity: 182
Port: 2 Flag: 0 Power: 10 Position: 84 Velocity: 182
Port: 1 Flag: 0 Power: 20 Position: 85 Velocity: 182
Port: 2 Flag: 0 Power: 27 Position: 88 Velocity: 172
Port: 1 Flag: 0 Power: 22 Position: 89 Velocity: 172
Port: 2 Flag: 0 Power: 20 Position: 92 Velocity: 181
Port: 1 Flag: 0 Power: 22 Position: 93 Velocity: 172
Port: 2 Flag: 0 Power: 29 Position: 97 Velocity: 172
Port: 1 Flag: 0 Power: 13 Position: 98 Velocity: 182
Port: 2 Flag: 0 Power: 20 Position: 101 Velocity: 172
Port: 1 Flag: 0 Power: 29 Position: 103 Velocity: 171
Port: 2 Flag: 0 Power: 20 Position: 106 Velocity: 180
Port: 1 Flag: 0 Power: 29 Position: 107 Velocity: 180
Port: 2 Flag: 0 Power: 20 Position: 111 Velocity: 180
Port: 1 Flag: 0 Power: 22 Position: 112 Velocity: 181
Port: 2 Flag: 0 Power: 20 Position: 115 Velocity: 181
Port: 1 Flag: 0 Power: 13 Position: 116 Velocity: 179
Port: 2 Flag: 0 Power: 17 Position: 120 Velocity: 189
Port: 1 Flag: 0 Power: 20 Position: 120 Velocity: 189
Port: 2 Flag: 0 Power: 27 Position: 123 Velocity: 180
Port: 1 Flag: 0 Power: 22 Position: 125 Velocity: 181
Port: 2 Flag: 0 Power: 20 Position: 128 Velocity: 180
Port: 1 Flag: 0 Power: 22 Position: 129 Velocity: 180
Port: 2 Flag: 0 Power: 10 Position: 133 Velocity: 180
Port: 1 Flag: 0 Power: 22 Position: 133 Velocity: 172
Port: 2 Flag: 0 Power: 27 Position: 137 Velocity: 172
Port: 1 Flag: 0 Power: 22 Position: 138 Velocity: 172
Port: 2 Flag: 0 Power: 20 Position: 141 Velocity: 181
Port: 1 Flag: 0 Power: 32 Position: 142 Velocity: 172
Port: 2 Flag: 0 Power: 20 Position: 146 Velocity: 181
Port: 1 Flag: 0 Power: 15 Position: 147 Velocity: 172
Port: 2 Flag: 0 Power: 27 Position: 150 Velocity: 172
Port: 1 Flag: 0 Power: 22 Position: 151 Velocity: 182
Port: 2 Flag: 0 Power: 20 Position: 154 Velocity: 182
Port: 1 Flag: 0 Power: 22 Position: 156 Velocity: 182
Port: 2 Flag: 0 Power: 20 Position: 159 Velocity: 182
Port: 1 Flag: 0 Power: 32 Position: 160 Velocity: 183
Port: 2 Flag: 0 Power: 20 Position: 163 Velocity: 173
Port: 1 Flag: 0 Power: 22 Position: 164 Velocity: 183
Port: 2 Flag: 0 Power: 20 Position: 168 Velocity: 183
Port: 1 Flag: 0 Power: 22 Position: 169 Velocity: 183
Port: 2 Flag: 0 Power: 20 Position: 172 Velocity: 183
Port: 1 Flag: 0 Power: 25 Position: 173 Velocity: 182
Port: 2 Flag: 0 Power: 20 Position: 177 Velocity: 172
Port: 1 Flag: 0 Power: 29 Position: 178 Velocity: 181
Port: 2 Flag: 0 Power: 20 Position: 181 Velocity: 182
Port: 1 Flag: 0 Power: 22 Position: 182 Velocity: 182
Port: 2 Flag: 0 Power: 20 Position: 185 Velocity: 182
Port: 1 Flag: 0 Power: 22 Position: 187 Velocity: 181
Port: 2 Flag: 0 Power: 13 Position: 190 Velocity: 172
Port: 1 Flag: 0 Power: 22 Position: 191 Velocity: 181
Port: 2 Flag: 0 Power: 20 Position: 194 Velocity: 182
Port: 1 Flag: 0 Power: 22 Position: 195 Velocity: 173
Port: 2 Flag: 0 Power: 20 Position: 199 Velocity: 182
Port: 1 Flag: 0 Power: 22 Position: 200 Velocity: 182
Port: 2 Flag: 0 Power: 20 Position: 203 Velocity: 182
Port: 1 Flag: 0 Power: 15 Position: 205 Velocity: 172
Port: 2 Flag: 0 Power: 27 Position: 208 Velocity: 182
Port: 1 Flag: 0 Power: 22 Position: 209 Velocity: 182
Port: 2 Flag: 0 Power: 20 Position: 212 Velocity: 182
Port: 1 Flag: 0 Power: 22 Position: 213 Velocity: 182
Port: 2 Flag: 0 Power: 20 Position: 217 Velocity: 182
Port: 1 Flag: 0 Power: 32 Position: 218 Velocity: 173
Port: 2 Flag: 0 Power: 13 Position: 221 Velocity: 173
Port: 1 Flag: 0 Power: 22 Position: 222 Velocity: 182
Port: 2 Flag: 0 Power: 20 Position: 226 Velocity: 182
Port: 1 Flag: 0 Power: 22 Position: 227 Velocity: 182
Port: 2 Flag: 0 Power: 20 Position: 230 Velocity: 182
Port: 1 Flag: 0 Power: 32 Position: 231 Velocity: 172
Port: 2 Flag: 0 Power: 20 Position: 235 Velocity: 182
Port: 1 Flag: 0 Power: 29 Position: 236 Velocity: 181
Port: 2 Flag: 0 Power: 20 Position: 239 Velocity: 181
Port: 1 Flag: 0 Power: 22 Position: 240 Velocity: 181
Port: 2 Flag: 0 Power: 20 Position: 243 Velocity: 181
Port: 1 Flag: 0 Power: 22 Position: 244 Velocity: 182
Port: 2 Flag: 0 Power: 20 Position: 248 Velocity: 172
Port: 1 Flag: 0 Power: 25 Position: 249 Velocity: 181
Port: 2 Flag: 0 Power: 13 Position: 252 Velocity: 172
Port: 1 Flag: 0 Power: 29 Position: 253 Velocity: 173
Port: 2 Flag: 0 Power: 20 Position: 257 Velocity: 182
Port: 1 Flag: 0 Power: 22 Position: 258 Velocity: 182
Port: 2 Flag: 0 Power: 20 Position: 261 Velocity: 182
Port: 1 Flag: 0 Power: 32 Position: 262 Velocity: 172
Port: 2 Flag: 0 Power: 29 Position: 265 Velocity: 172
Port: 1 Flag: 0 Power: 15 Position: 267 Velocity: 182
Port: 2 Flag: 0 Power: 20 Position: 270 Velocity: 182
Port: 1 Flag: 0 Power: 22 Position: 271 Velocity: 182
Port: 2 Flag: 0 Power: 20 Position: 275 Velocity: 182
Port: 1 Flag: 0 Power: 22 Position: 276 Velocity: 182
Port: 2 Flag: 0 Power: 20 Position: 279 Velocity: 182
Port: 1 Flag: 0 Power: 13 Position: 280 Velocity: 183
Port: 2 Flag: 0 Power: 10 Position: 283 Velocity: 183
Port: 1 Flag: 0 Power: 22 Position: 284 Velocity: 183
Port: 2 Flag: 0 Power: 20 Position: 288 Velocity: 182
Port: 1 Flag: 0 Power: 22 Position: 289 Velocity: 183
Port: 2 Flag: 0 Power: 20 Position: 292 Velocity: 183
Port: 1 Flag: 0 Power: 32 Position: 293 Velocity: 173
Port: 2 Flag: 0 Power: 20 Position: 297 Velocity: 172
Port: 1 Flag: 0 Power: 29 Position: 298 Velocity: 172
Port: 2 Flag: 0 Power: 20 Position: 301 Velocity: 172
Port: 1 Flag: 0 Power: 22 Position: 302 Velocity: 182
Port: 2 Flag: 0 Power: 20 Position: 305 Velocity: 182
Port: 1 Flag: 0 Power: 25 Position: 306 Velocity: 172
Port: 2 Flag: 0 Power: 13 Position: 310 Velocity: 172
Port: 1 Flag: 0 Power: 22 Position: 311 Velocity: 182
Port: 2 Flag: 0 Power: 20 Position: 314 Velocity: 182
Port: 1 Flag: 0 Power: 22 Position: 315 Velocity: 183
Port: 2 Flag: 0 Power: 20 Position: 319 Velocity: 182
Port: 1 Flag: 0 Power: 25 Position: 320 Velocity: 173
Port: 2 Flag: 0 Power: 20 Position: 323 Velocity: 182
Port: 1 Flag: 0 Power: 6 Position: 325 Velocity: 192
Port: 2 Flag: 0 Power: 17 Position: 328 Velocity: 192
Port: 1 Flag: 0 Power: 22 Position: 329 Velocity: 182
Port: 2 Flag: 0 Power: 20 Position: 332 Velocity: 182
Port: 1 Flag: 0 Power: 22 Position: 333 Velocity: 182
Port: 2 Flag: 0 Power: 20 Position: 337 Velocity: 182
Port: 1 Flag: 0 Power: 15 Position: 338 Velocity: 183
Port: 2 Flag: 0 Power: 20 Position: 341 Velocity: 173
Port: 1 Flag: 0 Power: 22 Position: 342 Velocity: 172
Port: 2 Flag: 0 Power: 20 Position: 346 Velocity: 172
Port: 1 Flag: 0 Power: 22 Position: 346 Velocity: 182
Port: 2 Flag: 0 Power: 20 Position: 350 Velocity: 182
Port: 1 Flag: 0 Power: 25 Position: 351 Velocity: 172
Port: 2 Flag: 0 Power: 20 Position: 355 Velocity: 182
Port: 1 Flag: 0 Power: 15 Position: 355 Velocity: 180
Port: 2 Flag: 0 Power: 27 Position: 359 Velocity: 180
Port: 1 Flag: 0 Power: 22 Position: 360 Velocity: 180
Port: 2 Flag: 0 Power: 20 Position: 363 Velocity: 180
Port: 1 Flag: 0 Power: 22 Position: 364 Velocity: 181
Port: 2 Flag: 0 Power: 29 Position: 367 Velocity: 171
Port: 1 Flag: 0 Power: 25 Position: 369 Velocity: 179
Port: 2 Flag: 0 Power: 20 Position: 372 Velocity: 179
Port: 1 Flag: 0 Power: 22 Position: 373 Velocity: 181
Port: 2 Flag: 0 Power: 20 Position: 377 Velocity: 171
Port: 1 Flag: 0 Power: 22 Position: 377 Velocity: 182
Port: 2 Flag: 0 Power: 20 Position: 381 Velocity: 181
Port: 1 Flag: 0 Power: 25 Position: 382 Velocity: 172
Port: 2 Flag: 0 Power: 20 Position: 385 Velocity: 190
Port: 1 Flag: 0 Power: 25 Position: 387 Velocity: 182
Port: 2 Flag: 0 Power: 13 Position: 390 Velocity: 172
Port: 1 Flag: 0 Power: 22 Position: 391 Velocity: 182
Port: 2 Flag: 0 Power: 20 Position: 395 Velocity: 182
Port: 1 Flag: 0 Power: 22 Position: 396 Velocity: 182
Port: 2 Flag: 0 Power: 20 Position: 399 Velocity: 182
Port: 1 Flag: 0 Power: 22 Position: 400 Velocity: 192
Port: 2 Flag: 0 Power: 10 Position: 404 Velocity: 183
Port: 1 Flag: 0 Power: 22 Position: 404 Velocity: 181
Port: 2 Flag: 0 Power: 27 Position: 408 Velocity: 182
Port: 1 Flag: 0 Power: 22 Position: 409 Velocity: 181
Port: 2 Flag: 0 Power: 20 Position: 412 Velocity: 181
Port: 1 Flag: 0 Power: 32 Position: 413 Velocity: 172
Port: 2 Flag: 0 Power: 20 Position: 417 Velocity: 182
Port: 1 Flag: 0 Power: 13 Position: 418 Velocity: 181
Port: 2 Flag: 0 Power: 17 Position: 422 Velocity: 182
Port: 1 Flag: 0 Power: 22 Position: 422 Velocity: 181
Port: 2 Flag: 0 Power: 27 Position: 426 Velocity: 172
Port: 1 Flag: 0 Power: 22 Position: 427 Velocity: 183
Port: 2 Flag: 0 Power: 20 Position: 430 Velocity: 183
Port: 1 Flag: 0 Power: 32 Position: 431 Velocity: 182
Port: 2 Flag: 0 Power: 10 Position: 435 Velocity: 182
Port: 1 Flag: 0 Power: 22 Position: 436 Velocity: 173
Port: 2 Flag: 0 Power: 27 Position: 439 Velocity: 173
Port: 1 Flag: 0 Power: 22 Position: 440 Velocity: 183
Port: 2 Flag: 0 Power: 20 Position: 444 Velocity: 183
Motion complete
target rotation 223.91154112
Port: 1 Flag: 0 Power: 22 Position: 0 Velocity: 182
Port: 2 Flag: 0 Power: 10 Position: 0 Velocity: 182
Port: 1 Flag: 0 Power: -19 Position: 2 Velocity: -4114
Port: 2 Flag: 0 Power: 9 Position: 2 Velocity: -4162
Port: 1 Flag: 0 Power: -7 Position: 0 Velocity: -4181
Port: 2 Flag: 0 Power: 14 Position: 3 Velocity: -4191
Port: 1 Flag: 0 Power: -10 Position: -2 Velocity: -4229
Port: 2 Flag: 0 Power: 7 Position: 4 Velocity: -4210
Port: 1 Flag: 0 Power: -10 Position: -4 Velocity: -4316
Port: 2 Flag: 0 Power: 10 Position: 6 Velocity: -4249
Port: 1 Flag: 0 Power: -10 Position: -6 Velocity: -76
Port: 2 Flag: 0 Power: 19 Position: 8 Velocity: 47
Port: 1 Flag: 0 Power: -12 Position: -7 Velocity: -76
Port: 2 Flag: 0 Power: 12 Position: 10 Velocity: 67
Port: 1 Flag: 0 Power: -12 Position: -9 Velocity: -76
Port: 2 Flag: 0 Power: 10 Position: 12 Velocity: 76
Port: 1 Flag: 0 Power: -12 Position: -11 Velocity: -76
Port: 2 Flag: 0 Power: 10 Position: 14 Velocity: 86
Port: 1 Flag: 0 Power: -15 Position: -13 Velocity: -67
Port: 2 Flag: 0 Power: 19 Position: 16 Velocity: 77
Port: 1 Flag: 0 Power: -15 Position: -16 Velocity: -86
Port: 2 Flag: 0 Power: 12 Position: 18 Velocity: 86
Port: 1 Flag: 0 Power: -12 Position: -18 Velocity: -95
Port: 2 Flag: 0 Power: 22 Position: 20 Velocity: 76
Port: 1 Flag: 0 Power: -22 Position: -20 Velocity: -86
Port: 2 Flag: 0 Power: 5 Position: 23 Velocity: 77
Port: 1 Flag: 0 Power: -5 Position: -22 Velocity: -95
Port: 2 Flag: 0 Power: 12 Position: 25 Velocity: 95
Port: 1 Flag: 0 Power: -5 Position: -25 Velocity: -95
Port: 2 Flag: 0 Power: 3 Position: 27 Velocity: 95
Port: 1 Flag: 0 Power: -12 Position: -26 Velocity: -86
Port: 2 Flag: 0 Power: 19 Position: 29 Velocity: 85
Port: 1 Flag: 0 Power: -15 Position: -28 Velocity: -85
Port: 2 Flag: 0 Power: 19 Position: 32 Velocity: 94
Port: 1 Flag: 0 Power: -15 Position: -30 Velocity: -76
Port: 2 Flag: 0 Power: 3 Position: 34 Velocity: 95
Port: 1 Flag: 0 Power: -15 Position: -33 Velocity: -86
Port: 2 Flag: 0 Power: 19 Position: 36 Velocity: 86
Port: 1 Flag: 0 Power: -15 Position: -35 Velocity: -85
Port: 2 Flag: 0 Power: 3 Position: 39 Velocity: 104
Port: 1 Flag: 0 Power: -15 Position: -38 Velocity: -95
Port: 2 Flag: 0 Power: 19 Position: 41 Velocity: 95
Port: 1 Flag: 0 Power: -5 Position: -40 Velocity: -95
Port: 2 Flag: 0 Power: 3 Position: 43 Velocity: 95
Port: 1 Flag: 0 Power: -12 Position: -42 Velocity: -95
Port: 2 Flag: 0 Power: 10 Position: 45 Velocity: 94
Port: 1 Flag: 0 Power: -15 Position: -44 Velocity: -85
Port: 2 Flag: 0 Power: 10 Position: 47 Velocity: 95
Port: 1 Flag: 0 Power: -15 Position: -46 Velocity: -86
Port: 2 Flag: 0 Power: 10 Position: 49 Velocity: 86
Port: 1 Flag: 0 Power: -15 Position: -48 Velocity: -85
Port: 2 Flag: 0 Power: 19 Position: 52 Velocity: 85
Port: 1 Flag: 0 Power: -15 Position: -50 Velocity: -85
Port: 2 Flag: 0 Power: 12 Position: 54 Velocity: 86
Port: 1 Flag: 0 Power: -15 Position: -53 Velocity: -95
Port: 2 Flag: 0 Power: 10 Position: 57 Velocity: 96
Port: 1 Flag: 0 Power: -15 Position: -55 Velocity: -95
Port: 2 Flag: 0 Power: 3 Position: 59 Velocity: 95
Port: 1 Flag: 0 Power: -12 Position: -57 Velocity: -95
Port: 2 Flag: 0 Power: 17 Position: 61 Velocity: 85
Port: 1 Flag: 0 Power: -22 Position: -59 Velocity: -86
Port: 2 Flag: 0 Power: 10 Position: 63 Velocity: 95
Port: 1 Flag: 0 Power: -15 Position: -61 Velocity: -85
Port: 2 Flag: 0 Power: 10 Position: 65 Velocity: 85
Port: 1 Flag: 0 Power: -15 Position: -64 Velocity: -86
Port: 2 Flag: 0 Power: 12 Position: 67 Velocity: 85
Port: 1 Flag: 0 Power: -15 Position: -66 Velocity: -86
Port: 2 Flag: 0 Power: 3 Position: 70 Velocity: 96
Port: 1 Flag: 0 Power: -15 Position: -68 Velocity: -96
Port: 2 Flag: 0 Power: 19 Position: 72 Velocity: 86
Port: 1 Flag: 0 Power: -5 Position: -71 Velocity: -96
Port: 2 Flag: 0 Power: -6 Position: 74 Velocity: 96
Port: 1 Flag: 0 Power: -12 Position: -72 Velocity: -96
Port: 2 Flag: 0 Power: 10 Position: 76 Velocity: 96
Port: 1 Flag: 0 Power: -15 Position: -74 Velocity: -86
Port: 2 Flag: 0 Power: 10 Position: 78 Velocity: 86
Port: 1 Flag: 0 Power: -15 Position: -77 Velocity: -86
Port: 2 Flag: 0 Power: 10 Position: 81 Velocity: 86
Port: 1 Flag: 0 Power: -15 Position: -79 Velocity: -86
Port: 2 Flag: 0 Power: 19 Position: 83 Velocity: 76
Port: 1 Flag: 0 Power: -15 Position: -82 Velocity: -86
Port: 2 Flag: 0 Power: 12 Position: 85 Velocity: 86
Port: 1 Flag: 0 Power: -15 Position: -84 Velocity: -96
Port: 2 Flag: 0 Power: 3 Position: 87 Velocity: 96
Port: 1 Flag: 0 Power: -5 Position: -86 Velocity: -96
Port: 2 Flag: 0 Power: 10 Position: 90 Velocity: 86
Port: 1 Flag: 0 Power: -12 Position: -88 Velocity: -96
Port: 2 Flag: 0 Power: 10 Position: 92 Velocity: 96
Port: 1 Flag: 0 Power: -12 Position: -90 Velocity: -96
Port: 2 Flag: 0 Power: 10 Position: 94 Velocity: 96
Port: 1 Flag: 0 Power: -15 Position: -92 Velocity: -86
Port: 2 Flag: 0 Power: 10 Position: 96 Velocity: 86
Port: 1 Flag: 0 Power: -15 Position: -94 Velocity: -86
Port: 2 Flag: 0 Power: 19 Position: 98 Velocity: 86
Port: 1 Flag: 0 Power: -15 Position: -97 Velocity: -86
Port: 2 Flag: 0 Power: 12 Position: 100 Velocity: 86
Port: 1 Flag: 0 Power: -15 Position: -99 Velocity: -85
Port: 2 Flag: 0 Power: 3 Position: 103 Velocity: 85
Port: 1 Flag: 0 Power: -5 Position: -101 Velocity: -95
Port: 2 Flag: 0 Power: 3 Position: 105 Velocity: 85
Port: 1 Flag: 0 Power: -12 Position: -103 Velocity: -95
Port: 2 Flag: 0 Power: 10 Position: 107 Velocity: 85
Port: 1 Flag: 0 Power: -22 Position: -105 Velocity: -85
Port: 2 Flag: 0 Power: 10 Position: 109 Velocity: 95
Port: 1 Flag: 0 Power: -5 Position: -108 Velocity: -95
Port: 2 Flag: 0 Power: 10 Position: 111 Velocity: 95
Port: 1 Flag: 0 Power: -15 Position: -110 Velocity: -86
Port: 2 Flag: 0 Power: 19 Position: 113 Velocity: 86
Port: 1 Flag: 0 Power: -15 Position: -112 Velocity: -86
Port: 2 Flag: 0 Power: 12 Position: 115 Velocity: 86
Port: 1 Flag: 0 Power: -15 Position: -115 Velocity: -95
Port: 2 Flag: 0 Power: 12 Position: 118 Velocity: 86
Port: 1 Flag: 0 Power: -5 Position: -117 Velocity: -96
Port: 2 Flag: 0 Power: 3 Position: 120 Velocity: 86
Port: 1 Flag: 0 Power: -12 Position: -119 Velocity: -95
Port: 2 Flag: 0 Power: 10 Position: 122 Velocity: 95
Port: 1 Flag: 0 Power: -22 Position: -120 Velocity: -85
Port: 2 Flag: 0 Power: 10 Position: 124 Velocity: 95
Port: 1 Flag: 0 Power: -15 Position: -123 Velocity: -86
Port: 2 Flag: 0 Power: 12 Position: 126 Velocity: 86
Port: 1 Flag: 0 Power: -15 Position: -125 Velocity: -85
Port: 2 Flag: 0 Power: 12 Position: 128 Velocity: 85
Port: 1 Flag: 0 Power: -15 Position: -128 Velocity: -85
Port: 2 Flag: 0 Power: 12 Position: 131 Velocity: 85
Port: 1 Flag: 0 Power: -5 Position: -130 Velocity: -96
Port: 2 Flag: 0 Power: 12 Position: 133 Velocity: 86
Port: 1 Flag: 0 Power: -15 Position: -132 Velocity: -95
Port: 2 Flag: 0 Power: 3 Position: 135 Velocity: 95
Port: 1 Flag: 0 Power: -19 Position: -134 Velocity: -95
Port: 2 Flag: 0 Power: 10 Position: 137 Velocity: 95
Port: 1 Flag: 0 Power: -12 Position: -136 Velocity: -95
Port: 2 Flag: 0 Power: 19 Position: 139 Velocity: 86
Port: 1 Flag: 0 Power: -5 Position: -138 Velocity: -76
Port: 2 Flag: 0 Power: 12 Position: 141 Velocity: 85
Port: 1 Flag: 0 Power: -15 Position: -141 Velocity: -86
Port: 2 Flag: 0 Power: 12 Position: 143 Velocity: 85
Port: 1 Flag: 0 Power: -22 Position: -143 Velocity: -77
Port: 2 Flag: 0 Power: 12 Position: 146 Velocity: 86
Port: 1 Flag: 0 Power: -22 Position: -146 Velocity: -95
Port: 2 Flag: 0 Power: 12 Position: 148 Velocity: 95
Port: 1 Flag: 0 Power: -15 Position: -148 Velocity: -85
Port: 2 Flag: 0 Power: 12 Position: 150 Velocity: 95
Port: 1 Flag: 0 Power: -3 Position: -150 Velocity: -104
Port: 2 Flag: 0 Power: 19 Position: 152 Velocity: 86
Port: 1 Flag: 0 Power: -12 Position: -152 Velocity: -94
Port: 2 Flag: 0 Power: 12 Position: 154 Velocity: 85
Port: 1 Flag: 0 Power: -12 Position: -154 Velocity: -95
Port: 2 Flag: 0 Power: 12 Position: 157 Velocity: 85
Port: 1 Flag: 0 Power: -12 Position: -156 Velocity: -95
Port: 2 Flag: 0 Power: 12 Position: 159 Velocity: 85
Port: 1 Flag: 0 Power: -15 Position: -159 Velocity: -85
Port: 2 Flag: 0 Power: 12 Position: 161 Velocity: 95
Port: 1 Flag: 0 Power: -22 Position: -161 Velocity: -85
Port: 2 Flag: 0 Power: 12 Position: 163 Velocity: 95
Port: 1 Flag: 0 Power: -22 Position: -163 Velocity: -86
Port: 2 Flag: 0 Power: 12 Position: 166 Velocity: 96
Port: 1 Flag: 0 Power: -12 Position: -165 Velocity: -85
Port: 2 Flag: 0 Power: 10 Position: 168 Velocity: 95
Port: 1 Flag: 0 Power: -12 Position: -168 Velocity: -94
Port: 2 Flag: 0 Power: 12 Position: 170 Velocity: 85
Port: 1 Flag: 0 Power: -12 Position: -170 Velocity: -86
Port: 2 Flag: 0 Power: 12 Position: 172 Velocity: 86
Port: 1 Flag: 0 Power: -12 Position: -172 Velocity: -95
Port: 2 Flag: 0 Power: 12 Position: 174 Velocity: 85
Port: 1 Flag: 0 Power: -15 Position: -174 Velocity: -85
Port: 2 Flag: 0 Power: 12 Position: 176 Velocity: 85
Port: 1 Flag: 0 Power: -12 Position: -176 Velocity: -96
Port: 2 Flag: 0 Power: 12 Position: 179 Velocity: 96
Port: 1 Flag: 0 Power: -22 Position: -178 Velocity: -86
Port: 2 Flag: 0 Power: 12 Position: 181 Velocity: 95
Port: 1 Flag: 0 Power: -3 Position: -181 Velocity: -95
Port: 2 Flag: 0 Power: 3 Position: 183 Velocity: 85
Port: 1 Flag: 0 Power: -19 Position: -183 Velocity: -96
Port: 2 Flag: 0 Power: 12 Position: 185 Velocity: 86
Port: 1 Flag: 0 Power: -12 Position: -185 Velocity: -85
Port: 2 Flag: 0 Power: 12 Position: 187 Velocity: 85
Port: 1 Flag: 0 Power: -12 Position: -187 Velocity: -86
Port: 2 Flag: 0 Power: 12 Position: 189 Velocity: 85
Port: 1 Flag: 0 Power: -22 Position: -189 Velocity: -76
Port: 2 Flag: 0 Power: 12 Position: 191 Velocity: 95
Port: 1 Flag: 0 Power: -12 Position: -192 Velocity: -95
Port: 2 Flag: 0 Power: 12 Position: 194 Velocity: 95
Port: 1 Flag: 0 Power: -5 Position: -194 Velocity: -95
Port: 2 Flag: 0 Power: 22 Position: 196 Velocity: 86
Port: 1 Flag: 0 Power: -5 Position: -196 Velocity: -95
Port: 2 Flag: 0 Power: 12 Position: 199 Velocity: 96
Port: 1 Flag: 0 Power: -10 Position: -198 Velocity: -95
Port: 2 Flag: 0 Power: 12 Position: 201 Velocity: 85
Port: 1 Flag: 0 Power: -12 Position: -200 Velocity: -86
Port: 2 Flag: 0 Power: 12 Position: 203 Velocity: 85
Port: 1 Flag: 0 Power: -12 Position: -202 Velocity: -96
Port: 2 Flag: 0 Power: 12 Position: 205 Velocity: 86
Port: 1 Flag: 0 Power: -12 Position: -205 Velocity: -76
Port: 2 Flag: 0 Power: 12 Position: 207 Velocity: 85
Port: 1 Flag: 0 Power: -22 Position: -207 Velocity: -76
Port: 2 Flag: 0 Power: 12 Position: 209 Velocity: 95
Port: 1 Flag: 0 Power: -15 Position: -209 Velocity: -86
Port: 2 Flag: 0 Power: 12 Position: 211 Velocity: 96
Port: 1 Flag: 0 Power: -15 Position: -212 Velocity: -95
Port: 2 Flag: 0 Power: 22 Position: 214 Velocity: 86
Port: 1 Flag: 0 Power: -3 Position: -214 Velocity: -95
Port: 2 Flag: 0 Power: 3 Position: 216 Velocity: 95
Port: 1 Flag: 0 Power: -12 Position: -216 Velocity: -85
Port: 2 Flag: 0 Power: 19 Position: 218 Velocity: 86
Port: 1 Flag: 0 Power: -12 Position: -218 Velocity: -94
Port: 2 Flag: 0 Power: 12 Position: 220 Velocity: 85
Port: 1 Flag: 0 Power: -12 Position: -220 Velocity: -95
Port: 2 Flag: 0 Power: 12 Position: 222 Velocity: 86
Port: 1 Flag: 0 Power: -5 Position: -222 Velocity: -86
Port: 2 Flag: 0 Power: 12 Position: 224 Velocity: 86
Rotation complete
target degree rotation 437.066666667
Port: 1 Flag: 0 Power: -22 Position: -1 Velocity: -86
Port: 2 Flag: 0 Power: 15 Position: 1 Velocity: 85
Port: 1 Flag: 0 Power: 21 Position: -2 Velocity: 2079
Port: 2 Flag: 0 Power: 21 Position: 3 Velocity: -2099
Port: 1 Flag: 0 Power: 19 Position: 1 Velocity: 2137
Port: 2 Flag: 0 Power: 15 Position: 5 Velocity: -2099
Port: 1 Flag: 0 Power: 17 Position: 5 Velocity: 2185
Port: 2 Flag: 0 Power: 27 Position: 8 Velocity: -2099
Port: 1 Flag: 0 Power: 24 Position: 8 Velocity: 2233
Port: 2 Flag: 0 Power: 17 Position: 12 Velocity: -2070
Port: 1 Flag: 0 Power: 20 Position: 12 Velocity: 133
Port: 2 Flag: 0 Power: 29 Position: 16 Velocity: 124
Port: 1 Flag: 0 Power: 22 Position: 16 Velocity: 143
Port: 2 Flag: 0 Power: 22 Position: 21 Velocity: 153
Port: 1 Flag: 0 Power: 22 Position: 20 Velocity: 162
Port: 2 Flag: 0 Power: 22 Position: 26 Velocity: 182
Port: 1 Flag: 0 Power: 22 Position: 25 Velocity: 162
Port: 2 Flag: 0 Power: 27 Position: 30 Velocity: 172
Port: 1 Flag: 0 Power: 13 Position: 30 Velocity: 182
Port: 2 Flag: 0 Power: 20 Position: 35 Velocity: 182
Port: 1 Flag: 0 Power: 29 Position: 34 Velocity: 183
Port: 2 Flag: 0 Power: 1 Position: 40 Velocity: 192
Port: 1 Flag: 0 Power: 27 Position: 39 Velocity: 182
Port: 2 Flag: 0 Power: 17 Position: 44 Velocity: 192
Port: 1 Flag: 0 Power: 20 Position: 43 Velocity: 192
Port: 2 Flag: 0 Power: 17 Position: 48 Velocity: 183
Port: 1 Flag: 0 Power: 20 Position: 48 Velocity: 182
Port: 2 Flag: 0 Power: 20 Position: 53 Velocity: 182
Port: 1 Flag: 0 Power: 13 Position: 52 Velocity: 181
Port: 2 Flag: 0 Power: 1 Position: 58 Velocity: 191
Port: 1 Flag: 0 Power: 20 Position: 57 Velocity: 182
Port: 2 Flag: 0 Power: 17 Position: 62 Velocity: 181
Port: 1 Flag: 0 Power: 20 Position: 61 Velocity: 181
Port: 2 Flag: 0 Power: 17 Position: 66 Velocity: 181
Port: 1 Flag: 0 Power: 29 Position: 66 Velocity: 172
Port: 2 Flag: 0 Power: 20 Position: 71 Velocity: 182
Port: 1 Flag: 0 Power: 20 Position: 70 Velocity: 182
Port: 2 Flag: 0 Power: 17 Position: 75 Velocity: 172
Port: 1 Flag: 0 Power: 20 Position: 75 Velocity: 181
Port: 2 Flag: 0 Power: 17 Position: 79 Velocity: 181
Port: 1 Flag: 0 Power: 20 Position: 79 Velocity: 182
Port: 2 Flag: 0 Power: 20 Position: 84 Velocity: 172
Port: 1 Flag: 0 Power: 10 Position: 83 Velocity: 181
Port: 2 Flag: 0 Power: 17 Position: 88 Velocity: 181
Port: 1 Flag: 0 Power: 29 Position: 87 Velocity: 172
Port: 2 Flag: 0 Power: 27 Position: 92 Velocity: 171
Port: 1 Flag: 0 Power: 22 Position: 91 Velocity: 172
Port: 2 Flag: 0 Power: 20 Position: 96 Velocity: 172
Port: 1 Flag: 0 Power: 25 Position: 95 Velocity: 162
Port: 2 Flag: 0 Power: 22 Position: 101 Velocity: 171
Port: 1 Flag: 0 Power: 22 Position: 100 Velocity: 162
Port: 2 Flag: 0 Power: 20 Position: 105 Velocity: 171
Port: 1 Flag: 0 Power: 22 Position: 104 Velocity: 173
Port: 2 Flag: 0 Power: 20 Position: 110 Velocity: 182
Port: 1 Flag: 0 Power: 25 Position: 109 Velocity: 172
Port: 2 Flag: 0 Power: 20 Position: 114 Velocity: 182
Port: 1 Flag: 0 Power: 13 Position: 114 Velocity: 192
Port: 2 Flag: 0 Power: 20 Position: 119 Velocity: 182
Port: 1 Flag: 0 Power: 22 Position: 118 Velocity: 182
Port: 2 Flag: 0 Power: 20 Position: 124 Velocity: 181
Port: 1 Flag: 0 Power: 22 Position: 123 Velocity: 182
Port: 2 Flag: 0 Power: 20 Position: 128 Velocity: 182
Port: 1 Flag: 0 Power: 22 Position: 128 Velocity: 192
Port: 2 Flag: 0 Power: 20 Position: 133 Velocity: 182
Port: 1 Flag: 0 Power: 20 Position: 132 Velocity: 182
Port: 2 Flag: 0 Power: 27 Position: 137 Velocity: 182
Port: 1 Flag: 0 Power: 22 Position: 136 Velocity: 182
Port: 2 Flag: 0 Power: 20 Position: 141 Velocity: 182
Port: 1 Flag: 0 Power: 32 Position: 140 Velocity: 173
Port: 2 Flag: 0 Power: 29 Position: 145 Velocity: 173
Port: 1 Flag: 0 Power: 22 Position: 145 Velocity: 173
Port: 2 Flag: 0 Power: 20 Position: 150 Velocity: 173
Port: 1 Flag: 0 Power: 22 Position: 150 Velocity: 173
Port: 2 Flag: 0 Power: 20 Position: 154 Velocity: 173
Port: 1 Flag: 0 Power: 22 Position: 154 Velocity: 183
Port: 2 Flag: 0 Power: 20 Position: 159 Velocity: 173
Port: 1 Flag: 0 Power: 29 Position: 161 Velocity: 182
Port: 2 Flag: 0 Power: 20 Position: 166 Velocity: 183
Port: 1 Flag: 0 Power: 22 Position: 165 Velocity: 182
Port: 2 Flag: 0 Power: 29 Position: 170 Velocity: 173
Port: 1 Flag: 0 Power: 32 Position: 170 Velocity: 173
Port: 2 Flag: 0 Power: 22 Position: 175 Velocity: 173
Port: 1 Flag: 0 Power: 22 Position: 174 Velocity: 173
Port: 2 Flag: 0 Power: 20 Position: 180 Velocity: 183
Port: 1 Flag: 0 Power: 22 Position: 179 Velocity: 182
Port: 2 Flag: 0 Power: 20 Position: 184 Velocity: 182
Port: 1 Flag: 0 Power: 22 Position: 184 Velocity: 183
Port: 2 Flag: 0 Power: 20 Position: 189 Velocity: 183
Port: 1 Flag: 0 Power: 20 Position: 188 Velocity: 191
Port: 2 Flag: 0 Power: 20 Position: 193 Velocity: 181
Port: 1 Flag: 0 Power: 22 Position: 192 Velocity: 181
Port: 2 Flag: 0 Power: 20 Position: 197 Velocity: 181
Port: 1 Flag: 0 Power: 22 Position: 197 Velocity: 182
Port: 2 Flag: 0 Power: 20 Position: 202 Velocity: 182
Port: 1 Flag: 0 Power: 13 Position: 201 Velocity: 182
Port: 2 Flag: 0 Power: 20 Position: 206 Velocity: 172
Port: 1 Flag: 0 Power: 29 Position: 206 Velocity: 173
Port: 2 Flag: 0 Power: 20 Position: 211 Velocity: 183
Port: 1 Flag: 0 Power: 22 Position: 210 Velocity: 183
Port: 2 Flag: 0 Power: 20 Position: 215 Velocity: 183
Port: 1 Flag: 0 Power: 13 Position: 215 Velocity: 182
Port: 2 Flag: 0 Power: 20 Position: 219 Velocity: 173
Port: 1 Flag: 0 Power: 20 Position: 219 Velocity: 183
Port: 2 Flag: 0 Power: 20 Position: 224 Velocity: 173
Port: 1 Flag: 0 Power: 22 Position: 224 Velocity: 181
Port: 2 Flag: 0 Power: 20 Position: 228 Velocity: 181
Port: 1 Flag: 0 Power: 22 Position: 228 Velocity: 181
Port: 2 Flag: 0 Power: 29 Position: 233 Velocity: 171
Port: 1 Flag: 0 Power: 13 Position: 233 Velocity: 182
Port: 2 Flag: 0 Power: 13 Position: 237 Velocity: 181
Port: 1 Flag: 0 Power: 29 Position: 237 Velocity: 171
Port: 2 Flag: 0 Power: 20 Position: 242 Velocity: 181
Port: 1 Flag: 0 Power: 22 Position: 242 Velocity: 182
Port: 2 Flag: 0 Power: 20 Position: 246 Velocity: 172
Port: 1 Flag: 0 Power: 22 Position: 246 Velocity: 181
Port: 2 Flag: 0 Power: 22 Position: 251 Velocity: 181
Port: 1 Flag: 0 Power: 20 Position: 251 Velocity: 181
Port: 2 Flag: 0 Power: 20 Position: 255 Velocity: 181
Port: 1 Flag: 0 Power: 20 Position: 255 Velocity: 182
Port: 2 Flag: 0 Power: 20 Position: 260 Velocity: 182
Port: 1 Flag: 0 Power: 22 Position: 259 Velocity: 181
Port: 2 Flag: 0 Power: 22 Position: 264 Velocity: 181
Port: 1 Flag: 0 Power: 13 Position: 264 Velocity: 181
Port: 2 Flag: 0 Power: 3 Position: 269 Velocity: 190
Port: 1 Flag: 0 Power: 20 Position: 268 Velocity: 182
Port: 2 Flag: 0 Power: 20 Position: 273 Velocity: 181
Port: 1 Flag: 0 Power: 22 Position: 273 Velocity: 172
Port: 2 Flag: 0 Power: 20 Position: 277 Velocity: 181
Port: 1 Flag: 0 Power: 22 Position: 277 Velocity: 182
Port: 2 Flag: 0 Power: 22 Position: 282 Velocity: 181
Port: 1 Flag: 0 Power: 20 Position: 281 Velocity: 182
Port: 2 Flag: 0 Power: 20 Position: 286 Velocity: 171
Port: 1 Flag: 0 Power: 22 Position: 286 Velocity: 172
Port: 2 Flag: 0 Power: 29 Position: 290 Velocity: 171
Port: 1 Flag: 0 Power: 22 Position: 290 Velocity: 182
Port: 2 Flag: 0 Power: 22 Position: 295 Velocity: 172
Port: 1 Flag: 0 Power: 22 Position: 294 Velocity: 172
Port: 2 Flag: 0 Power: 20 Position: 300 Velocity: 181
Port: 1 Flag: 0 Power: 22 Position: 299 Velocity: 172
Port: 2 Flag: 0 Power: 20 Position: 304 Velocity: 181
Port: 1 Flag: 0 Power: 22 Position: 303 Velocity: 182
Port: 2 Flag: 0 Power: 29 Position: 308 Velocity: 173
Port: 1 Flag: 0 Power: 22 Position: 308 Velocity: 182
Port: 2 Flag: 0 Power: 22 Position: 313 Velocity: 182
Port: 1 Flag: 0 Power: 22 Position: 312 Velocity: 182
Port: 2 Flag: 0 Power: 20 Position: 317 Velocity: 182
Port: 1 Flag: 0 Power: 22 Position: 317 Velocity: 182
Port: 2 Flag: 0 Power: 29 Position: 322 Velocity: 173
Port: 1 Flag: 0 Power: 22 Position: 321 Velocity: 182
Port: 2 Flag: 0 Power: 22 Position: 326 Velocity: 182
Port: 1 Flag: 0 Power: 29 Position: 326 Velocity: 173
Port: 2 Flag: 0 Power: 20 Position: 331 Velocity: 183
Port: 1 Flag: 0 Power: 22 Position: 330 Velocity: 181
Port: 2 Flag: 0 Power: 20 Position: 335 Velocity: 181
Port: 1 Flag: 0 Power: 22 Position: 335 Velocity: 181
Port: 2 Flag: 0 Power: 20 Position: 339 Velocity: 172
Port: 1 Flag: 0 Power: 22 Position: 339 Velocity: 182
Port: 2 Flag: 0 Power: 22 Position: 344 Velocity: 182
Port: 1 Flag: 0 Power: 20 Position: 344 Velocity: 180
Port: 2 Flag: 0 Power: 20 Position: 349 Velocity: 180
Port: 1 Flag: 0 Power: 22 Position: 348 Velocity: 180
Port: 2 Flag: 0 Power: 20 Position: 353 Velocity: 180
Port: 1 Flag: 0 Power: 22 Position: 352 Velocity: 182
Port: 2 Flag: 0 Power: 29 Position: 357 Velocity: 171
Port: 1 Flag: 0 Power: 15 Position: 357 Velocity: 172
Port: 2 Flag: 0 Power: 20 Position: 362 Velocity: 180
Port: 1 Flag: 0 Power: 22 Position: 361 Velocity: 172
Port: 2 Flag: 0 Power: 20 Position: 367 Velocity: 181
Port: 1 Flag: 0 Power: 22 Position: 366 Velocity: 183
Port: 2 Flag: 0 Power: 20 Position: 371 Velocity: 181
Port: 1 Flag: 0 Power: 22 Position: 370 Velocity: 181
Port: 2 Flag: 0 Power: 20 Position: 375 Velocity: 191
Port: 1 Flag: 0 Power: 29 Position: 374 Velocity: 182
Port: 2 Flag: 0 Power: 27 Position: 380 Velocity: 182
Port: 1 Flag: 0 Power: 22 Position: 379 Velocity: 182
Port: 2 Flag: 0 Power: 20 Position: 384 Velocity: 181
Port: 1 Flag: 0 Power: 32 Position: 383 Velocity: 171
Port: 2 Flag: 0 Power: 20 Position: 389 Velocity: 181
Port: 1 Flag: 0 Power: 15 Position: 388 Velocity: 172
Port: 2 Flag: 0 Power: 10 Position: 393 Velocity: 182
Port: 1 Flag: 0 Power: 22 Position: 392 Velocity: 182
Port: 2 Flag: 0 Power: 20 Position: 398 Velocity: 182
Port: 1 Flag: 0 Power: 22 Position: 397 Velocity: 182
Port: 2 Flag: 0 Power: 20 Position: 402 Velocity: 182
Port: 1 Flag: 0 Power: 22 Position: 401 Velocity: 192
Port: 2 Flag: 0 Power: 20 Position: 406 Velocity: 173
Port: 1 Flag: 0 Power: 22 Position: 406 Velocity: 182
Port: 2 Flag: 0 Power: 20 Position: 411 Velocity: 173
Port: 1 Flag: 0 Power: 22 Position: 410 Velocity: 182
Port: 2 Flag: 0 Power: 20 Position: 415 Velocity: 182
Port: 1 Flag: 0 Power: 22 Position: 415 Velocity: 182
Port: 2 Flag: 0 Power: 29 Position: 420 Velocity: 172
Port: 1 Flag: 0 Power: 29 Position: 419 Velocity: 172
Port: 2 Flag: 0 Power: 20 Position: 424 Velocity: 172
Port: 1 Flag: 0 Power: 22 Position: 423 Velocity: 182
Port: 2 Flag: 0 Power: 20 Position: 429 Velocity: 182
Port: 1 Flag: 0 Power: 22 Position: 428 Velocity: 181
Port: 2 Flag: 0 Power: 20 Position: 433 Velocity: 181
Port: 1 Flag: 0 Power: 13 Position: 432 Velocity: 181
Port: 2 Flag: 0 Power: 13 Position: 438 Velocity: 181
Port: 1 Flag: 0 Power: 29 Position: 437 Velocity: 172
Port: 2 Flag: 0 Power: 27 Position: 442 Velocity: 182
Motion complete
target rotation 223.91154112
Port: 1 Flag: 0 Power: -53 Position: 1 Velocity: -3996
Port: 2 Flag: 0 Power: 20 Position: 1 Velocity: 181
Port: 1 Flag: 0 Power: 0 Position: 1 Velocity: -4025
Port: 2 Flag: 0 Power: 0 Position: 3 Velocity: -4128
Port: 1 Flag: 0 Power: -14 Position: 1 Velocity: -4082
Port: 2 Flag: 0 Power: 14 Position: 3 Velocity: -4176
Port: 1 Flag: 0 Power: -7 Position: -1 Velocity: -4130
Port: 2 Flag: 0 Power: 7 Position: 5 Velocity: -4195
Port: 1 Flag: 0 Power: -10 Position: -3 Velocity: -4178
Port: 2 Flag: 0 Power: 10 Position: 7 Velocity: -4224
Port: 1 Flag: 0 Power: -19 Position: -4 Velocity: -47
Port: 2 Flag: 0 Power: 19 Position: 9 Velocity: 47
Port: 1 Flag: 0 Power: -12 Position: -6 Velocity: -67
Port: 2 Flag: 0 Power: 12 Position: 11 Velocity: 67
Port: 1 Flag: 0 Power: -22 Position: -8 Velocity: -67
Port: 2 Flag: 0 Power: 3 Position: 13 Velocity: 76
Port: 1 Flag: 0 Power: -5 Position: -11 Velocity: -76
Port: 2 Flag: 0 Power: 10 Position: 15 Velocity: 85
Port: 1 Flag: 0 Power: -12 Position: -13 Velocity: -76
Port: 2 Flag: 0 Power: 10 Position: 17 Velocity: 86
Port: 1 Flag: 0 Power: -12 Position: -15 Velocity: -86
Port: 2 Flag: 0 Power: 10 Position: 19 Velocity: 95
Port: 1 Flag: 0 Power: -12 Position: -17 Velocity: -95
Port: 2 Flag: 0 Power: 12 Position: 21 Velocity: 85
Port: 1 Flag: 0 Power: -5 Position: -19 Velocity: -95
Port: 2 Flag: 0 Power: 12 Position: 23 Velocity: 86
Port: 1 Flag: 0 Power: -15 Position: -21 Velocity: -86
Port: 2 Flag: 0 Power: 12 Position: 25 Velocity: 86
Port: 1 Flag: 0 Power: -5 Position: -24 Velocity: -85
Port: 2 Flag: 0 Power: 12 Position: 28 Velocity: 85
Port: 1 Flag: 0 Power: -22 Position: -26 Velocity: -86
Port: 2 Flag: 0 Power: 10 Position: 30 Velocity: 95
Port: 1 Flag: 0 Power: -12 Position: -28 Velocity: -96
Port: 2 Flag: 0 Power: 10 Position: 33 Velocity: 95
Port: 1 Flag: 0 Power: -12 Position: -29 Velocity: -86
Port: 2 Flag: 0 Power: 10 Position: 35 Velocity: 94
Port: 1 Flag: 0 Power: -15 Position: -32 Velocity: -76
Port: 2 Flag: 0 Power: 10 Position: 37 Velocity: 95
Port: 1 Flag: 0 Power: -15 Position: -34 Velocity: -76
Port: 2 Flag: 0 Power: 3 Position: 39 Velocity: 95
Port: 1 Flag: 0 Power: -22 Position: -36 Velocity: -85
Port: 2 Flag: 0 Power: 12 Position: 42 Velocity: 85
Port: 1 Flag: 0 Power: -5 Position: -39 Velocity: -95
Port: 2 Flag: 0 Power: 19 Position: 44 Velocity: 85
Port: 1 Flag: 0 Power: -5 Position: -41 Velocity: -105
Port: 2 Flag: 0 Power: 12 Position: 47 Velocity: 86
Port: 1 Flag: 0 Power: -5 Position: -43 Velocity: -95
Port: 2 Flag: 0 Power: 17 Position: 48 Velocity: 86
Port: 1 Flag: 0 Power: -12 Position: -45 Velocity: -95
Port: 2 Flag: 0 Power: 10 Position: 51 Velocity: 95
Port: 1 Flag: 0 Power: -22 Position: -47 Velocity: -86
Port: 2 Flag: 0 Power: 10 Position: 53 Velocity: 86
Port: 1 Flag: 0 Power: -15 Position: -49 Velocity: -76
Port: 2 Flag: 0 Power: 10 Position: 55 Velocity: 95
Port: 1 Flag: 0 Power: -15 Position: -52 Velocity: -85
Port: 2 Flag: 0 Power: 19 Position: 57 Velocity: 76
Port: 1 Flag: 0 Power: -15 Position: -54 Velocity: -86
Port: 2 Flag: 0 Power: 3 Position: 59 Velocity: 86
Port: 1 Flag: 0 Power: -15 Position: -57 Velocity: -104
Port: 2 Flag: 0 Power: -6 Position: 62 Velocity: 95
Port: 1 Flag: 0 Power: 4 Position: -59 Velocity: -95
Port: 2 Flag: 0 Power: 17 Position: 64 Velocity: 85
Port: 1 Flag: 0 Power: -12 Position: -61 Velocity: -95
Port: 2 Flag: 0 Power: 10 Position: 66 Velocity: 86
Port: 1 Flag: 0 Power: -22 Position: -63 Velocity: -85
Port: 2 Flag: 0 Power: 10 Position: 68 Velocity: 95
Port: 1 Flag: 0 Power: -15 Position: -65 Velocity: -85
Port: 2 Flag: 0 Power: 19 Position: 70 Velocity: 85
Port: 1 Flag: 0 Power: -15 Position: -67 Velocity: -86
Port: 2 Flag: 0 Power: 12 Position: 72 Velocity: 76
Port: 1 Flag: 0 Power: -15 Position: -69 Velocity: -85
Port: 2 Flag: 0 Power: 12 Position: 75 Velocity: 85
Port: 1 Flag: 0 Power: -15 Position: -72 Velocity: -95
Port: 2 Flag: 0 Power: 10 Position: 77 Velocity: 94
Port: 1 Flag: 0 Power: -15 Position: -74 Velocity: -95
Port: 2 Flag: 0 Power: 17 Position: 79 Velocity: 85
Port: 1 Flag: 0 Power: -12 Position: -76 Velocity: -94
Port: 2 Flag: 0 Power: 10 Position: 81 Velocity: 94
Port: 1 Flag: 0 Power: -12 Position: -78 Velocity: -95
Port: 2 Flag: 0 Power: 10 Position: 83 Velocity: 95
Port: 1 Flag: 0 Power: -15 Position: -80 Velocity: -86
Port: 2 Flag: 0 Power: 10 Position: 86 Velocity: 85
Port: 1 Flag: 0 Power: -15 Position: -83 Velocity: -95
Port: 2 Flag: 0 Power: 19 Position: 88 Velocity: 85
Port: 1 Flag: 0 Power: -15 Position: -85 Velocity: -85
Port: 2 Flag: 0 Power: 3 Position: 90 Velocity: 95
Port: 1 Flag: 0 Power: -15 Position: -87 Velocity: -86
Port: 2 Flag: 0 Power: 19 Position: 92 Velocity: 87
Port: 1 Flag: 0 Power: -5 Position: -89 Velocity: -95
Port: 2 Flag: 0 Power: 7 Position: 95 Velocity: 96
Port: 1 Flag: 0 Power: -12 Position: -91 Velocity: -95
Port: 2 Flag: 0 Power: 10 Position: 96 Velocity: 86
Port: 1 Flag: 0 Power: -12 Position: -93 Velocity: -96
Port: 2 Flag: 0 Power: 10 Position: 99 Velocity: 96
Port: 1 Flag: 0 Power: -15 Position: -95 Velocity: -86
Port: 2 Flag: 0 Power: 10 Position: 101 Velocity: 95
Port: 1 Flag: 0 Power: -22 Position: -98 Velocity: -76
Port: 2 Flag: 0 Power: 12 Position: 103 Velocity: 76
Port: 1 Flag: 0 Power: -15 Position: -100 Velocity: -86
Port: 2 Flag: 0 Power: 12 Position: 105 Velocity: 86
Port: 1 Flag: 0 Power: -15 Position: -102 Velocity: -85
Port: 2 Flag: 0 Power: 19 Position: 108 Velocity: 86
Port: 1 Flag: 0 Power: -5 Position: -105 Velocity: -105
Port: 2 Flag: 0 Power: 3 Position: 110 Velocity: 86
Port: 1 Flag: 0 Power: -12 Position: -107 Velocity: -86
Port: 2 Flag: 0 Power: 10 Position: 112 Velocity: 96
Port: 1 Flag: 0 Power: -12 Position: -109 Velocity: -95
Port: 2 Flag: 0 Power: 10 Position: 114 Velocity: 95
Port: 1 Flag: 0 Power: -15 Position: -111 Velocity: -86
Port: 2 Flag: 0 Power: 10 Position: 116 Velocity: 86
Port: 1 Flag: 0 Power: -15 Position: -113 Velocity: -86
Port: 2 Flag: 0 Power: 10 Position: 118 Velocity: 95
Port: 1 Flag: 0 Power: -22 Position: -115 Velocity: -85
Port: 2 Flag: 0 Power: 12 Position: 121 Velocity: 86
Port: 1 Flag: 0 Power: -15 Position: -118 Velocity: -86
Port: 2 Flag: 0 Power: 12 Position: 123 Velocity: 86
Port: 1 Flag: 0 Power: -15 Position: -121 Velocity: -96
Port: 2 Flag: 0 Power: -6 Position: 125 Velocity: 86
Port: 1 Flag: 0 Power: -10 Position: -123 Velocity: -105
Port: 2 Flag: 0 Power: 10 Position: 127 Velocity: 86
Port: 1 Flag: 0 Power: -12 Position: -124 Velocity: -86
Port: 2 Flag: 0 Power: 10 Position: 129 Velocity: 96
Port: 1 Flag: 0 Power: -22 Position: -126 Velocity: -86
Port: 2 Flag: 0 Power: 12 Position: 132 Velocity: 86
Port: 1 Flag: 0 Power: -5 Position: -129 Velocity: -86
Port: 2 Flag: 0 Power: 12 Position: 134 Velocity: 77
Port: 1 Flag: 0 Power: -15 Position: -131 Velocity: -77
Port: 2 Flag: 0 Power: 12 Position: 136 Velocity: 87
Port: 1 Flag: 0 Power: -5 Position: -133 Velocity: -86
Port: 2 Flag: 0 Power: 3 Position: 139 Velocity: 86
Port: 1 Flag: 0 Power: -12 Position: -136 Velocity: -96
Port: 2 Flag: 0 Power: 10 Position: 141 Velocity: 96
Port: 1 Flag: 0 Power: -12 Position: -138 Velocity: -96
Port: 2 Flag: 0 Power: 10 Position: 143 Velocity: 96
Port: 1 Flag: 0 Power: -12 Position: -140 Velocity: -96
Port: 2 Flag: 0 Power: 10 Position: 145 Velocity: 96
Port: 1 Flag: 0 Power: -22 Position: -142 Velocity: -76
Port: 2 Flag: 0 Power: 12 Position: 147 Velocity: 86
Port: 1 Flag: 0 Power: -15 Position: -144 Velocity: -76
Port: 2 Flag: 0 Power: 12 Position: 149 Velocity: 86
Port: 1 Flag: 0 Power: -22 Position: -147 Velocity: -95
Port: 2 Flag: 0 Power: 12 Position: 151 Velocity: 86
Port: 1 Flag: 0 Power: -5 Position: -149 Velocity: -95
Port: 2 Flag: 0 Power: 3 Position: 154 Velocity: 86
Port: 1 Flag: 0 Power: -12 Position: -151 Velocity: -86
Port: 2 Flag: 0 Power: 10 Position: 156 Velocity: 96
Port: 1 Flag: 0 Power: -12 Position: -153 Velocity: -94
Port: 2 Flag: 0 Power: 10 Position: 158 Velocity: 95
Port: 1 Flag: 0 Power: -12 Position: -155 Velocity: -94
Port: 2 Flag: 0 Power: 19 Position: 160 Velocity: 85
Port: 1 Flag: 0 Power: -22 Position: -157 Velocity: -85
Port: 2 Flag: 0 Power: 12 Position: 162 Velocity: 85
Port: 1 Flag: 0 Power: -15 Position: -160 Velocity: -85
Port: 2 Flag: 0 Power: 12 Position: 164 Velocity: 85
Port: 1 Flag: 0 Power: -12 Position: -162 Velocity: -95
Port: 2 Flag: 0 Power: 12 Position: 167 Velocity: 85
Port: 1 Flag: 0 Power: -22 Position: -164 Velocity: -86
Port: 2 Flag: 0 Power: 12 Position: 169 Velocity: 86
Port: 1 Flag: 0 Power: -5 Position: -167 Velocity: -104
Port: 2 Flag: 0 Power: 10 Position: 171 Velocity: 95
Port: 1 Flag: 0 Power: -12 Position: -169 Velocity: -95
Port: 2 Flag: 0 Power: 12 Position: 173 Velocity: 85
Port: 1 Flag: 0 Power: -12 Position: -171 Velocity: -85
Port: 2 Flag: 0 Power: 12 Position: 175 Velocity: 86
Port: 1 Flag: 0 Power: -12 Position: -173 Velocity: -95
Port: 2 Flag: 0 Power: 12 Position: 177 Velocity: 85
Port: 1 Flag: 0 Power: -5 Position: -175 Velocity: -95
Port: 2 Flag: 0 Power: 12 Position: 180 Velocity: 85
Port: 1 Flag: 0 Power: -5 Position: -177 Velocity: -96
Port: 2 Flag: 0 Power: 12 Position: 182 Velocity: 96
Port: 1 Flag: 0 Power: -22 Position: -180 Velocity: -86
Port: 2 Flag: 0 Power: 12 Position: 185 Velocity: 95
Port: 1 Flag: 0 Power: -12 Position: -183 Velocity: -86
Port: 2 Flag: 0 Power: 19 Position: 187 Velocity: 86
Port: 1 Flag: 0 Power: -12 Position: -185 Velocity: -86
Port: 2 Flag: 0 Power: 12 Position: 189 Velocity: 86
Port: 1 Flag: 0 Power: -12 Position: -186 Velocity: -86
Port: 2 Flag: 0 Power: 12 Position: 191 Velocity: 86
Port: 1 Flag: 0 Power: -15 Position: -189 Velocity: -86
Port: 2 Flag: 0 Power: 12 Position: 193 Velocity: 86
Port: 1 Flag: 0 Power: -5 Position: -191 Velocity: -95
Port: 2 Flag: 0 Power: 15 Position: 195 Velocity: 76
Port: 1 Flag: 0 Power: -12 Position: -193 Velocity: -95
Port: 2 Flag: 0 Power: 12 Position: 197 Velocity: 95
Port: 1 Flag: 0 Power: -15 Position: -196 Velocity: -95
Port: 2 Flag: 0 Power: 5 Position: 200 Velocity: 85
Port: 1 Flag: 0 Power: -12 Position: -198 Velocity: -95
Port: 2 Flag: 0 Power: 19 Position: 202 Velocity: 86
Port: 1 Flag: 0 Power: -12 Position: -200 Velocity: -96
Port: 2 Flag: 0 Power: 12 Position: 204 Velocity: 95
Port: 1 Flag: 0 Power: -12 Position: -202 Velocity: -85
Port: 2 Flag: 0 Power: 12 Position: 206 Velocity: 85
Port: 1 Flag: 0 Power: -12 Position: -204 Velocity: -95
Port: 2 Flag: 0 Power: 12 Position: 208 Velocity: 95
Port: 1 Flag: 0 Power: -22 Position: -206 Velocity: -76
Port: 2 Flag: 0 Power: 22 Position: 210 Velocity: 76
Port: 1 Flag: 0 Power: -15 Position: -209 Velocity: -95
Port: 2 Flag: 0 Power: 12 Position: 213 Velocity: 95
Port: 1 Flag: 0 Power: -5 Position: -211 Velocity: -95
Port: 2 Flag: 0 Power: 12 Position: 215 Velocity: 95
Port: 1 Flag: 0 Power: 4 Position: -213 Velocity: -95
Port: 2 Flag: 0 Power: 12 Position: 217 Velocity: 86
Port: 1 Flag: 0 Power: -12 Position: -215 Velocity: -86
Port: 2 Flag: 0 Power: 12 Position: 219 Velocity: 95
Port: 1 Flag: 0 Power: -12 Position: -217 Velocity: -95
Port: 2 Flag: 0 Power: 12 Position: 221 Velocity: 85
Port: 1 Flag: 0 Power: -12 Position: -219 Velocity: -96
Port: 2 Flag: 0 Power: 22 Position: 223 Velocity: 76
Port: 1 Flag: 0 Power: -12 Position: -221 Velocity: -96
Port: 2 Flag: 0 Power: 12 Position: 226 Velocity: 95
Rotation complete
target degree rotation 437.066666667
Port: 1 Flag: 0 Power: -15 Position: -1 Velocity: -86
Port: 2 Flag: 0 Power: 15 Position: 0 Velocity: 86
Port: 1 Flag: 0 Power: 21 Position: -1 Velocity: 2068
Port: 2 Flag: 0 Power: 21 Position: 1 Velocity: -2127
Port: 1 Flag: 0 Power: 22 Position: 1 Velocity: 2126
Port: 2 Flag: 0 Power: 24 Position: 3 Velocity: -2117
Port: 1 Flag: 0 Power: 17 Position: 5 Velocity: 2175
Port: 2 Flag: 0 Power: 20 Position: 7 Velocity: -2117
Port: 1 Flag: 0 Power: 24 Position: 9 Velocity: 2213
Port: 2 Flag: 0 Power: 20 Position: 11 Velocity: -2088
Port: 1 Flag: 0 Power: 20 Position: 12 Velocity: 134
Port: 2 Flag: 0 Power: 22 Position: 15 Velocity: 125
Port: 1 Flag: 0 Power: 20 Position: 17 Velocity: 154
Port: 2 Flag: 0 Power: 22 Position: 19 Velocity: 154
Port: 1 Flag: 0 Power: 13 Position: 21 Velocity: 163
Port: 2 Flag: 0 Power: 20 Position: 24 Velocity: 172
Port: 1 Flag: 0 Power: 20 Position: 26 Velocity: 171
Port: 2 Flag: 0 Power: 20 Position: 29 Velocity: 181
Port: 1 Flag: 0 Power: 20 Position: 30 Velocity: 181
Port: 2 Flag: 0 Power: 20 Position: 33 Velocity: 191
Port: 1 Flag: 0 Power: 20 Position: 34 Velocity: 181
Port: 2 Flag: 0 Power: 20 Position: 38 Velocity: 190
Port: 1 Flag: 0 Power: 27 Position: 39 Velocity: 180
Port: 2 Flag: 0 Power: 17 Position: 43 Velocity: 190
Port: 1 Flag: 0 Power: 20 Position: 43 Velocity: 181
Port: 2 Flag: 0 Power: 17 Position: 47 Velocity: 191
Port: 1 Flag: 0 Power: 20 Position: 48 Velocity: 181
Port: 2 Flag: 0 Power: 20 Position: 52 Velocity: 181
Port: 1 Flag: 0 Power: 20 Position: 52 Velocity: 172
Port: 2 Flag: 0 Power: 8 Position: 56 Velocity: 181
Port: 1 Flag: 0 Power: 20 Position: 56 Velocity: 173
Port: 2 Flag: 0 Power: 17 Position: 61 Velocity: 182
Port: 1 Flag: 0 Power: 29 Position: 60 Velocity: 172
Port: 2 Flag: 0 Power: 27 Position: 65 Velocity: 172
Port: 1 Flag: 0 Power: 22 Position: 65 Velocity: 172
Port: 2 Flag: 0 Power: 20 Position: 69 Velocity: 181
Port: 1 Flag: 0 Power: 20 Position: 70 Velocity: 172
Port: 2 Flag: 0 Power: 17 Position: 73 Velocity: 172
Port: 1 Flag: 0 Power: 20 Position: 74 Velocity: 180
Port: 2 Flag: 0 Power: 20 Position: 78 Velocity: 171
Port: 1 Flag: 0 Power: 29 Position: 78 Velocity: 180
Port: 2 Flag: 0 Power: 20 Position: 82 Velocity: 180
Port: 1 Flag: 0 Power: 22 Position: 82 Velocity: 182
Port: 2 Flag: 0 Power: 20 Position: 87 Velocity: 182
Port: 1 Flag: 0 Power: 20 Position: 86 Velocity: 171
Port: 2 Flag: 0 Power: 17 Position: 91 Velocity: 181
Port: 1 Flag: 0 Power: 22 Position: 91 Velocity: 171
Port: 2 Flag: 0 Power: 20 Position: 95 Velocity: 181
Port: 1 Flag: 0 Power: 22 Position: 95 Velocity: 172
Port: 2 Flag: 0 Power: 29 Position: 99 Velocity: 172
Port: 1 Flag: 0 Power: 22 Position: 99 Velocity: 172
Port: 2 Flag: 0 Power: 17 Position: 104 Velocity: 181
Port: 1 Flag: 0 Power: 22 Position: 104 Velocity: 172
Port: 2 Flag: 0 Power: 20 Position: 108 Velocity: 172
Port: 1 Flag: 0 Power: 22 Position: 108 Velocity: 182
Port: 2 Flag: 0 Power: 20 Position: 113 Velocity: 182
Port: 1 Flag: 0 Power: 32 Position: 113 Velocity: 172
Port: 2 Flag: 0 Power: 20 Position: 117 Velocity: 191
Port: 1 Flag: 0 Power: 22 Position: 117 Velocity: 182
Port: 2 Flag: 0 Power: 17 Position: 122 Velocity: 181
Port: 1 Flag: 0 Power: 22 Position: 122 Velocity: 182
Port: 2 Flag: 0 Power: 20 Position: 126 Velocity: 182
Port: 1 Flag: 0 Power: 22 Position: 126 Velocity: 181
Port: 2 Flag: 0 Power: 20 Position: 131 Velocity: 181
Port: 1 Flag: 0 Power: 22 Position: 130 Velocity: 172
Port: 2 Flag: 0 Power: 10 Position: 135 Velocity: 181
Port: 1 Flag: 0 Power: 22 Position: 134 Velocity: 182
Port: 2 Flag: 0 Power: 27 Position: 139 Velocity: 171
Port: 1 Flag: 0 Power: 25 Position: 139 Velocity: 172
Port: 2 Flag: 0 Power: 20 Position: 144 Velocity: 181
Port: 1 Flag: 0 Power: 25 Position: 144 Velocity: 173
Port: 2 Flag: 0 Power: 20 Position: 149 Velocity: 182
Port: 1 Flag: 0 Power: 22 Position: 148 Velocity: 182
Port: 2 Flag: 0 Power: 17 Position: 153 Velocity: 181
Port: 1 Flag: 0 Power: 22 Position: 153 Velocity: 182
Port: 2 Flag: 0 Power: 17 Position: 157 Velocity: 181
Port: 1 Flag: 0 Power: 22 Position: 157 Velocity: 192
Port: 2 Flag: 0 Power: 20 Position: 161 Velocity: 182
Port: 1 Flag: 0 Power: 22 Position: 161 Velocity: 182
Port: 2 Flag: 0 Power: 17 Position: 166 Velocity: 181
Port: 1 Flag: 0 Power: 22 Position: 165 Velocity: 181
Port: 2 Flag: 0 Power: 20 Position: 170 Velocity: 172
Port: 1 Flag: 0 Power: 25 Position: 170 Velocity: 172
Port: 2 Flag: 0 Power: 20 Position: 175 Velocity: 172
Port: 1 Flag: 0 Power: 15 Position: 175 Velocity: 172
Port: 2 Flag: 0 Power: 10 Position: 179 Velocity: 182
Port: 1 Flag: 0 Power: 22 Position: 179 Velocity: 182
Port: 2 Flag: 0 Power: 27 Position: 183 Velocity: 172
Port: 1 Flag: 0 Power: 22 Position: 183 Velocity: 183
Port: 2 Flag: 0 Power: 20 Position: 188 Velocity: 183
Port: 1 Flag: 0 Power: 32 Position: 187 Velocity: 181
Port: 2 Flag: 0 Power: 20 Position: 192 Velocity: 181
Port: 1 Flag: 0 Power: 13 Position: 192 Velocity: 181
Port: 2 Flag: 0 Power: 10 Position: 197 Velocity: 181
Port: 1 Flag: 0 Power: 29 Position: 196 Velocity: 181
Port: 2 Flag: 0 Power: 20 Position: 201 Velocity: 172
Port: 1 Flag: 0 Power: 22 Position: 201 Velocity: 181
Port: 2 Flag: 0 Power: 20 Position: 205 Velocity: 181
Port: 1 Flag: 0 Power: 15 Position: 205 Velocity: 181
Port: 2 Flag: 0 Power: 10 Position: 210 Velocity: 181
Port: 1 Flag: 0 Power: 22 Position: 210 Velocity: 173
Port: 2 Flag: 0 Power: 20 Position: 214 Velocity: 173
Port: 1 Flag: 0 Power: 22 Position: 214 Velocity: 181
Port: 2 Flag: 0 Power: 20 Position: 218 Velocity: 181
Port: 1 Flag: 0 Power: 22 Position: 218 Velocity: 181
Port: 2 Flag: 0 Power: 20 Position: 223 Velocity: 181
Port: 1 Flag: 0 Power: 22 Position: 223 Velocity: 181
Port: 2 Flag: 0 Power: 10 Position: 227 Velocity: 181
Port: 1 Flag: 0 Power: 22 Position: 227 Velocity: 181
Port: 2 Flag: 0 Power: 20 Position: 232 Velocity: 181
Port: 1 Flag: 0 Power: 32 Position: 231 Velocity: 172
Port: 2 Flag: 0 Power: 20 Position: 236 Velocity: 182
Port: 1 Flag: 0 Power: 25 Position: 236 Velocity: 173
Port: 2 Flag: 0 Power: 20 Position: 240 Velocity: 182
Port: 1 Flag: 0 Power: 29 Position: 241 Velocity: 180
Port: 2 Flag: 0 Power: 20 Position: 245 Velocity: 172
Port: 1 Flag: 0 Power: 22 Position: 245 Velocity: 181
Port: 2 Flag: 0 Power: 20 Position: 249 Velocity: 181
Port: 1 Flag: 0 Power: 22 Position: 251 Velocity: 190
Port: 2 Flag: 0 Power: 20 Position: 255 Velocity: 181
Port: 1 Flag: 0 Power: 22 Position: 255 Velocity: 172
Port: 2 Flag: 0 Power: 20 Position: 259 Velocity: 172
Port: 1 Flag: 0 Power: 22 Position: 260 Velocity: 181
Port: 2 Flag: 0 Power: 20 Position: 264 Velocity: 181
Port: 1 Flag: 0 Power: 22 Position: 264 Velocity: 182
Port: 2 Flag: 0 Power: 20 Position: 268 Velocity: 182
Port: 1 Flag: 0 Power: 15 Position: 269 Velocity: 180
Port: 2 Flag: 0 Power: 13 Position: 273 Velocity: 180
Port: 1 Flag: 0 Power: 29 Position: 273 Velocity: 180
Port: 2 Flag: 0 Power: 20 Position: 277 Velocity: 180
Port: 1 Flag: 0 Power: 22 Position: 278 Velocity: 182
Port: 2 Flag: 0 Power: 20 Position: 281 Velocity: 181
Port: 1 Flag: 0 Power: 22 Position: 282 Velocity: 180
Port: 2 Flag: 0 Power: 22 Position: 286 Velocity: 170
Port: 1 Flag: 0 Power: 13 Position: 286 Velocity: 180
Port: 2 Flag: 0 Power: 13 Position: 291 Velocity: 180
Port: 1 Flag: 0 Power: 29 Position: 291 Velocity: 172
Port: 2 Flag: 0 Power: 20 Position: 295 Velocity: 181
Port: 1 Flag: 0 Power: 22 Position: 295 Velocity: 180
Port: 2 Flag: 0 Power: 20 Position: 299 Velocity: 180
Port: 1 Flag: 0 Power: 22 Position: 300 Velocity: 180
Port: 2 Flag: 0 Power: 22 Position: 303 Velocity: 180
Port: 1 Flag: 0 Power: 22 Position: 304 Velocity: 172
Port: 2 Flag: 0 Power: 13 Position: 308 Velocity: 181
Port: 1 Flag: 0 Power: 22 Position: 308 Velocity: 180
Port: 2 Flag: 0 Power: 20 Position: 312 Velocity: 180
Port: 1 Flag: 0 Power: 22 Position: 313 Velocity: 180
Port: 2 Flag: 0 Power: 20 Position: 317 Velocity: 180
Port: 1 Flag: 0 Power: 22 Position: 317 Velocity: 181
Port: 2 Flag: 0 Power: 22 Position: 321 Velocity: 181
Port: 1 Flag: 0 Power: 15 Position: 322 Velocity: 189
Port: 2 Flag: 0 Power: 20 Position: 326 Velocity: 180
Port: 1 Flag: 0 Power: 22 Position: 326 Velocity: 180
Port: 2 Flag: 0 Power: 20 Position: 330 Velocity: 180
Port: 1 Flag: 0 Power: 22 Position: 330 Velocity: 181
Port: 2 Flag: 0 Power: 20 Position: 334 Velocity: 181
Port: 1 Flag: 0 Power: 32 Position: 335 Velocity: 179
Port: 2 Flag: 0 Power: 13 Position: 339 Velocity: 189
Port: 1 Flag: 0 Power: 20 Position: 339 Velocity: 189
Port: 2 Flag: 0 Power: 27 Position: 343 Velocity: 180
Port: 1 Flag: 0 Power: 22 Position: 344 Velocity: 181
Port: 2 Flag: 0 Power: 20 Position: 348 Velocity: 181
Port: 1 Flag: 0 Power: 22 Position: 348 Velocity: 180
Port: 2 Flag: 0 Power: 20 Position: 352 Velocity: 180
Port: 1 Flag: 0 Power: 13 Position: 352 Velocity: 190
Port: 2 Flag: 0 Power: 20 Position: 357 Velocity: 180
Port: 1 Flag: 0 Power: 22 Position: 357 Velocity: 172
Port: 2 Flag: 0 Power: 20 Position: 361 Velocity: 172
Port: 1 Flag: 0 Power: 22 Position: 361 Velocity: 180
Port: 2 Flag: 0 Power: 20 Position: 366 Velocity: 180
Port: 1 Flag: 0 Power: 22 Position: 366 Velocity: 181
Port: 2 Flag: 0 Power: 20 Position: 370 Velocity: 181
Port: 1 Flag: 0 Power: 13 Position: 370 Velocity: 181
Port: 2 Flag: 0 Power: 10 Position: 374 Velocity: 181
Port: 1 Flag: 0 Power: 22 Position: 374 Velocity: 180
Port: 2 Flag: 0 Power: 20 Position: 378 Velocity: 180
Port: 1 Flag: 0 Power: 22 Position: 379 Velocity: 181
Port: 2 Flag: 0 Power: 20 Position: 383 Velocity: 181
Port: 1 Flag: 0 Power: 22 Position: 384 Velocity: 182
Port: 2 Flag: 0 Power: 29 Position: 387 Velocity: 172
Port: 1 Flag: 0 Power: 20 Position: 388 Velocity: 181
Port: 2 Flag: 0 Power: 27 Position: 392 Velocity: 171
Port: 1 Flag: 0 Power: 22 Position: 392 Velocity: 181
Port: 2 Flag: 0 Power: 20 Position: 396 Velocity: 181
Port: 1 Flag: 0 Power: 22 Position: 396 Velocity: 182
Port: 2 Flag: 0 Power: 20 Position: 400 Velocity: 182
Port: 1 Flag: 0 Power: 32 Position: 401 Velocity: 171
Port: 2 Flag: 0 Power: 22 Position: 405 Velocity: 180
Port: 1 Flag: 0 Power: 13 Position: 405 Velocity: 181
Port: 2 Flag: 0 Power: 27 Position: 409 Velocity: 171
Port: 1 Flag: 0 Power: 22 Position: 410 Velocity: 181
Port: 2 Flag: 0 Power: 20 Position: 414 Velocity: 181
Port: 1 Flag: 0 Power: 22 Position: 414 Velocity: 180
Port: 2 Flag: 0 Power: 20 Position: 418 Velocity: 180
Port: 1 Flag: 0 Power: 22 Position: 418 Velocity: 180
Port: 2 Flag: 0 Power: 20 Position: 423 Velocity: 190
Port: 1 Flag: 0 Power: 22 Position: 423 Velocity: 181
Port: 2 Flag: 0 Power: 27 Position: 427 Velocity: 172
Port: 1 Flag: 0 Power: 22 Position: 427 Velocity: 180
Port: 2 Flag: 0 Power: 20 Position: 432 Velocity: 180
Port: 1 Flag: 0 Power: 32 Position: 431 Velocity: 171
Port: 2 Flag: 0 Power: 20 Position: 436 Velocity: 181
Port: 1 Flag: 0 Power: 15 Position: 436 Velocity: 172
Port: 2 Flag: 0 Power: 10 Position: 441 Velocity: 182
Motion complete
target rotation 223.91154112
Port: 1 Flag: 0 Power: 22 Position: 1 Velocity: 182
Port: 2 Flag: 0 Power: 20 Position: 1 Velocity: 182
Port: 1 Flag: 0 Power: -19 Position: 3 Velocity: -4087
Port: 2 Flag: 0 Power: 0 Position: 3 Velocity: -4126
Port: 1 Flag: 0 Power: -7 Position: 1 Velocity: -4154
Port: 2 Flag: 0 Power: 5 Position: 4 Velocity: -4174
Port: 1 Flag: 0 Power: -17 Position: 0 Velocity: -4202
Port: 2 Flag: 0 Power: 7 Position: 5 Velocity: -4202
Port: 1 Flag: 0 Power: -10 Position: -3 Velocity: -4260
Port: 2 Flag: 0 Power: 10 Position: 7 Velocity: -4222
Port: 1 Flag: 0 Power: -10 Position: -4 Velocity: -67
Port: 2 Flag: 0 Power: 10 Position: 9 Velocity: 57
Port: 1 Flag: 0 Power: -12 Position: -6 Velocity: -77
Port: 2 Flag: 0 Power: 12 Position: 11 Velocity: 67
Port: 1 Flag: 0 Power: -3 Position: -8 Velocity: -77
Port: 2 Flag: 0 Power: 3 Position: 13 Velocity: 76
Port: 1 Flag: 0 Power: -12 Position: -10 Velocity: -77
Port: 2 Flag: 0 Power: 10 Position: 15 Velocity: 85
Port: 1 Flag: 0 Power: -22 Position: -12 Velocity: -67
Port: 2 Flag: 0 Power: 10 Position: 17 Velocity: 85
Port: 1 Flag: 0 Power: -5 Position: -14 Velocity: -87
Port: 2 Flag: 0 Power: 12 Position: 19 Velocity: 86
Port: 1 Flag: 0 Power: -12 Position: -17 Velocity: -85
Port: 2 Flag: 0 Power: 12 Position: 21 Velocity: 84
Port: 1 Flag: 0 Power: -22 Position: -19 Velocity: -85
Port: 2 Flag: 0 Power: 22 Position: 23 Velocity: 76
Port: 1 Flag: 0 Power: -15 Position: -21 Velocity: -85
Port: 2 Flag: 0 Power: 5 Position: 26 Velocity: 85
Port: 1 Flag: 0 Power: -22 Position: -23 Velocity: -94
Port: 2 Flag: 0 Power: 12 Position: 28 Velocity: 94
Port: 1 Flag: 0 Power: -12 Position: -26 Velocity: -85
Port: 2 Flag: 0 Power: 10 Position: 30 Velocity: 95
Port: 1 Flag: 0 Power: -12 Position: -27 Velocity: -85
Port: 2 Flag: 0 Power: 10 Position: 33 Velocity: 95
Port: 1 Flag: 0 Power: -22 Position: -29 Velocity: -85
Port: 2 Flag: 0 Power: 10 Position: 35 Velocity: 95
Port: 1 Flag: 0 Power: -5 Position: -32 Velocity: -94
Port: 2 Flag: 0 Power: 12 Position: 37 Velocity: 85
Port: 1 Flag: 0 Power: -15 Position: -34 Velocity: -86
Port: 2 Flag: 0 Power: 12 Position: 39 Velocity: 86
Port: 1 Flag: 0 Power: -5 Position: -36 Velocity: -95
Port: 2 Flag: 0 Power: 19 Position: 41 Velocity: 86
Port: 1 Flag: 0 Power: -22 Position: -39 Velocity: -95
Port: 2 Flag: 0 Power: 12 Position: 44 Velocity: 86
Port: 1 Flag: 0 Power: -12 Position: -41 Velocity: -96
Port: 2 Flag: 0 Power: 17 Position: 46 Velocity: 96
Port: 1 Flag: 0 Power: -12 Position: -43 Velocity: -96
Port: 2 Flag: 0 Power: 10 Position: 48 Velocity: 95
Port: 1 Flag: 0 Power: -15 Position: -44 Velocity: -76
Port: 2 Flag: 0 Power: 10 Position: 50 Velocity: 86
Port: 1 Flag: 0 Power: -15 Position: -47 Velocity: -76
Port: 2 Flag: 0 Power: 10 Position: 52 Velocity: 96
Port: 1 Flag: 0 Power: -15 Position: -49 Velocity: -86
Port: 2 Flag: 0 Power: 19 Position: 55 Velocity: 95
Port: 1 Flag: 0 Power: -15 Position: -52 Velocity: -85
Port: 2 Flag: 0 Power: 19 Position: 57 Velocity: 85
Port: 1 Flag: 0 Power: -15 Position: -54 Velocity: -96
Port: 2 Flag: 0 Power: 3 Position: 59 Velocity: 95
Port: 1 Flag: 0 Power: 4 Position: -56 Velocity: -105
Port: 2 Flag: 0 Power: 0 Position: 62 Velocity: 95
Port: 1 Flag: 0 Power: -12 Position: -58 Velocity: -96
Port: 2 Flag: 0 Power: 10 Position: 63 Velocity: 95
Port: 1 Flag: 0 Power: -15 Position: -60 Velocity: -86
Port: 2 Flag: 0 Power: 10 Position: 65 Velocity: 86
Port: 1 Flag: 0 Power: -5 Position: -62 Velocity: -96
Port: 2 Flag: 0 Power: 10 Position: 67 Velocity: 96
Port: 1 Flag: 0 Power: -15 Position: -64 Velocity: -77
Port: 2 Flag: 0 Power: 12 Position: 70 Velocity: 76
Port: 1 Flag: 0 Power: -15 Position: -67 Velocity: -87
Port: 2 Flag: 0 Power: 19 Position: 72 Velocity: 86
Port: 1 Flag: 0 Power: -15 Position: -69 Velocity: -96
Port: 2 Flag: 0 Power: 12 Position: 75 Velocity: 86
Port: 1 Flag: 0 Power: -12 Position: -71 Velocity: -86
Port: 2 Flag: 0 Power: 7 Position: 77 Velocity: 95
Port: 1 Flag: 0 Power: -12 Position: -73 Velocity: -95
Port: 2 Flag: 0 Power: 10 Position: 79 Velocity: 95
Port: 1 Flag: 0 Power: -22 Position: -75 Velocity: -86
Port: 2 Flag: 0 Power: 10 Position: 81 Velocity: 86
Port: 1 Flag: 0 Power: -15 Position: -78 Velocity: -93
Port: 2 Flag: 0 Power: 10 Position: 83 Velocity: 94
Port: 1 Flag: 0 Power: -15 Position: -80 Velocity: -85
Port: 2 Flag: 0 Power: 19 Position: 85 Velocity: 75
Port: 1 Flag: 0 Power: -15 Position: -82 Velocity: -85
Port: 2 Flag: 0 Power: 3 Position: 87 Velocity: 95
Port: 1 Flag: 0 Power: -5 Position: -84 Velocity: -94
Port: 2 Flag: 0 Power: 19 Position: 90 Velocity: 85
Port: 1 Flag: 0 Power: -5 Position: -87 Velocity: -95
Port: 2 Flag: 0 Power: 0 Position: 92 Velocity: 95
Port: 1 Flag: 0 Power: -12 Position: -89 Velocity: -96
Port: 2 Flag: 0 Power: 10 Position: 94 Velocity: 86
Port: 1 Flag: 0 Power: -12 Position: -91 Velocity: -96
Port: 2 Flag: 0 Power: 10 Position: 96 Velocity: 86
Port: 1 Flag: 0 Power: -22 Position: -92 Velocity: -76
Port: 2 Flag: 0 Power: 19 Position: 98 Velocity: 86
Port: 1 Flag: 0 Power: -15 Position: -95 Velocity: -86
Port: 2 Flag: 0 Power: 12 Position: 100 Velocity: 77
Port: 1 Flag: 0 Power: -15 Position: -97 Velocity: -86
Port: 2 Flag: 0 Power: 12 Position: 102 Velocity: 86
Port: 1 Flag: 0 Power: -15 Position: -99 Velocity: -86
Port: 2 Flag: 0 Power: 12 Position: 105 Velocity: 86
Port: 1 Flag: 0 Power: -12 Position: -102 Velocity: -86
Port: 2 Flag: 0 Power: 10 Position: 107 Velocity: 86
Port: 1 Flag: 0 Power: -22 Position: -103 Velocity: -86
Port: 2 Flag: 0 Power: 10 Position: 109 Velocity: 96
Port: 1 Flag: 0 Power: -5 Position: -106 Velocity: -95
Port: 2 Flag: 0 Power: 10 Position: 111 Velocity: 95
Port: 1 Flag: 0 Power: -15 Position: -108 Velocity: -86
Port: 2 Flag: 0 Power: 10 Position: 113 Velocity: 96
Port: 1 Flag: 0 Power: -15 Position: -110 Velocity: -86
Port: 2 Flag: 0 Power: 12 Position: 115 Velocity: 86
Port: 1 Flag: 0 Power: -22 Position: -113 Velocity: -96
Port: 2 Flag: 0 Power: 12 Position: 118 Velocity: 86
Port: 1 Flag: 0 Power: -15 Position: -115 Velocity: -96
Port: 2 Flag: 0 Power: 19 Position: 120 Velocity: 86
Port: 1 Flag: 0 Power: -19 Position: -117 Velocity: -96
Port: 2 Flag: 0 Power: 10 Position: 122 Velocity: 86
Port: 1 Flag: 0 Power: -12 Position: -119 Velocity: -96
Port: 2 Flag: 0 Power: 10 Position: 124 Velocity: 96
Port: 1 Flag: 0 Power: -15 Position: -121 Velocity: -77
Port: 2 Flag: 0 Power: 19 Position: 126 Velocity: 86
Port: 1 Flag: 0 Power: -15 Position: -124 Velocity: -86
Port: 2 Flag: 0 Power: 12 Position: 129 Velocity: 86
Port: 1 Flag: 0 Power: -5 Position: -126 Velocity: -96
Port: 2 Flag: 0 Power: 3 Position: 131 Velocity: 96
Port: 1 Flag: 0 Power: -15 Position: -128 Velocity: -86
Port: 2 Flag: 0 Power: 12 Position: 133 Velocity: 86
Port: 1 Flag: 0 Power: 4 Position: -130 Velocity: -106
Port: 2 Flag: 0 Power: 17 Position: 136 Velocity: 96
Port: 1 Flag: 0 Power: -12 Position: -132 Velocity: -96
Port: 2 Flag: 0 Power: 10 Position: 137 Velocity: 96
Port: 1 Flag: 0 Power: -12 Position: -134 Velocity: -96
Port: 2 Flag: 0 Power: 10 Position: 139 Velocity: 96
Port: 1 Flag: 0 Power: -12 Position: -136 Velocity: -96
Port: 2 Flag: 0 Power: 12 Position: 141 Velocity: 86
Port: 1 Flag: 0 Power: -15 Position: -138 Velocity: -77
Port: 2 Flag: 0 Power: 12 Position: 144 Velocity: 77
Port: 1 Flag: 0 Power: -15 Position: -141 Velocity: -86
Port: 2 Flag: 0 Power: 12 Position: 146 Velocity: 86
Port: 1 Flag: 0 Power: -15 Position: -144 Velocity: -86
Port: 2 Flag: 0 Power: 12 Position: 148 Velocity: 86
Port: 1 Flag: 0 Power: -12 Position: -146 Velocity: -86
Port: 2 Flag: 0 Power: 10 Position: 151 Velocity: 96
Port: 1 Flag: 0 Power: -12 Position: -148 Velocity: -96
Port: 2 Flag: 0 Power: 10 Position: 153 Velocity: 96
Port: 1 Flag: 0 Power: -12 Position: -149 Velocity: -96
Port: 2 Flag: 0 Power: 19 Position: 155 Velocity: 86
Port: 1 Flag: 0 Power: -15 Position: -152 Velocity: -86
Port: 2 Flag: 0 Power: 12 Position: 157 Velocity: 86
Port: 1 Flag: 0 Power: -15 Position: -154 Velocity: -86
Port: 2 Flag: 0 Power: 12 Position: 159 Velocity: 86
Port: 1 Flag: 0 Power: -5 Position: -156 Velocity: -96
Port: 2 Flag: 0 Power: 12 Position: 161 Velocity: 86
Port: 1 Flag: 0 Power: -12 Position: -159 Velocity: -86
Port: 2 Flag: 0 Power: 3 Position: 163 Velocity: 86
Port: 1 Flag: 0 Power: -12 Position: -161 Velocity: -96
Port: 2 Flag: 0 Power: 10 Position: 165 Velocity: 96
Port: 1 Flag: 0 Power: -12 Position: -163 Velocity: -96
Port: 2 Flag: 0 Power: 12 Position: 167 Velocity: 86
Port: 1 Flag: 0 Power: -12 Position: -165 Velocity: -86
Port: 2 Flag: 0 Power: 12 Position: 170 Velocity: 86
Port: 1 Flag: 0 Power: -22 Position: -167 Velocity: -77
Port: 2 Flag: 0 Power: 12 Position: 172 Velocity: 86
Port: 1 Flag: 0 Power: -15 Position: -169 Velocity: -86
Port: 2 Flag: 0 Power: 12 Position: 174 Velocity: 86
Port: 1 Flag: 0 Power: -5 Position: -172 Velocity: -96
Port: 2 Flag: 0 Power: 12 Position: 176 Velocity: 96
Port: 1 Flag: 0 Power: 4 Position: -174 Velocity: -96
Port: 2 Flag: 0 Power: 3 Position: 178 Velocity: 96
Port: 1 Flag: 0 Power: -12 Position: -176 Velocity: -86
Port: 2 Flag: 0 Power: 12 Position: 180 Velocity: 86
Port: 1 Flag: 0 Power: -12 Position: -178 Velocity: -95
Port: 2 Flag: 0 Power: 12 Position: 183 Velocity: 86
Port: 1 Flag: 0 Power: -12 Position: -180 Velocity: -96
Port: 2 Flag: 0 Power: 12 Position: 185 Velocity: 86
Port: 1 Flag: 0 Power: -12 Position: -182 Velocity: -96
Port: 2 Flag: 0 Power: 12 Position: 187 Velocity: 86
Port: 1 Flag: 0 Power: -15 Position: -185 Velocity: -86
Port: 2 Flag: 0 Power: 12 Position: 189 Velocity: 96
Port: 1 Flag: 0 Power: -22 Position: -187 Velocity: -86
Port: 2 Flag: 0 Power: 12 Position: 191 Velocity: 96
Port: 1 Flag: 0 Power: -19 Position: -189 Velocity: -86
Port: 2 Flag: 0 Power: 12 Position: 193 Velocity: 86
Port: 1 Flag: 0 Power: -12 Position: -191 Velocity: -86
Port: 2 Flag: 0 Power: 12 Position: 196 Velocity: 86
Port: 1 Flag: 0 Power: -22 Position: -193 Velocity: -86
Port: 2 Flag: 0 Power: 12 Position: 198 Velocity: 86
Port: 1 Flag: 0 Power: -22 Position: -195 Velocity: -76
Port: 2 Flag: 0 Power: 12 Position: 200 Velocity: 86
Port: 1 Flag: 0 Power: -5 Position: -198 Velocity: -96
Port: 2 Flag: 0 Power: 12 Position: 202 Velocity: 95
Port: 1 Flag: 0 Power: -12 Position: -200 Velocity: -96
Port: 2 Flag: 0 Power: 22 Position: 204 Velocity: 86
Port: 1 Flag: 0 Power: -5 Position: -202 Velocity: -86
Port: 2 Flag: 0 Power: 10 Position: 207 Velocity: 96
Port: 1 Flag: 0 Power: -12 Position: -204 Velocity: -96
Port: 2 Flag: 0 Power: 12 Position: 209 Velocity: 86
Port: 1 Flag: 0 Power: -12 Position: -206 Velocity: -96
Port: 2 Flag: 0 Power: 12 Position: 211 Velocity: 86
Port: 1 Flag: 0 Power: -12 Position: -208 Velocity: -86
Port: 2 Flag: 0 Power: 12 Position: 213 Velocity: 96
Port: 1 Flag: 0 Power: -22 Position: -211 Velocity: -86
Port: 2 Flag: 0 Power: 12 Position: 215 Velocity: 86
Port: 1 Flag: 0 Power: -12 Position: -213 Velocity: -96
Port: 2 Flag: 0 Power: 15 Position: 217 Velocity: 86
Port: 1 Flag: 0 Power: -22 Position: -215 Velocity: -86
Port: 2 Flag: 0 Power: 12 Position: 220 Velocity: 96
Port: 1 Flag: 0 Power: -3 Position: -218 Velocity: -96
Port: 2 Flag: 0 Power: 12 Position: 222 Velocity: 86
Port: 1 Flag: 0 Power: -12 Position: -220 Velocity: -86
Port: 2 Flag: 0 Power: 12 Position: 224 Velocity: 86
Rotation complete
