drawLine:(-104.72727272727272, 146.61818181818182, 705.1636363636363, 146.61818181818182)
drawLine:(705.1636363636363, 872.7272727272726, 705.1636363636363, 146.61818181818182)
about to navigate
('Sonar measurement ', 42)
('Difference: ', -0.015800497286136306)
('likelihood value', 1.9998751799334282)
new weight 0.0199987517993, wieght scale 1.99987517993
('Difference: ', -0.008316092078288762)
('likelihood value', 1.999965421904109)
new weight 0.019999654219, wieght scale 1.9999654219
('Difference: ', -0.002109374872681258)
('likelihood value', 1.9999977752712979)
new weight 0.0199999777527, wieght scale 1.99999777527
('Difference: ', -2.3572515033265518e-06)
('likelihood value', 1.9999999999972218)
new weight 0.02, wieght scale 2.0
('Difference: ', -0.0005473906938391337)
('likelihood value', 1.9999998501817253)
new weight 0.0199999985018, wieght scale 1.99999985018
('Difference: ', -0.016424259983807588)
('likelihood value', 1.9998651309376418)
new weight 0.0199986513094, wieght scale 1.99986513094
('Difference: ', -0.00018847093788565417)
('likelihood value', 1.9999999822393528)
new weight 0.0199999998224, wieght scale 1.99999998224
('Difference: ', -0.001306269593719378)
('likelihood value', 1.999999146830238)
new weight 0.0199999914683, wieght scale 1.99999914683
('Difference: ', -0.003754190602975882)
('likelihood value', 1.999992953051288)
new weight 0.0199999295305, wieght scale 1.99999295305
('Difference: ', -0.000450153742725945)
('likelihood value', 1.9999998986808092)
new weight 0.0199999989868, wieght scale 1.99999989868
('Difference: ', -0.0007658586663197298)
('likelihood value', 1.9999997067302946)
new weight 0.0199999970673, wieght scale 1.99999970673
('Difference: ', -0.011272518703549395)
('likelihood value', 1.9999364671793343)
new weight 0.0199993646718, wieght scale 1.99993646718
('Difference: ', -0.009227412543289404)
('likelihood value', 1.999957428335077)
new weight 0.0199995742834, wieght scale 1.99995742834
('Difference: ', -0.0008234622590350682)
('likelihood value', 1.9999996609550115)
new weight 0.0199999966096, wieght scale 1.99999966096
('Difference: ', -0.00531121905258658)
('likelihood value', 1.999985895575556)
new weight 0.0199998589558, wieght scale 1.99998589558
('Difference: ', -0.005135033471866279)
('likelihood value', 1.9999868158025338)
new weight 0.019999868158, wieght scale 1.9999868158
('Difference: ', -0.0039173299301751285)
('likelihood value', 1.9999923272925444)
new weight 0.0199999232729, wieght scale 1.99999232729
('Difference: ', -0.0007917867387021715)
('likelihood value', 1.9999996865369294)
new weight 0.0199999968654, wieght scale 1.99999968654
('Difference: ', -0.007558857896299287)
('likelihood value', 1.999971432241718)
new weight 0.0199997143224, wieght scale 1.99997143224
('Difference: ', -0.007870595138683711)
('likelihood value', 1.999969027345744)
new weight 0.0199996902735, wieght scale 1.99996902735
('Difference: ', -0.001966141821597489)
('likelihood value', 1.9999980671450368)
new weight 0.0199999806715, wieght scale 1.99999806715
('Difference: ', -8.010228304300426e-05)
('likelihood value', 1.999999996791812)
new weight 0.0199999999679, wieght scale 1.99999999679
('Difference: ', -0.000499910117298441)
('likelihood value', 1.9999998750449453)
new weight 0.0199999987504, wieght scale 1.99999987504
('Difference: ', -0.0007590146765110717)
('likelihood value', 1.9999997119484019)
new weight 0.0199999971195, wieght scale 1.99999971195
('Difference: ', -0.004719013793994975)
('likelihood value', 1.9999888655163949)
new weight 0.0199998886552, wieght scale 1.99998886552
('Difference: ', -0.0016835477643581953)
('likelihood value', 1.9999985828344666)
new weight 0.0199999858283, wieght scale 1.99999858283
('Difference: ', -0.008062921064492912)
('likelihood value', 1.9999674951802469)
new weight 0.0199996749518, wieght scale 1.99996749518
('Difference: ', -0.014156362562047775)
('likelihood value', 1.9998998037194886)
new weight 0.0199989980372, wieght scale 1.99989980372
('Difference: ', -0.0025841695078767657)
('likelihood value', 1.9999966610395516)
new weight 0.0199999666104, wieght scale 1.99999666104
('Difference: ', -0.00010425166108518624)
('likelihood value', 1.9999999945657956)
new weight 0.0199999999457, wieght scale 1.99999999457
('Difference: ', -0.0018879203589534654)
('likelihood value', 1.9999982178799471)
new weight 0.0199999821788, wieght scale 1.99999821788
('Difference: ', -0.001981723626151677)
('likelihood value', 1.9999980363876628)
new weight 0.0199999803639, wieght scale 1.99999803639
('Difference: ', -0.0008456230831654921)
('likelihood value', 1.9999996424608644)
new weight 0.0199999964246, wieght scale 1.99999964246
('Difference: ', -0.008878872527226633)
('likelihood value', 1.9999605835881697)
new weight 0.0199996058359, wieght scale 1.99996058359
('Difference: ', -0.00039705181433191683)
('likelihood value', 1.9999999211749315)
new weight 0.0199999992117, wieght scale 1.99999992117
('Difference: ', -0.005915632597201181)
('likelihood value', 1.9999825027985652)
new weight 0.019999825028, wieght scale 1.9999825028
('Difference: ', -0.0011162225160887829)
('likelihood value', 1.9999993770238413)
new weight 0.0199999937702, wieght scale 1.99999937702
('Difference: ', -0.0110188636738755)
('likelihood value', 1.9999392941643421)
new weight 0.0199993929416, wieght scale 1.99993929416
('Difference: ', -5.56713792860819e-05)
('likelihood value', 1.999999998450349)
new weight 0.0199999999845, wieght scale 1.99999999845
('Difference: ', -0.0033352658223932963)
('likelihood value', 1.9999944380164147)
new weight 0.0199999443802, wieght scale 1.99999443802
('Difference: ', -0.0011471311606499057)
('likelihood value', 1.9999993420452666)
new weight 0.0199999934205, wieght scale 1.99999934205
('Difference: ', -0.012674638705085783)
('likelihood value', 1.9999196799926722)
new weight 0.0199991967999, wieght scale 1.99991967999
('Difference: ', -0.006228474499820891)
('likelihood value', 1.999980603240822)
new weight 0.0199998060324, wieght scale 1.99998060324
('Difference: ', -0.004679717471681499)
('likelihood value', 1.9999890501821422)
new weight 0.0199998905018, wieght scale 1.99998905018
('Difference: ', -0.012760735098360954)
('likelihood value', 1.9999185851342447)
new weight 0.0199991858513, wieght scale 1.99991858513
('Difference: ', -0.0026006869961605616)
('likelihood value', 1.999996618219292)
new weight 0.0199999661822, wieght scale 1.99999661822
('Difference: ', -0.014608654720937864)
('likelihood value', 1.9998932992965472)
new weight 0.019998932993, wieght scale 1.9998932993
('Difference: ', -1.7503135296692562e-07)
('likelihood value', 1.9999999999999847)
new weight 0.02, wieght scale 2.0
('Difference: ', -0.007881910793905433)
('likelihood value', 1.9999689382235455)
new weight 0.0199996893822, wieght scale 1.99996893822
('Difference: ', -0.0004671056828726705)
('likelihood value', 1.9999998909061465)
new weight 0.0199999989091, wieght scale 1.99999989091
('Difference: ', -8.12628239899027e-05)
('likelihood value', 1.9999999966981767)
new weight 0.019999999967, wieght scale 1.9999999967
('Difference: ', -0.008593195584424507)
('likelihood value', 1.9999630791764142)
new weight 0.0199996307918, wieght scale 1.99996307918
('Difference: ', -0.0015908787541363267)
('likelihood value', 1.9999987345531955)
new weight 0.0199999873455, wieght scale 1.99999873455
('Difference: ', -0.00016307035335216824)
('likelihood value', 1.99999998670403)
new weight 0.019999999867, wieght scale 1.9999999867
('Difference: ', -0.0015740167800544214)
('likelihood value', 1.9999987612363554)
new weight 0.0199999876124, wieght scale 1.99999876124
('Difference: ', -0.0012911828115633739)
('likelihood value', 1.999999166423821)
new weight 0.0199999916642, wieght scale 1.99999916642
('Difference: ', -0.008898665649738291)
('likelihood value', 1.9999604076586244)
new weight 0.0199996040766, wieght scale 1.99996040766
('Difference: ', -0.00021106006715143621)
('likelihood value', 1.9999999777268243)
new weight 0.0199999997773, wieght scale 1.99999997773
('Difference: ', -0.003948163806008154)
('likelihood value', 1.9999922060316537)
new weight 0.0199999220603, wieght scale 1.99999220603
('Difference: ', -0.0021341602767250833)
('likelihood value', 1.9999977226825498)
new weight 0.0199999772268, wieght scale 1.99999772268
('Difference: ', -0.007308610593774745)
('likelihood value', 1.9999732924622469)
new weight 0.0199997329246, wieght scale 1.99997329246
('Difference: ', -0.010422483887772671)
('likelihood value', 1.9999456873897876)
new weight 0.0199994568739, wieght scale 1.99994568739
('Difference: ', -0.00457395636046698)
('likelihood value', 1.9999895395163176)
new weight 0.0199998953952, wieght scale 1.99998953952
('Difference: ', -1.2474399255779645e-05)
('likelihood value', 1.9999999999221947)
new weight 0.0199999999992, wieght scale 1.99999999992
('Difference: ', -0.014377834928467337)
('likelihood value', 1.999896644272956)
new weight 0.0199989664427, wieght scale 1.99989664427
('Difference: ', -0.0026443447804140874)
('likelihood value', 1.999996503726453)
new weight 0.0199999650373, wieght scale 1.99999650373
('Difference: ', -0.006239081416048009)
('likelihood value', 1.9999805371209463)
new weight 0.0199998053712, wieght scale 1.99998053712
('Difference: ', -0.0006626054957692418)
('likelihood value', 1.9999997804770024)
new weight 0.0199999978048, wieght scale 1.99999978048
('Difference: ', -0.0006955845044416264)
('likelihood value', 1.999999758081128)
new weight 0.0199999975808, wieght scale 1.99999975808
('Difference: ', -0.0016737474582342315)
('likelihood value', 1.999998599285704)
new weight 0.0199999859929, wieght scale 1.99999859929
('Difference: ', -0.003044286259402895)
('likelihood value', 1.9999953661713217)
new weight 0.0199999536617, wieght scale 1.99999536617
('Difference: ', -0.029239831933487892)
('likelihood value', 1.9995726074724685)
new weight 0.0199957260747, wieght scale 1.99957260747
('Difference: ', -0.007904950617820816)
('likelihood value', 1.9999687563659574)
new weight 0.0199996875637, wieght scale 1.99996875637
('Difference: ', -0.0011653997061600307)
('likelihood value', 1.999999320921993)
new weight 0.0199999932092, wieght scale 1.99999932092
('Difference: ', -0.00781936564766994)
('likelihood value', 1.9999694292277295)
new weight 0.0199996942923, wieght scale 1.99996942923
('Difference: ', -0.0003278599557674511)
('likelihood value', 1.9999999462539262)
new weight 0.0199999994625, wieght scale 1.99999994625
('Difference: ', -0.0012863245215655184)
('likelihood value', 1.9999991726849549)
new weight 0.0199999917268, wieght scale 1.99999917268
('Difference: ', -0.01190820457160413)
('likelihood value', 1.9999290998454753)
new weight 0.0199992909985, wieght scale 1.99992909985
('Difference: ', -0.002094348801989554)
('likelihood value', 1.9999978068539528)
new weight 0.0199999780685, wieght scale 1.99999780685
('Difference: ', -0.00902801267704234)
('likelihood value', 1.9999592483239237)
new weight 0.0199995924832, wieght scale 1.99995924832
('Difference: ', -0.0014369439789589933)
('likelihood value', 1.9999989675965337)
new weight 0.019999989676, wieght scale 1.9999989676
('Difference: ', -0.00013022893040925965)
('likelihood value', 1.999999991520213)
new weight 0.0199999999152, wieght scale 1.99999999152
('Difference: ', -0.0002170117561064444)
('likelihood value', 1.999999976452949)
new weight 0.0199999997645, wieght scale 1.99999997645
('Difference: ', -0.001081195522310452)
('likelihood value', 1.999999415508292)
new weight 0.0199999941551, wieght scale 1.99999941551
('Difference: ', -0.0015919235384771468)
('likelihood value', 1.9999987328905267)
new weight 0.0199999873289, wieght scale 1.99999873289
('Difference: ', -0.0008924204103379907)
('likelihood value', 1.9999996017929849)
new weight 0.0199999960179, wieght scale 1.99999960179
('Difference: ', -0.007196117776388178)
('likelihood value', 1.9999741082796705)
new weight 0.0199997410828, wieght scale 1.99997410828
('Difference: ', -0.001908465870805287)
('likelihood value', 1.9999981788806682)
new weight 0.0199999817888, wieght scale 1.99999817888
('Difference: ', -0.005263540525447752)
('likelihood value', 1.999986147666513)
new weight 0.0199998614767, wieght scale 1.99998614767
('Difference: ', -0.0027364804099221374)
('likelihood value', 1.9999962558444926)
new weight 0.0199999625584, wieght scale 1.99999625584
('Difference: ', -0.012594243264686611)
('likelihood value', 1.9999206956630502)
new weight 0.0199992069566, wieght scale 1.99992069566
('Difference: ', -0.0013738480328697733)
('likelihood value', 1.9999990562712366)
new weight 0.0199999905627, wieght scale 1.99999905627
('Difference: ', -0.014415282800669615)
('likelihood value', 1.9998961052083262)
new weight 0.0199989610521, wieght scale 1.99989610521
('Difference: ', -0.00024622229158666187)
('likelihood value', 1.999999969687292)
new weight 0.0199999996969, wieght scale 1.99999996969
('Difference: ', -0.0039492963917311386)
('likelihood value', 1.9999922015594132)
new weight 0.0199999220156, wieght scale 1.99999220156
('Difference: ', -0.0013218673964487948)
('likelihood value', 1.9999991263336747)
new weight 0.0199999912633, wieght scale 1.99999912633
('Difference: ', -0.013114313694480018)
('likelihood value', 1.99991401108542)
new weight 0.0199991401109, wieght scale 1.99991401109
('Difference: ', -0.0009492332911520407)
('likelihood value', 1.999999549478181)
new weight 0.0199999954948, wieght scale 1.99999954948
('Difference: ', -0.03828871427203495)
('likelihood value', 1.9992672557679643)
new weight 0.0199926725577, wieght scale 1.99926725577
('Difference: ', -0.006898961759816302)
('likelihood value', 1.9999762024464847)
new weight 0.0199997620245, wieght scale 1.99997620245
('Sonar measurement ', 32)
('Difference: ', -0.37130371226572834)
('likelihood value', 1.9333890065684616)
new weight 0.0193338900657, wieght scale 1.93338900657
('Difference: ', -4.979076236502728)
('likelihood value', 1.000004136750075)
new weight 0.0100000413675, wieght scale 1.00000413675
('Difference: ', -2.019800194523981)
('likelihood value', 1.130055185741527)
new weight 0.0113005518574, wieght scale 1.13005518574
('Difference: ', -1.9845824849034628)
('likelihood value', 1.1395567682424186)
new weight 0.0113955676824, wieght scale 1.13955676824
('Difference: ', -0.34950361022485765)
('likelihood value', 1.9407513760628294)
new weight 0.0194075137606, wieght scale 1.94075137606
('Difference: ', -4.354838642187957)
('likelihood value', 1.0000761877553028)
new weight 0.0100007618776, wieght scale 1.00007618776
('Difference: ', -5.849190431938865)
('likelihood value', 1.0000000372164728)
new weight 0.0100000003722, wieght scale 1.00000003722
('Difference: ', -3.5803877606319006)
('likelihood value', 1.0016457019668128)
new weight 0.0100164570197, wieght scale 1.00164570197
('Difference: ', -4.217714392086826)
('likelihood value', 1.000137133267894)
new weight 0.0100013713327, wieght scale 1.00013713327
('Difference: ', -0.8518007006006485)
('likelihood value', 1.6957379370548884)
new weight 0.0169573793705, wieght scale 1.69573793705
('Difference: ', -2.841064654281567)
('likelihood value', 1.017671109847734)
new weight 0.0101767110985, wieght scale 1.01767110985
('Difference: ', 6.806297211710259)
('likelihood value', 1.0000000000871978)
new weight 0.0100000000009, wieght scale 1.00000000009
('Difference: ', 9.65667921355379)
('likelihood value', 1.0)
new weight 0.01, wieght scale 1.0
('Difference: ', -6.339510483117522)
('likelihood value', 1.0000000018749262)
new weight 0.0100000000187, wieght scale 1.00000000187
('Difference: ', 2.375408364062938)
('likelihood value', 1.059529550180325)
new weight 0.0105952955018, wieght scale 1.05952955018
('Difference: ', -4.449363039312715)
('likelihood value', 1.0000502542354104)
new weight 0.0100005025424, wieght scale 1.00005025424
('Difference: ', -1.51802947954382)
('likelihood value', 1.3159388014709756)
new weight 0.0131593880147, wieght scale 1.31593880147
('Difference: ', 0.6340482654093584)
('likelihood value', 1.8179053963640661)
new weight 0.0181790539636, wieght scale 1.81790539636
('Difference: ', -0.10033598814364098)
('likelihood value', 1.9949789923541106)
new weight 0.0199497899235, wieght scale 1.99497899235
('Difference: ', -4.552773481225593)
('likelihood value', 1.0000315520124274)
new weight 0.0100003155201, wieght scale 1.00003155201
('Difference: ', 5.785541811807583)
('likelihood value', 1.0000000538939813)
new weight 0.0100000005389, wieght scale 1.00000005389
('Difference: ', -3.274062680238657)
('likelihood value', 1.0047021133750433)
new weight 0.0100470211338, wieght scale 1.00470211338
('Difference: ', -6.0417722968174274)
('likelihood value', 1.000000011843268)
new weight 0.0100000001184, wieght scale 1.00000001184
('Difference: ', -5.324330037738626)
('likelihood value', 1.0000006985597123)
new weight 0.0100000069856, wieght scale 1.00000069856
('Difference: ', -0.9773315009720136)
('likelihood value', 1.6202774311715769)
new weight 0.0162027743117, wieght scale 1.62027743117
('Difference: ', -4.883439113883163)
('likelihood value', 1.000006629449496)
new weight 0.0100000662945, wieght scale 1.00000662945
('Difference: ', 12.360875247697017)
('likelihood value', 1.0)
new weight 0.01, wieght scale 1.0
('Difference: ', 6.483442674654402)
('likelihood value', 1.0000000007450913)
new weight 0.0100000000075, wieght scale 1.00000000075
('Difference: ', -0.8797067151972371)
('likelihood value', 1.6791305156915333)
new weight 0.0167913051569, wieght scale 1.67913051569
('Difference: ', 1.4067869963865682)
('likelihood value', 1.3717532963369952)
new weight 0.0137175329634, wieght scale 1.37175329634
('Difference: ', 3.1687372178186983)
('likelihood value', 1.0066015700109312)
new weight 0.0100660157001, wieght scale 1.00660157001
('Difference: ', 1.2746821413334928)
('likelihood value', 1.4437884559208611)
new weight 0.0144378845592, wieght scale 1.44378845592
('Difference: ', -0.4285240268425312)
('likelihood value', 1.9122726084577875)
new weight 0.0191227260846, wieght scale 1.91227260846
('Difference: ', 5.388607037621455)
('likelihood value', 1.0000004950817667)
new weight 0.0100000049508, wieght scale 1.00000049508
('Difference: ', -3.602406003706321)
('likelihood value', 1.0015205783732686)
new weight 0.0100152057837, wieght scale 1.00152057837
('Difference: ', 6.721826072235398)
('likelihood value', 1.0000000001544003)
new weight 0.0100000000015, wieght scale 1.00000000015
('Difference: ', 3.023588997110455)
('likelihood value', 1.01034713911258)
new weight 0.0101034713911, wieght scale 1.01034713911
('Difference: ', 1.9984126694417057)
('likelihood value', 1.135765438568135)
new weight 0.0113576543857, wieght scale 1.13576543857
('Difference: ', -2.399749942992777)
('likelihood value', 1.0561684597268663)
new weight 0.0105616845973, wieght scale 1.05616845973
('Difference: ', -3.90712866829017)
('likelihood value', 1.0004842897296884)
new weight 0.0100048428973, wieght scale 1.00048428973
('Difference: ', 4.359954758458468)
('likelihood value', 1.0000745080974485)
new weight 0.010000745081, wieght scale 1.0000745081
('Difference: ', 1.685231724007167)
('likelihood value', 1.241713296155235)
new weight 0.0124171329616, wieght scale 1.24171329616
('Difference: ', 8.368746341764066)
('likelihood value', 1.0000000000000007)
new weight 0.01, wieght scale 1.0
('Difference: ', 1.8373917821264527)
('likelihood value', 1.1848881409084042)
new weight 0.0118488814091, wieght scale 1.18488814091
('Difference: ', 13.213395514800702)
('likelihood value', 1.0)
new weight 0.01, wieght scale 1.0
('Difference: ', 1.7873519566099105)
('likelihood value', 1.2024396405149833)
new weight 0.0120243964051, wieght scale 1.20243964051
('Difference: ', -2.0455349848349513)
('likelihood value', 1.1234268400021847)
new weight 0.0112342684, wieght scale 1.12342684
('Difference: ', -3.3103618648761)
('likelihood value', 1.0041724668880698)
new weight 0.0100417246689, wieght scale 1.00417246689
('Difference: ', -13.811334043298501)
('likelihood value', 1.0)
new weight 0.01, wieght scale 1.0
('Difference: ', 2.5777229809954783)
('likelihood value', 1.0360687700588795)
new weight 0.0103606877006, wieght scale 1.03606877006
('Difference: ', 5.7383755902609686)
('likelihood value', 1.0000000707242582)
new weight 0.0100000007072, wieght scale 1.00000007072
('Difference: ', 4.278207855617151)
('likelihood value', 1.0001060572804785)
new weight 0.0100010605728, wieght scale 1.00010605728
('Difference: ', -3.582905196068161)
('likelihood value', 1.0016309300859714)
new weight 0.0100163093009, wieght scale 1.00163093009
('Difference: ', 5.188758588365133)
('likelihood value', 1.0000014246165843)
new weight 0.0100000142462, wieght scale 1.00000142462
('Difference: ', 1.5186540695035333)
('likelihood value', 1.3156393257682653)
new weight 0.0131563932577, wieght scale 1.31563932577
('Difference: ', 0.207235665062111)
('likelihood value', 1.9787555996799195)
new weight 0.0197875559968, wieght scale 1.97875559968
('Difference: ', -4.5705473764326)
('likelihood value', 1.0000290947835266)
new weight 0.0100002909478, wieght scale 1.00002909478
('Difference: ', 2.0707325782279966)
('likelihood value', 1.117189065348348)
new weight 0.0111718906535, wieght scale 1.11718906535
('Difference: ', -1.8263955595486863)
('likelihood value', 1.188650275920114)
new weight 0.0118865027592, wieght scale 1.18865027592
('Difference: ', -12.528468880751014)
('likelihood value', 1.0)
new weight 0.01, wieght scale 1.0
('Difference: ', 1.148314025105023)
('likelihood value', 1.5172067660329263)
new weight 0.0151720676603, wieght scale 1.51720676603
('Difference: ', -0.7126614034843257)
('likelihood value', 1.7757359106814623)
new weight 0.0177573591068, wieght scale 1.77573591068
('Difference: ', -7.330833332739033)
('likelihood value', 1.0000000000021392)
new weight 0.01, wieght scale 1.0
('Difference: ', -1.518132867845253)
('likelihood value', 1.315889218187853)
new weight 0.0131588921819, wieght scale 1.31588921819
('Difference: ', -1.5003292956074645)
('likelihood value', 1.3244921294157697)
new weight 0.0132449212942, wieght scale 1.32449212942
('Difference: ', -1.9409177787689984)
('likelihood value', 1.1520446711799965)
new weight 0.0115204467118, wieght scale 1.15204467118
('Difference: ', 2.6590413486947675)
('likelihood value', 1.0291514551795835)
new weight 0.0102915145518, wieght scale 1.02915145518
('Difference: ', 0.7037483243317446)
('likelihood value', 1.7806480647669414)
new weight 0.0178064806477, wieght scale 1.78064806477
('Difference: ', 4.501235850810751)
('likelihood value', 1.0000398430691104)
new weight 0.0100003984307, wieght scale 1.00003984307
('Difference: ', -2.2101355718194995)
('likelihood value', 1.0869562967357913)
new weight 0.0108695629674, wieght scale 1.08695629674
('Difference: ', 5.840909814817319)
('likelihood value', 1.0000000390620771)
new weight 0.0100000003906, wieght scale 1.00000003906
('Difference: ', 9.794478916976026)
('likelihood value', 1.0)
new weight 0.01, wieght scale 1.0
('Difference: ', 9.956294393122615)
('likelihood value', 1.0)
new weight 0.01, wieght scale 1.0
('Difference: ', -3.5656665723745817)
('likelihood value', 1.0017345815908558)
new weight 0.0100173458159, wieght scale 1.00173458159
('Difference: ', 2.1758375070226634)
('likelihood value', 1.0937489861600118)
new weight 0.0109374898616, wieght scale 1.09374898616
('Difference: ', -0.365026329843289)
('likelihood value', 1.9355486683413838)
new weight 0.0193554866834, wieght scale 1.93554866834
('Difference: ', 1.5842161409063777)
('likelihood value', 1.28511279914171)
new weight 0.0128511279914, wieght scale 1.28511279914
('Difference: ', 5.360984680545233)
('likelihood value', 1.0000005743204206)
new weight 0.0100000057432, wieght scale 1.00000057432
('Difference: ', 0.6480676982586893)
('likelihood value', 1.8105875930714297)
new weight 0.0181058759307, wieght scale 1.81058759307
('Difference: ', 3.645850018493025)
('likelihood value', 1.0012990641236272)
new weight 0.0100129906412, wieght scale 1.00129906412
('Difference: ', 7.457894303912525)
('likelihood value', 1.000000000000836)
new weight 0.01, wieght scale 1.0
('Difference: ', 2.16292055494759)
('likelihood value', 1.0964131511929167)
new weight 0.0109641315119, wieght scale 1.09641315119
('Difference: ', -5.967023664559882)
('likelihood value', 1.000000018552047)
new weight 0.0100000001855, wieght scale 1.00000001855
('Difference: ', 7.324206402917834)
('likelihood value', 1.0000000000022458)
new weight 0.01, wieght scale 1.0
('Difference: ', 3.5927075563416437)
('likelihood value', 1.0015745688460862)
new weight 0.0100157456885, wieght scale 1.00157456885
('Difference: ', -2.245223846364361)
('likelihood value', 1.0804181758836977)
new weight 0.0108041817588, wieght scale 1.08041817588
('Difference: ', -1.1949833172481448)
('likelihood value', 1.4896851897485104)
new weight 0.0148968518975, wieght scale 1.48968518975
('Difference: ', -3.1633349560696544)
('likelihood value', 1.0067154527866353)
new weight 0.0100671545279, wieght scale 1.00671545279
('Difference: ', -1.5470476403275484)
('likelihood value', 1.3021963822107778)
new weight 0.0130219638221, wieght scale 1.30219638221
('Difference: ', 1.7683740679100914)
('likelihood value', 1.2093865063882927)
new weight 0.0120938650639, wieght scale 1.20938650639
('Difference: ', -0.49403131192329397)
('likelihood value', 1.885118744339098)
new weight 0.0188511874434, wieght scale 1.88511874434
('Difference: ', 3.3107037061517843)
('likelihood value', 1.0041677476751154)
new weight 0.0100416774768, wieght scale 1.00416774768
('Difference: ', -4.7716619719205156)
('likelihood value', 1.0000113717427346)
new weight 0.0100001137174, wieght scale 1.00001137174
('Difference: ', 2.9055786193791207)
('likelihood value', 1.0146811113048386)
new weight 0.010146811113, wieght scale 1.0146811113
('Difference: ', 9.434407952038363)
('likelihood value', 1.0)
new weight 0.01, wieght scale 1.0
('Difference: ', 3.1896682403506773)
('likelihood value', 1.006176572693117)
new weight 0.0100617657269, wieght scale 1.00617657269
('Difference: ', 0.12828117356103874)
('likelihood value', 1.9918057278420522)
new weight 0.0199180572784, wieght scale 1.99180572784
('Difference: ', -5.543786411449062)
('likelihood value', 1.0000002119778841)
new weight 0.0100000021198, wieght scale 1.00000021198
('Difference: ', -3.1952656483858846)
('likelihood value', 1.0060671804846775)
new weight 0.0100606718048, wieght scale 1.00606718048
('Difference: ', 2.5063209742306647)
('likelihood value', 1.04324721620257)
new weight 0.010432472162, wieght scale 1.0432472162
drawParticles:[(41.25215631964848, 637.6497886881477, 1.5293384351092227, 0.01), (41.25215631964848, 637.6497886881477, 1.5293384351092227, 0.01), (41.25215631964848, 637.6497886881477, 1.5293384351092227, 0.01), (41.25215631964848, 637.6497886881477, 1.5293384351092227, 0.01), (41.25215631964848, 637.6497886881477, 1.5293384351092227, 0.01), (41.25215631964848, 637.6497886881477, 1.5293384351092227, 0.01), (41.25215631964848, 637.6497886881477, 1.5293384351092227, 0.01), (41.25215631964848, 637.6497886881477, 1.5293384351092227, 0.01), (41.25215631964848, 637.6497886881477, 1.5293384351092227, 0.01), (41.25215631964848, 637.6497886881477, 1.5293384351092227, 0.01), (41.25215631964848, 637.6497886881477, 1.5293384351092227, 0.01), (41.25215631964848, 637.6497886881477, 1.5293384351092227, 0.01), (41.25215631964848, 637.6497886881477, 1.5293384351092227, 0.01), (41.25215631964848, 637.6497886881477, 1.5293384351092227, 0.01), (41.25215631964848, 637.6497886881477, 1.5293384351092227, 0.01), (41.25215631964848, 637.6497886881477, 1.5293384351092227, 0.01), (41.25215631964848, 637.6497886881477, 1.5293384351092227, 0.01), (41.25215631964848, 637.6497886881477, 1.5293384351092227, 0.01), (41.25215631964848, 637.6497886881477, 1.5293384351092227, 0.01), (41.25215631964848, 637.6497886881477, 1.5293384351092227, 0.01), (41.25215631964848, 637.6497886881477, 1.5293384351092227, 0.01), (41.25215631964848, 637.6497886881477, 1.5293384351092227, 0.01), (41.25215631964848, 637.6497886881477, 1.5293384351092227, 0.01), (41.25215631964848, 637.6497886881477, 1.5293384351092227, 0.01), (41.25215631964848, 637.6497886881477, 1.5293384351092227, 0.01), (41.25215631964848, 637.6497886881477, 1.5293384351092227, 0.01), (41.25215631964848, 637.6497886881477, 1.5293384351092227, 0.01), (41.25215631964848, 637.6497886881477, 1.5293384351092227, 0.01), (41.25215631964848, 637.6497886881477, 1.5293384351092227, 0.01), (41.25215631964848, 637.6497886881477, 1.5293384351092227, 0.01), (41.25215631964848, 637.6497886881477, 1.5293384351092227, 0.01), (41.25215631964848, 637.6497886881477, 1.5293384351092227, 0.01), (41.25215631964848, 637.6497886881477, 1.5293384351092227, 0.01), (41.25215631964848, 637.6497886881477, 1.5293384351092227, 0.01), (41.25215631964848, 637.6497886881477, 1.5293384351092227, 0.01), (41.25215631964848, 637.6497886881477, 1.5293384351092227, 0.01), (41.25215631964848, 637.6497886881477, 1.5293384351092227, 0.01), (41.25215631964848, 637.6497886881477, 1.5293384351092227, 0.01), (41.25215631964848, 637.6497886881477, 1.5293384351092227, 0.01), (41.25215631964848, 637.6497886881477, 1.5293384351092227, 0.01), (41.25215631964848, 637.6497886881477, 1.5293384351092227, 0.01), (41.25215631964848, 637.6497886881477, 1.5293384351092227, 0.01), (41.25215631964848, 637.6497886881477, 1.5293384351092227, 0.01), (41.25215631964848, 637.6497886881477, 1.5293384351092227, 0.01), (41.25215631964848, 637.6497886881477, 1.5293384351092227, 0.01), (41.25215631964848, 637.6497886881477, 1.5293384351092227, 0.01), (41.25215631964848, 637.6497886881477, 1.5293384351092227, 0.01), (41.25215631964848, 637.6497886881477, 1.5293384351092227, 0.01), (41.25215631964848, 637.6497886881477, 1.5293384351092227, 0.01), (41.25215631964848, 637.6497886881477, 1.5293384351092227, 0.01), (41.25215631964848, 637.6497886881477, 1.5293384351092227, 0.01), (41.25215631964848, 637.6497886881477, 1.5293384351092227, 0.01), (41.25215631964848, 637.6497886881477, 1.5293384351092227, 0.01), (41.25215631964848, 637.6497886881477, 1.5293384351092227, 0.01), (41.25215631964848, 637.6497886881477, 1.5293384351092227, 0.01), (41.25215631964848, 637.6497886881477, 1.5293384351092227, 0.01), (41.25215631964848, 637.6497886881477, 1.5293384351092227, 0.01), (41.25215631964848, 637.6497886881477, 1.5293384351092227, 0.01), (41.25215631964848, 637.6497886881477, 1.5293384351092227, 0.01), (41.25215631964848, 637.6497886881477, 1.5293384351092227, 0.01), (41.25215631964848, 637.6497886881477, 1.5293384351092227, 0.01), (41.25215631964848, 637.6497886881477, 1.5293384351092227, 0.01), (41.25215631964848, 637.6497886881477, 1.5293384351092227, 0.01), (41.25215631964848, 637.6497886881477, 1.5293384351092227, 0.01), (41.25215631964848, 637.6497886881477, 1.5293384351092227, 0.01), (41.25215631964848, 637.6497886881477, 1.5293384351092227, 0.01), (41.25215631964848, 637.6497886881477, 1.5293384351092227, 0.01), (41.25215631964848, 637.6497886881477, 1.5293384351092227, 0.01), (41.25215631964848, 637.6497886881477, 1.5293384351092227, 0.01), (41.25215631964848, 637.6497886881477, 1.5293384351092227, 0.01), (41.25215631964848, 637.6497886881477, 1.5293384351092227, 0.01), (41.25215631964848, 637.6497886881477, 1.5293384351092227, 0.01), (41.25215631964848, 637.6497886881477, 1.5293384351092227, 0.01), (41.25215631964848, 637.6497886881477, 1.5293384351092227, 0.01), (41.25215631964848, 637.6497886881477, 1.5293384351092227, 0.01), (41.25215631964848, 637.6497886881477, 1.5293384351092227, 0.01), (41.25215631964848, 637.6497886881477, 1.5293384351092227, 0.01), (41.25215631964848, 637.6497886881477, 1.5293384351092227, 0.01), (41.25215631964848, 637.6497886881477, 1.5293384351092227, 0.01), (41.25215631964848, 637.6497886881477, 1.5293384351092227, 0.01), (41.25215631964848, 637.6497886881477, 1.5293384351092227, 0.01), (41.25215631964848, 637.6497886881477, 1.5293384351092227, 0.01), (41.25215631964848, 637.6497886881477, 1.5293384351092227, 0.01), (41.25215631964848, 637.6497886881477, 1.5293384351092227, 0.01), (41.25215631964848, 637.6497886881477, 1.5293384351092227, 0.01), (41.25215631964848, 637.6497886881477, 1.5293384351092227, 0.01), (41.25215631964848, 637.6497886881477, 1.5293384351092227, 0.01), (41.25215631964848, 637.6497886881477, 1.5293384351092227, 0.01), (41.25215631964848, 637.6497886881477, 1.5293384351092227, 0.01), (41.25215631964848, 637.6497886881477, 1.5293384351092227, 0.01), (41.25215631964848, 637.6497886881477, 1.5293384351092227, 0.01), (41.25215631964848, 637.6497886881477, 1.5293384351092227, 0.01), (41.25215631964848, 637.6497886881477, 1.5293384351092227, 0.01), (41.25215631964848, 637.6497886881477, 1.5293384351092227, 0.01), (41.25215631964848, 637.6497886881477, 1.5293384351092227, 0.01), (41.25215631964848, 637.6497886881477, 1.5293384351092227, 0.01), (41.25215631964848, 637.6497886881477, 1.5293384351092227, 0.01), (41.25215631964848, 637.6497886881477, 1.5293384351092227, 0.01), (41.25215631964848, 637.6497886881477, 1.5293384351092227, 0.01), (41.25215631964848, 637.6497886881477, 1.5293384351092227, 0.01)]
navigated
('Sonar measurement ', 36)
('Difference: ', -14.310158131740984)
('likelihood value', 1.0)
new weight 0.01, wieght scale 1.0
('Difference: ', -14.118175254916878)
('likelihood value', 1.0)
new weight 0.01, wieght scale 1.0
('Difference: ', -14.88692432402246)
('likelihood value', 1.0)
new weight 0.01, wieght scale 1.0
('Difference: ', -14.300975632866397)
('likelihood value', 1.0)
new weight 0.01, wieght scale 1.0
('Difference: ', -14.492528654062063)
('likelihood value', 1.0)
new weight 0.01, wieght scale 1.0
('Difference: ', -14.014445392954286)
('likelihood value', 1.0)
new weight 0.01, wieght scale 1.0
('Difference: ', -14.212968915042879)
('likelihood value', 1.0)
new weight 0.01, wieght scale 1.0
('Difference: ', -14.354597519681015)
('likelihood value', 1.0)
new weight 0.01, wieght scale 1.0
('Difference: ', -14.311285710022943)
('likelihood value', 1.0)
new weight 0.01, wieght scale 1.0
('Difference: ', -14.148622708696095)
('likelihood value', 1.0)
new weight 0.01, wieght scale 1.0
('Difference: ', -13.997027489413867)
('likelihood value', 1.0)
new weight 0.01, wieght scale 1.0
('Difference: ', -14.51416131657912)
('likelihood value', 1.0)
new weight 0.01, wieght scale 1.0
('Difference: ', -13.79726129872774)
('likelihood value', 1.0)
new weight 0.01, wieght scale 1.0
('Difference: ', -14.425109613650484)
('likelihood value', 1.0)
new weight 0.01, wieght scale 1.0
('Difference: ', -13.880354412122642)
('likelihood value', 1.0)
new weight 0.01, wieght scale 1.0
('Difference: ', -13.760559258646254)
('likelihood value', 1.0)
new weight 0.01, wieght scale 1.0
('Difference: ', -13.985838260177282)
('likelihood value', 1.0)
new weight 0.01, wieght scale 1.0
('Difference: ', -14.063207733504221)
('likelihood value', 1.0)
new weight 0.01, wieght scale 1.0
('Difference: ', -13.674366754557887)
('likelihood value', 1.0)
new weight 0.01, wieght scale 1.0
('Difference: ', -13.974842412896095)
('likelihood value', 1.0)
new weight 0.01, wieght scale 1.0
('Difference: ', -14.396812423773873)
('likelihood value', 1.0)
new weight 0.01, wieght scale 1.0
('Difference: ', -13.734916276529695)
('likelihood value', 1.0)
new weight 0.01, wieght scale 1.0
('Difference: ', -14.271003945150952)
('likelihood value', 1.0)
new weight 0.01, wieght scale 1.0
('Difference: ', -13.922124447720783)
('likelihood value', 1.0)
new weight 0.01, wieght scale 1.0
('Difference: ', -14.688973369257369)
('likelihood value', 1.0)
new weight 0.01, wieght scale 1.0
('Difference: ', -14.239499965512316)
('likelihood value', 1.0)
new weight 0.01, wieght scale 1.0
('Difference: ', -14.227151931130635)
('likelihood value', 1.0)
new weight 0.01, wieght scale 1.0
('Difference: ', -14.007844489090338)
('likelihood value', 1.0)
new weight 0.01, wieght scale 1.0
('Difference: ', -14.178558723021837)
('likelihood value', 1.0)
new weight 0.01, wieght scale 1.0
('Difference: ', -14.243117573078905)
('likelihood value', 1.0)
new weight 0.01, wieght scale 1.0
('Difference: ', -14.236535586814)
('likelihood value', 1.0)
new weight 0.01, wieght scale 1.0
('Difference: ', -14.108259269587862)
('likelihood value', 1.0)
new weight 0.01, wieght scale 1.0
('Difference: ', -14.063690494855322)
('likelihood value', 1.0)
new weight 0.01, wieght scale 1.0
('Difference: ', -14.015952943905276)
('likelihood value', 1.0)
new weight 0.01, wieght scale 1.0
('Difference: ', -13.949145888472877)
('likelihood value', 1.0)
new weight 0.01, wieght scale 1.0
('Difference: ', -14.145017905619454)
('likelihood value', 1.0)
new weight 0.01, wieght scale 1.0
('Difference: ', -14.430699956363213)
('likelihood value', 1.0)
new weight 0.01, wieght scale 1.0
('Difference: ', -14.520026220481121)
('likelihood value', 1.0)
new weight 0.01, wieght scale 1.0
('Difference: ', -13.931600896515455)
('likelihood value', 1.0)
new weight 0.01, wieght scale 1.0
('Difference: ', -13.981836227768802)
('likelihood value', 1.0)
new weight 0.01, wieght scale 1.0
('Difference: ', -13.97923325834536)
('likelihood value', 1.0)
new weight 0.01, wieght scale 1.0
('Difference: ', -13.863854119041974)
('likelihood value', 1.0)
new weight 0.01, wieght scale 1.0
('Difference: ', -13.923946867192264)
('likelihood value', 1.0)
new weight 0.01, wieght scale 1.0
('Difference: ', -13.517344486494267)
('likelihood value', 1.0)
new weight 0.01, wieght scale 1.0
('Difference: ', -14.286653979757858)
('likelihood value', 1.0)
new weight 0.01, wieght scale 1.0
('Difference: ', -13.924988637773346)
('likelihood value', 1.0)
new weight 0.01, wieght scale 1.0
('Difference: ', -14.115156932915191)
('likelihood value', 1.0)
new weight 0.01, wieght scale 1.0
('Difference: ', -14.360824196348148)
('likelihood value', 1.0)
new weight 0.01, wieght scale 1.0
('Difference: ', -14.014702804876528)
('likelihood value', 1.0)
new weight 0.01, wieght scale 1.0
('Difference: ', -14.111986764503037)
('likelihood value', 1.0)
new weight 0.01, wieght scale 1.0
('Difference: ', -13.776463282944064)
('likelihood value', 1.0)
new weight 0.01, wieght scale 1.0
('Difference: ', -14.49948822702791)
('likelihood value', 1.0)
new weight 0.01, wieght scale 1.0
('Difference: ', -14.055750084333013)
('likelihood value', 1.0)
new weight 0.01, wieght scale 1.0
('Difference: ', -14.049381370274382)
('likelihood value', 1.0)
new weight 0.01, wieght scale 1.0
('Difference: ', -13.745593462045846)
('likelihood value', 1.0)
new weight 0.01, wieght scale 1.0
('Difference: ', -14.371365102318961)
('likelihood value', 1.0)
new weight 0.01, wieght scale 1.0
('Difference: ', -14.380769666585728)
('likelihood value', 1.0)
new weight 0.01, wieght scale 1.0
('Difference: ', -14.254529843365603)
('likelihood value', 1.0)
new weight 0.01, wieght scale 1.0
('Difference: ', -14.27554852517651)
('likelihood value', 1.0)
new weight 0.01, wieght scale 1.0
('Difference: ', -13.7684187540955)
('likelihood value', 1.0)
new weight 0.01, wieght scale 1.0
('Difference: ', -13.85582754803277)
('likelihood value', 1.0)
new weight 0.01, wieght scale 1.0
('Difference: ', -13.683668818396704)
('likelihood value', 1.0)
new weight 0.01, wieght scale 1.0
('Difference: ', -14.189149226770247)
('likelihood value', 1.0)
new weight 0.01, wieght scale 1.0
('Difference: ', -13.758302281982118)
('likelihood value', 1.0)
new weight 0.01, wieght scale 1.0
('Difference: ', -13.99127085685592)
('likelihood value', 1.0)
new weight 0.01, wieght scale 1.0
('Difference: ', -14.295659518854436)
('likelihood value', 1.0)
new weight 0.01, wieght scale 1.0
('Difference: ', -14.158761712972904)
('likelihood value', 1.0)
new weight 0.01, wieght scale 1.0
('Difference: ', -14.091299463927477)
('likelihood value', 1.0)
new weight 0.01, wieght scale 1.0
('Difference: ', -14.273231265203805)
('likelihood value', 1.0)
new weight 0.01, wieght scale 1.0
('Difference: ', -14.191836851805753)
('likelihood value', 1.0)
new weight 0.01, wieght scale 1.0
('Difference: ', -14.035585413785398)
('likelihood value', 1.0)
new weight 0.01, wieght scale 1.0
('Difference: ', -14.500130482149878)
('likelihood value', 1.0)
new weight 0.01, wieght scale 1.0
('Difference: ', -14.37024270757869)
('likelihood value', 1.0)
new weight 0.01, wieght scale 1.0
('Difference: ', -14.268691433938216)
('likelihood value', 1.0)
new weight 0.01, wieght scale 1.0
('Difference: ', -14.312856238737453)
('likelihood value', 1.0)
new weight 0.01, wieght scale 1.0
('Difference: ', -14.166556052895558)
('likelihood value', 1.0)
new weight 0.01, wieght scale 1.0
('Difference: ', -14.137105738655649)
('likelihood value', 1.0)
new weight 0.01, wieght scale 1.0
('Difference: ', -14.489830582522046)
('likelihood value', 1.0)
new weight 0.01, wieght scale 1.0
('Difference: ', -14.194414680100948)
('likelihood value', 1.0)
new weight 0.01, wieght scale 1.0
('Difference: ', -13.695589762803905)
('likelihood value', 1.0)
new weight 0.01, wieght scale 1.0
('Difference: ', -14.379250609636578)
('likelihood value', 1.0)
new weight 0.01, wieght scale 1.0
('Difference: ', -14.050491860047444)
('likelihood value', 1.0)
new weight 0.01, wieght scale 1.0
('Difference: ', -13.909073317466408)
('likelihood value', 1.0)
new weight 0.01, wieght scale 1.0
('Difference: ', -14.036698255847782)
('likelihood value', 1.0)
new weight 0.01, wieght scale 1.0
('Difference: ', -13.971819570792)
('likelihood value', 1.0)
new weight 0.01, wieght scale 1.0
('Difference: ', -13.910962577276912)
('likelihood value', 1.0)
new weight 0.01, wieght scale 1.0
('Difference: ', -14.539553783212)
('likelihood value', 1.0)
new weight 0.01, wieght scale 1.0
('Difference: ', -14.08663822290977)
('likelihood value', 1.0)
new weight 0.01, wieght scale 1.0
('Difference: ', -14.133422190185115)
('likelihood value', 1.0)
new weight 0.01, wieght scale 1.0
('Difference: ', -13.931806441185039)
('likelihood value', 1.0)
new weight 0.01, wieght scale 1.0
('Difference: ', -14.305308092757535)
('likelihood value', 1.0)
new weight 0.01, wieght scale 1.0
('Difference: ', -14.086556419006605)
('likelihood value', 1.0)
new weight 0.01, wieght scale 1.0
('Difference: ', -14.024111383845266)
('likelihood value', 1.0)
new weight 0.01, wieght scale 1.0
('Difference: ', -14.161228035510838)
('likelihood value', 1.0)
new weight 0.01, wieght scale 1.0
('Difference: ', -13.863718635550939)
('likelihood value', 1.0)
new weight 0.01, wieght scale 1.0
('Difference: ', -13.962454571254746)
('likelihood value', 1.0)
new weight 0.01, wieght scale 1.0
('Difference: ', -14.235347253424571)
('likelihood value', 1.0)
new weight 0.01, wieght scale 1.0
('Difference: ', -14.23686464781273)
('likelihood value', 1.0)
new weight 0.01, wieght scale 1.0
('Difference: ', -14.208170376203114)
('likelihood value', 1.0)
new weight 0.01, wieght scale 1.0
('Difference: ', -14.077215016271929)
('likelihood value', 1.0)
new weight 0.01, wieght scale 1.0
('Sonar measurement ', 28)
('Difference: ', -14.242893208917856)
('likelihood value', 1.0)
new weight 0.01, wieght scale 1.0
('Difference: ', -16.112803341476614)
('likelihood value', 1.0)
new weight 0.01, wieght scale 1.0
('Difference: ', -5.091834448298776)
('likelihood value', 1.0000023446157602)
new weight 0.0100000234462, wieght scale 1.00000234462
('Difference: ', -14.774697706134262)
('likelihood value', 1.0)
new weight 0.01, wieght scale 1.0
('Difference: ', -20.114317624567953)
('likelihood value', 1.0)
new weight 0.01, wieght scale 1.0
('Difference: ', -10.745140859446387)
('likelihood value', 1.0)
new weight 0.01, wieght scale 1.0
('Difference: ', -7.269174215548588)
('likelihood value', 1.0000000000033553)
new weight 0.01, wieght scale 1.0
('Difference: ', -7.611455606472667)
('likelihood value', 1.000000000000263)
new weight 0.01, wieght scale 1.0
('Difference: ', -22.958172361353085)
('likelihood value', 1.0)
new weight 0.01, wieght scale 1.0
('Difference: ', -23.184616521663813)
('likelihood value', 1.0)
new weight 0.01, wieght scale 1.0
('Difference: ', -15.559058086777746)
('likelihood value', 1.0)
new weight 0.01, wieght scale 1.0
('Difference: ', -15.221829001113562)
('likelihood value', 1.0)
new weight 0.01, wieght scale 1.0
('Difference: ', -14.631341186223409)
('likelihood value', 1.0)
new weight 0.01, wieght scale 1.0
('Difference: ', -3.9097418197391534)
('likelihood value', 1.0004793686901885)
new weight 0.0100047936869, wieght scale 1.00047936869
('Difference: ', -9.448860533745894)
('likelihood value', 1.0)
new weight 0.01, wieght scale 1.0
('Difference: ', -8.840153274187173)
('likelihood value', 1.0)
new weight 0.01, wieght scale 1.0
('Difference: ', -9.92445746582073)
('likelihood value', 1.0)
new weight 0.01, wieght scale 1.0
('Difference: ', -0.8932054267293772)
('likelihood value', 1.6710524573687415)
new weight 0.0167105245737, wieght scale 1.67105245737
('Difference: ', -12.01570510008122)
('likelihood value', 1.0)
new weight 0.01, wieght scale 1.0
('Difference: ', -14.721596373430259)
('likelihood value', 1.0)
new weight 0.01, wieght scale 1.0
('Difference: ', -10.855832883519753)
('likelihood value', 1.0)
new weight 0.01, wieght scale 1.0
('Difference: ', -17.652181103596696)
('likelihood value', 1.0)
new weight 0.01, wieght scale 1.0
('Difference: ', -9.141353292820405)
('likelihood value', 1.0)
new weight 0.01, wieght scale 1.0
('Difference: ', -17.872429918221904)
('likelihood value', 1.0)
new weight 0.01, wieght scale 1.0
('Difference: ', -12.092436704450535)
('likelihood value', 1.0)
new weight 0.01, wieght scale 1.0
('Difference: ', -10.946719666939487)
('likelihood value', 1.0)
new weight 0.01, wieght scale 1.0
('Difference: ', -5.632320794877835)
('likelihood value', 1.0000001292498133)
new weight 0.0100000012925, wieght scale 1.00000012925
('Difference: ', -2.665433111401857)
('likelihood value', 1.0286595993618923)
new weight 0.0102865959936, wieght scale 1.02865959936
('Difference: ', -24.603783699341072)
('likelihood value', 1.0)
new weight 0.01, wieght scale 1.0
('Difference: ', -14.747742551194811)
('likelihood value', 1.0)
new weight 0.01, wieght scale 1.0
('Difference: ', -9.57559653750809)
('likelihood value', 1.0)
new weight 0.01, wieght scale 1.0
('Difference: ', -12.176806658292293)
('likelihood value', 1.0)
new weight 0.01, wieght scale 1.0
('Difference: ', -5.986803036297019)
('likelihood value', 1.0000000164835108)
new weight 0.0100000001648, wieght scale 1.00000001648
('Difference: ', -8.669350968512582)
('likelihood value', 1.0)
new weight 0.01, wieght scale 1.0
('Difference: ', 0.330246474949071)
('likelihood value', 1.9469288059737193)
new weight 0.0194692880597, wieght scale 1.94692880597
('Difference: ', -14.288272004710038)
('likelihood value', 1.0)
new weight 0.01, wieght scale 1.0
('Difference: ', -13.578709883228768)
('likelihood value', 1.0)
new weight 0.01, wieght scale 1.0
('Difference: ', -10.733316632138745)
('likelihood value', 1.0)
new weight 0.01, wieght scale 1.0
('Difference: ', -1.9825635761084328)
('likelihood value', 1.1401167652265878)
new weight 0.0114011676523, wieght scale 1.14011676523
('Difference: ', -16.857302505329294)
('likelihood value', 1.0)
new weight 0.01, wieght scale 1.0
('Difference: ', -14.629831196796324)
('likelihood value', 1.0)
new weight 0.01, wieght scale 1.0
('Difference: ', -6.210415569619862)
('likelihood value', 1.0000000042149388)
new weight 0.0100000000421, wieght scale 1.00000000421
('Difference: ', -16.513476715089908)
('likelihood value', 1.0)
new weight 0.01, wieght scale 1.0
('Difference: ', -16.765651741118397)
('likelihood value', 1.0)
new weight 0.01, wieght scale 1.0
('Difference: ', -12.777493726214352)
('likelihood value', 1.0)
new weight 0.01, wieght scale 1.0
('Difference: ', -2.309459106227319)
('likelihood value', 1.0694741400219177)
new weight 0.0106947414002, wieght scale 1.06947414002
('Difference: ', -7.131564689808769)
('likelihood value', 1.0000000000090379)
new weight 0.0100000000001, wieght scale 1.00000000001
('Difference: ', -16.32471119584382)
('likelihood value', 1.0)
new weight 0.01, wieght scale 1.0
('Difference: ', -7.740445312883047)
('likelihood value', 1.0000000000000977)
new weight 0.01, wieght scale 1.0
('Difference: ', -12.00574044158558)
('likelihood value', 1.0)
new weight 0.01, wieght scale 1.0
('Difference: ', -23.885020593824628)
('likelihood value', 1.0)
new weight 0.01, wieght scale 1.0
('Difference: ', -11.665776258276523)
('likelihood value', 1.0)
new weight 0.01, wieght scale 1.0
('Difference: ', -20.738784572092662)
('likelihood value', 1.0)
new weight 0.01, wieght scale 1.0
('Difference: ', -5.571120046003529)
('likelihood value', 1.0000001821037452)
new weight 0.010000001821, wieght scale 1.0000001821
('Difference: ', -11.310850576101899)
('likelihood value', 1.0)
new weight 0.01, wieght scale 1.0
('Difference: ', -8.438412446645778)
('likelihood value', 1.0000000000000004)
new weight 0.01, wieght scale 1.0
('Difference: ', -8.21147917819247)
('likelihood value', 1.0000000000000022)
new weight 0.01, wieght scale 1.0
('Difference: ', -9.957159470247582)
('likelihood value', 1.0)
new weight 0.01, wieght scale 1.0
('Difference: ', -7.138767759919318)
('likelihood value', 1.000000000008585)
new weight 0.0100000000001, wieght scale 1.00000000001
('Difference: ', -5.789050336065998)
('likelihood value', 1.0000000528107063)
new weight 0.0100000005281, wieght scale 1.00000005281
('Difference: ', -16.180077182919568)
('likelihood value', 1.0)
new weight 0.01, wieght scale 1.0
('Difference: ', -19.93783818030589)
('likelihood value', 1.0)
new weight 0.01, wieght scale 1.0
('Difference: ', -13.480419412773742)
('likelihood value', 1.0)
new weight 0.01, wieght scale 1.0
('Difference: ', -17.809968113154923)
('likelihood value', 1.0)
new weight 0.01, wieght scale 1.0
('Difference: ', -10.234652953072505)
('likelihood value', 1.0)
new weight 0.01, wieght scale 1.0
('Difference: ', -1.0228933174616373)
('likelihood value', 1.5926475725122256)
new weight 0.0159264757251, wieght scale 1.59264757251
('Difference: ', -11.991411138315556)
('likelihood value', 1.0)
new weight 0.01, wieght scale 1.0
('Difference: ', -4.259582851446986)
('likelihood value', 1.0001148339904125)
new weight 0.0100011483399, wieght scale 1.00011483399
('Difference: ', -18.36134547897931)
('likelihood value', 1.0)
new weight 0.01, wieght scale 1.0
('Difference: ', -10.077679796805207)
('likelihood value', 1.0)
new weight 0.01, wieght scale 1.0
('Difference: ', -10.497598283982548)
('likelihood value', 1.0)
new weight 0.01, wieght scale 1.0
('Difference: ', -16.710600147131522)
('likelihood value', 1.0)
new weight 0.01, wieght scale 1.0
('Difference: ', -25.579775502169674)
('likelihood value', 1.0)
new weight 0.01, wieght scale 1.0
('Difference: ', -20.794998668094067)
('likelihood value', 1.0)
new weight 0.01, wieght scale 1.0
('Difference: ', -19.588656582290078)
('likelihood value', 1.0)
new weight 0.01, wieght scale 1.0
('Difference: ', -5.1129711056858085)
('likelihood value', 1.0000021049122803)
new weight 0.0100000210491, wieght scale 1.00000210491
('Difference: ', -8.57762463342464)
('likelihood value', 1.0)
new weight 0.01, wieght scale 1.0
('Difference: ', -16.904771603992266)
('likelihood value', 1.0)
new weight 0.01, wieght scale 1.0
('Difference: ', -16.586320546984787)
('likelihood value', 1.0)
new weight 0.01, wieght scale 1.0
('Difference: ', -12.124014351201922)
('likelihood value', 1.0)
new weight 0.01, wieght scale 1.0
('Difference: ', -20.376669110226246)
('likelihood value', 1.0)
new weight 0.01, wieght scale 1.0
('Difference: ', -6.290334225253702)
('likelihood value', 1.000000002557713)
new weight 0.0100000000256, wieght scale 1.00000000256
('Difference: ', -6.5979953513673735)
('likelihood value', 1.0000000003522178)
new weight 0.0100000000035, wieght scale 1.00000000035
('Difference: ', -16.15535436986177)
('likelihood value', 1.0)
new weight 0.01, wieght scale 1.0
('Difference: ', -16.737130910084005)
('likelihood value', 1.0)
new weight 0.01, wieght scale 1.0
('Difference: ', -14.824360432716091)
('likelihood value', 1.0)
new weight 0.01, wieght scale 1.0
('Difference: ', -14.653004027354719)
('likelihood value', 1.0)
new weight 0.01, wieght scale 1.0
('Difference: ', -5.199947253938646)
('likelihood value', 1.0000013441809066)
new weight 0.0100000134418, wieght scale 1.00000134418
('Difference: ', -19.57301863671111)
('likelihood value', 1.0)
new weight 0.01, wieght scale 1.0
('Difference: ', -21.993662711503156)
('likelihood value', 1.0)
new weight 0.01, wieght scale 1.0
('Difference: ', -9.373640531674695)
('likelihood value', 1.0)
new weight 0.01, wieght scale 1.0
('Difference: ', -7.217635199421288)
('likelihood value', 1.0000000000048739)
new weight 0.01, wieght scale 1.0
('Difference: ', -13.976913692832596)
('likelihood value', 1.0)
new weight 0.01, wieght scale 1.0
('Difference: ', -11.746357681437601)
('likelihood value', 1.0)
new weight 0.01, wieght scale 1.0
('Difference: ', -12.484765909856385)
('likelihood value', 1.0)
new weight 0.01, wieght scale 1.0
('Difference: ', -9.11722362650901)
('likelihood value', 1.0)
new weight 0.01, wieght scale 1.0
('Difference: ', -6.583727124626172)
('likelihood value', 1.0000000003869478)
new weight 0.0100000000039, wieght scale 1.00000000039
('Difference: ', -17.865627947387864)
('likelihood value', 1.0)
new weight 0.01, wieght scale 1.0
('Difference: ', -8.358193278764908)
('likelihood value', 1.0000000000000007)
new weight 0.01, wieght scale 1.0
('Difference: ', -12.70179294405714)
('likelihood value', 1.0)
new weight 0.01, wieght scale 1.0
drawParticles:[(222.84763613900643, 613.280104115454, 0.31750970889234403, 0.01), (222.84763613900643, 613.280104115454, 0.31750970889234403, 0.01), (222.84763613900643, 613.280104115454, 0.31750970889234403, 0.01), (222.84763613900643, 613.280104115454, 0.31750970889234403, 0.01), (222.84763613900643, 613.280104115454, 0.31750970889234403, 0.01), (222.84763613900643, 613.280104115454, 0.31750970889234403, 0.01), (222.84763613900643, 613.280104115454, 0.31750970889234403, 0.01), (222.84763613900643, 613.280104115454, 0.31750970889234403, 0.01), (222.84763613900643, 613.280104115454, 0.31750970889234403, 0.01), (222.84763613900643, 613.280104115454, 0.31750970889234403, 0.01), (222.84763613900643, 613.280104115454, 0.31750970889234403, 0.01), (222.84763613900643, 613.280104115454, 0.31750970889234403, 0.01), (222.84763613900643, 613.280104115454, 0.31750970889234403, 0.01), (222.84763613900643, 613.280104115454, 0.31750970889234403, 0.01), (222.84763613900643, 613.280104115454, 0.31750970889234403, 0.01), (222.84763613900643, 613.280104115454, 0.31750970889234403, 0.01), (222.84763613900643, 613.280104115454, 0.31750970889234403, 0.01), (222.84763613900643, 613.280104115454, 0.31750970889234403, 0.01), (222.84763613900643, 613.280104115454, 0.31750970889234403, 0.01), (222.84763613900643, 613.280104115454, 0.31750970889234403, 0.01), (222.84763613900643, 613.280104115454, 0.31750970889234403, 0.01), (222.84763613900643, 613.280104115454, 0.31750970889234403, 0.01), (222.84763613900643, 613.280104115454, 0.31750970889234403, 0.01), (222.84763613900643, 613.280104115454, 0.31750970889234403, 0.01), (222.84763613900643, 613.280104115454, 0.31750970889234403, 0.01), (222.84763613900643, 613.280104115454, 0.31750970889234403, 0.01), (222.84763613900643, 613.280104115454, 0.31750970889234403, 0.01), (222.84763613900643, 613.280104115454, 0.31750970889234403, 0.01), (222.84763613900643, 613.280104115454, 0.31750970889234403, 0.01), (222.84763613900643, 613.280104115454, 0.31750970889234403, 0.01), (222.84763613900643, 613.280104115454, 0.31750970889234403, 0.01), (222.84763613900643, 613.280104115454, 0.31750970889234403, 0.01), (222.84763613900643, 613.280104115454, 0.31750970889234403, 0.01), (222.84763613900643, 613.280104115454, 0.31750970889234403, 0.01), (222.84763613900643, 613.280104115454, 0.31750970889234403, 0.01), (222.84763613900643, 613.280104115454, 0.31750970889234403, 0.01), (222.84763613900643, 613.280104115454, 0.31750970889234403, 0.01), (222.84763613900643, 613.280104115454, 0.31750970889234403, 0.01), (222.84763613900643, 613.280104115454, 0.31750970889234403, 0.01), (222.84763613900643, 613.280104115454, 0.31750970889234403, 0.01), (222.84763613900643, 613.280104115454, 0.31750970889234403, 0.01), (222.84763613900643, 613.280104115454, 0.31750970889234403, 0.01), (222.84763613900643, 613.280104115454, 0.31750970889234403, 0.01), (222.84763613900643, 613.280104115454, 0.31750970889234403, 0.01), (222.84763613900643, 613.280104115454, 0.31750970889234403, 0.01), (222.84763613900643, 613.280104115454, 0.31750970889234403, 0.01), (222.84763613900643, 613.280104115454, 0.31750970889234403, 0.01), (222.84763613900643, 613.280104115454, 0.31750970889234403, 0.01), (222.84763613900643, 613.280104115454, 0.31750970889234403, 0.01), (222.84763613900643, 613.280104115454, 0.31750970889234403, 0.01), (222.84763613900643, 613.280104115454, 0.31750970889234403, 0.01), (222.84763613900643, 613.280104115454, 0.31750970889234403, 0.01), (222.84763613900643, 613.280104115454, 0.31750970889234403, 0.01), (222.84763613900643, 613.280104115454, 0.31750970889234403, 0.01), (222.84763613900643, 613.280104115454, 0.31750970889234403, 0.01), (222.84763613900643, 613.280104115454, 0.31750970889234403, 0.01), (222.84763613900643, 613.280104115454, 0.31750970889234403, 0.01), (222.84763613900643, 613.280104115454, 0.31750970889234403, 0.01), (222.84763613900643, 613.280104115454, 0.31750970889234403, 0.01), (222.84763613900643, 613.280104115454, 0.31750970889234403, 0.01), (222.84763613900643, 613.280104115454, 0.31750970889234403, 0.01), (222.84763613900643, 613.280104115454, 0.31750970889234403, 0.01), (222.84763613900643, 613.280104115454, 0.31750970889234403, 0.01), (222.84763613900643, 613.280104115454, 0.31750970889234403, 0.01), (222.84763613900643, 613.280104115454, 0.31750970889234403, 0.01), (222.84763613900643, 613.280104115454, 0.31750970889234403, 0.01), (222.84763613900643, 613.280104115454, 0.31750970889234403, 0.01), (222.84763613900643, 613.280104115454, 0.31750970889234403, 0.01), (222.84763613900643, 613.280104115454, 0.31750970889234403, 0.01), (222.84763613900643, 613.280104115454, 0.31750970889234403, 0.01), (222.84763613900643, 613.280104115454, 0.31750970889234403, 0.01), (222.84763613900643, 613.280104115454, 0.31750970889234403, 0.01), (222.84763613900643, 613.280104115454, 0.31750970889234403, 0.01), (222.84763613900643, 613.280104115454, 0.31750970889234403, 0.01), (222.84763613900643, 613.280104115454, 0.31750970889234403, 0.01), (222.84763613900643, 613.280104115454, 0.31750970889234403, 0.01), (222.84763613900643, 613.280104115454, 0.31750970889234403, 0.01), (222.84763613900643, 613.280104115454, 0.31750970889234403, 0.01), (222.84763613900643, 613.280104115454, 0.31750970889234403, 0.01), (222.84763613900643, 613.280104115454, 0.31750970889234403, 0.01), (222.84763613900643, 613.280104115454, 0.31750970889234403, 0.01), (222.84763613900643, 613.280104115454, 0.31750970889234403, 0.01), (222.84763613900643, 613.280104115454, 0.31750970889234403, 0.01), (222.84763613900643, 613.280104115454, 0.31750970889234403, 0.01), (222.84763613900643, 613.280104115454, 0.31750970889234403, 0.01), (222.84763613900643, 613.280104115454, 0.31750970889234403, 0.01), (222.84763613900643, 613.280104115454, 0.31750970889234403, 0.01), (222.84763613900643, 613.280104115454, 0.31750970889234403, 0.01), (222.84763613900643, 613.280104115454, 0.31750970889234403, 0.01), (222.84763613900643, 613.280104115454, 0.31750970889234403, 0.01), (222.84763613900643, 613.280104115454, 0.31750970889234403, 0.01), (222.84763613900643, 613.280104115454, 0.31750970889234403, 0.01), (222.84763613900643, 613.280104115454, 0.31750970889234403, 0.01), (222.84763613900643, 613.280104115454, 0.31750970889234403, 0.01), (222.84763613900643, 613.280104115454, 0.31750970889234403, 0.01), (222.84763613900643, 613.280104115454, 0.31750970889234403, 0.01), (222.84763613900643, 613.280104115454, 0.31750970889234403, 0.01), (222.84763613900643, 613.280104115454, 0.31750970889234403, 0.01), (222.84763613900643, 613.280104115454, 0.31750970889234403, 0.01), (222.84763613900643, 613.280104115454, 0.31750970889234403, 0.01)]
navigated
('Sonar measurement ', 49)
Warning: no wall detected, weights will not be updated
new weight 0.01, wieght scale None
Warning: no wall detected, weights will not be updated
new weight 0.01, wieght scale None
Warning: no wall detected, weights will not be updated
new weight 0.01, wieght scale None
Warning: no wall detected, weights will not be updated
new weight 0.01, wieght scale None
Warning: no wall detected, weights will not be updated
new weight 0.01, wieght scale None
Warning: no wall detected, weights will not be updated
new weight 0.01, wieght scale None
Warning: no wall detected, weights will not be updated
new weight 0.01, wieght scale None
Warning: no wall detected, weights will not be updated
new weight 0.01, wieght scale None
Warning: no wall detected, weights will not be updated
new weight 0.01, wieght scale None
Warning: no wall detected, weights will not be updated
new weight 0.01, wieght scale None
Warning: no wall detected, weights will not be updated
new weight 0.01, wieght scale None
Warning: no wall detected, weights will not be updated
new weight 0.01, wieght scale None
Warning: no wall detected, weights will not be updated
new weight 0.01, wieght scale None
Warning: no wall detected, weights will not be updated
new weight 0.01, wieght scale None
Warning: no wall detected, weights will not be updated
new weight 0.01, wieght scale None
Warning: no wall detected, weights will not be updated
new weight 0.01, wieght scale None
Warning: no wall detected, weights will not be updated
new weight 0.01, wieght scale None
Warning: no wall detected, weights will not be updated
new weight 0.01, wieght scale None
Warning: no wall detected, weights will not be updated
new weight 0.01, wieght scale None
Warning: no wall detected, weights will not be updated
new weight 0.01, wieght scale None
Warning: no wall detected, weights will not be updated
new weight 0.01, wieght scale None
Warning: no wall detected, weights will not be updated
new weight 0.01, wieght scale None
Warning: no wall detected, weights will not be updated
new weight 0.01, wieght scale None
Warning: no wall detected, weights will not be updated
new weight 0.01, wieght scale None
Warning: no wall detected, weights will not be updated
new weight 0.01, wieght scale None
Warning: no wall detected, weights will not be updated
new weight 0.01, wieght scale None
Warning: no wall detected, weights will not be updated
new weight 0.01, wieght scale None
Warning: no wall detected, weights will not be updated
new weight 0.01, wieght scale None
Warning: no wall detected, weights will not be updated
new weight 0.01, wieght scale None
Warning: no wall detected, weights will not be updated
new weight 0.01, wieght scale None
Warning: no wall detected, weights will not be updated
new weight 0.01, wieght scale None
Warning: no wall detected, weights will not be updated
new weight 0.01, wieght scale None
Warning: no wall detected, weights will not be updated
new weight 0.01, wieght scale None
Warning: no wall detected, weights will not be updated
new weight 0.01, wieght scale None
Warning: no wall detected, weights will not be updated
new weight 0.01, wieght scale None
Warning: no wall detected, weights will not be updated
new weight 0.01, wieght scale None
Warning: no wall detected, weights will not be updated
new weight 0.01, wieght scale None
Warning: no wall detected, weights will not be updated
new weight 0.01, wieght scale None
Warning: no wall detected, weights will not be updated
new weight 0.01, wieght scale None
Warning: no wall detected, weights will not be updated
new weight 0.01, wieght scale None
Warning: no wall detected, weights will not be updated
new weight 0.01, wieght scale None
Warning: no wall detected, weights will not be updated
new weight 0.01, wieght scale None
Warning: no wall detected, weights will not be updated
new weight 0.01, wieght scale None
Warning: no wall detected, weights will not be updated
new weight 0.01, wieght scale None
Warning: no wall detected, weights will not be updated
new weight 0.01, wieght scale None
Warning: no wall detected, weights will not be updated
new weight 0.01, wieght scale None
Warning: no wall detected, weights will not be updated
new weight 0.01, wieght scale None
Warning: no wall detected, weights will not be updated
new weight 0.01, wieght scale None
Warning: no wall detected, weights will not be updated
new weight 0.01, wieght scale None
Warning: no wall detected, weights will not be updated
new weight 0.01, wieght scale None
Warning: no wall detected, weights will not be updated
new weight 0.01, wieght scale None
Warning: no wall detected, weights will not be updated
new weight 0.01, wieght scale None
Warning: no wall detected, weights will not be updated
new weight 0.01, wieght scale None
Warning: no wall detected, weights will not be updated
new weight 0.01, wieght scale None
Warning: no wall detected, weights will not be updated
new weight 0.01, wieght scale None
Warning: no wall detected, weights will not be updated
new weight 0.01, wieght scale None
Warning: no wall detected, weights will not be updated
new weight 0.01, wieght scale None
Warning: no wall detected, weights will not be updated
new weight 0.01, wieght scale None
Warning: no wall detected, weights will not be updated
new weight 0.01, wieght scale None
Warning: no wall detected, weights will not be updated
new weight 0.01, wieght scale None
Warning: no wall detected, weights will not be updated
new weight 0.01, wieght scale None
Warning: no wall detected, weights will not be updated
new weight 0.01, wieght scale None
Warning: no wall detected, weights will not be updated
new weight 0.01, wieght scale None
Warning: no wall detected, weights will not be updated
new weight 0.01, wieght scale None
Warning: no wall detected, weights will not be updated
new weight 0.01, wieght scale None
Warning: no wall detected, weights will not be updated
new weight 0.01, wieght scale None
Warning: no wall detected, weights will not be updated
new weight 0.01, wieght scale None
Warning: no wall detected, weights will not be updated
new weight 0.01, wieght scale None
Warning: no wall detected, weights will not be updated
new weight 0.01, wieght scale None
Warning: no wall detected, weights will not be updated
new weight 0.01, wieght scale None
Warning: no wall detected, weights will not be updated
new weight 0.01, wieght scale None
Warning: no wall detected, weights will not be updated
new weight 0.01, wieght scale None
Warning: no wall detected, weights will not be updated
new weight 0.01, wieght scale None
Warning: no wall detected, weights will not be updated
new weight 0.01, wieght scale None
Warning: no wall detected, weights will not be updated
new weight 0.01, wieght scale None
Warning: no wall detected, weights will not be updated
new weight 0.01, wieght scale None
Warning: no wall detected, weights will not be updated
new weight 0.01, wieght scale None
Warning: no wall detected, weights will not be updated
new weight 0.01, wieght scale None
Warning: no wall detected, weights will not be updated
new weight 0.01, wieght scale None
Warning: no wall detected, weights will not be updated
new weight 0.01, wieght scale None
Warning: no wall detected, weights will not be updated
new weight 0.01, wieght scale None
Warning: no wall detected, weights will not be updated
new weight 0.01, wieght scale None
Warning: no wall detected, weights will not be updated
new weight 0.01, wieght scale None
Warning: no wall detected, weights will not be updated
new weight 0.01, wieght scale None
Warning: no wall detected, weights will not be updated
new weight 0.01, wieght scale None
Warning: no wall detected, weights will not be updated
new weight 0.01, wieght scale None
Warning: no wall detected, weights will not be updated
new weight 0.01, wieght scale None
Warning: no wall detected, weights will not be updated
new weight 0.01, wieght scale None
Warning: no wall detected, weights will not be updated
new weight 0.01, wieght scale None
Warning: no wall detected, weights will not be updated
new weight 0.01, wieght scale None
Warning: no wall detected, weights will not be updated
new weight 0.01, wieght scale None
Warning: no wall detected, weights will not be updated
new weight 0.01, wieght scale None
Warning: no wall detected, weights will not be updated
new weight 0.01, wieght scale None
Warning: no wall detected, weights will not be updated
new weight 0.01, wieght scale None
Warning: no wall detected, weights will not be updated
new weight 0.01, wieght scale None
Warning: no wall detected, weights will not be updated
new weight 0.01, wieght scale None
Warning: no wall detected, weights will not be updated
new weight 0.01, wieght scale None
Warning: no wall detected, weights will not be updated
new weight 0.01, wieght scale None
Warning: no wall detected, weights will not be updated
new weight 0.01, wieght scale None
Warning: no wall detected, weights will not be updated
new weight 0.01, wieght scale None
('Sonar measurement ', 43)
Warning: no wall detected, weights will not be updated
new weight 0.01, wieght scale None
Warning: no wall detected, weights will not be updated
new weight 0.01, wieght scale None
Warning: no wall detected, weights will not be updated
new weight 0.01, wieght scale None
Warning: no wall detected, weights will not be updated
new weight 0.01, wieght scale None
Warning: no wall detected, weights will not be updated
new weight 0.01, wieght scale None
Warning: no wall detected, weights will not be updated
new weight 0.01, wieght scale None
Warning: no wall detected, weights will not be updated
new weight 0.01, wieght scale None
Warning: no wall detected, weights will not be updated
new weight 0.01, wieght scale None
Warning: no wall detected, weights will not be updated
new weight 0.01, wieght scale None
Warning: no wall detected, weights will not be updated
new weight 0.01, wieght scale None
Warning: no wall detected, weights will not be updated
new weight 0.01, wieght scale None
Warning: no wall detected, weights will not be updated
new weight 0.01, wieght scale None
Warning: no wall detected, weights will not be updated
new weight 0.01, wieght scale None
Warning: no wall detected, weights will not be updated
new weight 0.01, wieght scale None
Warning: no wall detected, weights will not be updated
new weight 0.01, wieght scale None
Warning: no wall detected, weights will not be updated
new weight 0.01, wieght scale None
Warning: no wall detected, weights will not be updated
new weight 0.01, wieght scale None
Warning: no wall detected, weights will not be updated
new weight 0.01, wieght scale None
Warning: no wall detected, weights will not be updated
new weight 0.01, wieght scale None
Warning: no wall detected, weights will not be updated
new weight 0.01, wieght scale None
Warning: no wall detected, weights will not be updated
new weight 0.01, wieght scale None
Warning: no wall detected, weights will not be updated
new weight 0.01, wieght scale None
Warning: no wall detected, weights will not be updated
new weight 0.01, wieght scale None
Warning: no wall detected, weights will not be updated
new weight 0.01, wieght scale None
Warning: no wall detected, weights will not be updated
new weight 0.01, wieght scale None
Warning: no wall detected, weights will not be updated
new weight 0.01, wieght scale None
Warning: no wall detected, weights will not be updated
new weight 0.01, wieght scale None
Warning: no wall detected, weights will not be updated
new weight 0.01, wieght scale None
Warning: no wall detected, weights will not be updated
new weight 0.01, wieght scale None
Warning: no wall detected, weights will not be updated
new weight 0.01, wieght scale None
Warning: no wall detected, weights will not be updated
new weight 0.01, wieght scale None
Warning: no wall detected, weights will not be updated
new weight 0.01, wieght scale None
Warning: no wall detected, weights will not be updated
new weight 0.01, wieght scale None
Warning: no wall detected, weights will not be updated
new weight 0.01, wieght scale None
Warning: no wall detected, weights will not be updated
new weight 0.01, wieght scale None
Warning: no wall detected, weights will not be updated
new weight 0.01, wieght scale None
Warning: no wall detected, weights will not be updated
new weight 0.01, wieght scale None
Warning: no wall detected, weights will not be updated
new weight 0.01, wieght scale None
Warning: no wall detected, weights will not be updated
new weight 0.01, wieght scale None
Warning: no wall detected, weights will not be updated
new weight 0.01, wieght scale None
Warning: no wall detected, weights will not be updated
new weight 0.01, wieght scale None
Warning: no wall detected, weights will not be updated
new weight 0.01, wieght scale None
Warning: no wall detected, weights will not be updated
new weight 0.01, wieght scale None
Warning: no wall detected, weights will not be updated
new weight 0.01, wieght scale None
Warning: no wall detected, weights will not be updated
new weight 0.01, wieght scale None
Warning: no wall detected, weights will not be updated
new weight 0.01, wieght scale None
Warning: no wall detected, weights will not be updated
new weight 0.01, wieght scale None
Warning: no wall detected, weights will not be updated
new weight 0.01, wieght scale None
Warning: no wall detected, weights will not be updated
new weight 0.01, wieght scale None
Warning: no wall detected, weights will not be updated
new weight 0.01, wieght scale None
Warning: no wall detected, weights will not be updated
new weight 0.01, wieght scale None
Warning: no wall detected, weights will not be updated
new weight 0.01, wieght scale None
Warning: no wall detected, weights will not be updated
new weight 0.01, wieght scale None
Warning: no wall detected, weights will not be updated
new weight 0.01, wieght scale None
Warning: no wall detected, weights will not be updated
new weight 0.01, wieght scale None
Warning: no wall detected, weights will not be updated
new weight 0.01, wieght scale None
Warning: no wall detected, weights will not be updated
new weight 0.01, wieght scale None
Warning: no wall detected, weights will not be updated
new weight 0.01, wieght scale None
Warning: no wall detected, weights will not be updated
new weight 0.01, wieght scale None
Warning: no wall detected, weights will not be updated
new weight 0.01, wieght scale None
Warning: no wall detected, weights will not be updated
new weight 0.01, wieght scale None
Warning: no wall detected, weights will not be updated
new weight 0.01, wieght scale None
Warning: no wall detected, weights will not be updated
new weight 0.01, wieght scale None
Warning: no wall detected, weights will not be updated
new weight 0.01, wieght scale None
Warning: no wall detected, weights will not be updated
new weight 0.01, wieght scale None
Warning: no wall detected, weights will not be updated
new weight 0.01, wieght scale None
Warning: no wall detected, weights will not be updated
new weight 0.01, wieght scale None
Warning: no wall detected, weights will not be updated
new weight 0.01, wieght scale None
Warning: no wall detected, weights will not be updated
new weight 0.01, wieght scale None
Warning: no wall detected, weights will not be updated
new weight 0.01, wieght scale None
Warning: no wall detected, weights will not be updated
new weight 0.01, wieght scale None
Warning: no wall detected, weights will not be updated
new weight 0.01, wieght scale None
Warning: no wall detected, weights will not be updated
new weight 0.01, wieght scale None
Warning: no wall detected, weights will not be updated
new weight 0.01, wieght scale None
Warning: no wall detected, weights will not be updated
new weight 0.01, wieght scale None
Warning: no wall detected, weights will not be updated
new weight 0.01, wieght scale None
Warning: no wall detected, weights will not be updated
new weight 0.01, wieght scale None
Warning: no wall detected, weights will not be updated
new weight 0.01, wieght scale None
Warning: no wall detected, weights will not be updated
new weight 0.01, wieght scale None
Warning: no wall detected, weights will not be updated
new weight 0.01, wieght scale None
Warning: no wall detected, weights will not be updated
new weight 0.01, wieght scale None
Warning: no wall detected, weights will not be updated
new weight 0.01, wieght scale None
Warning: no wall detected, weights will not be updated
new weight 0.01, wieght scale None
Warning: no wall detected, weights will not be updated
new weight 0.01, wieght scale None
Warning: no wall detected, weights will not be updated
new weight 0.01, wieght scale None
Warning: no wall detected, weights will not be updated
new weight 0.01, wieght scale None
Warning: no wall detected, weights will not be updated
new weight 0.01, wieght scale None
Warning: no wall detected, weights will not be updated
new weight 0.01, wieght scale None
Warning: no wall detected, weights will not be updated
new weight 0.01, wieght scale None
Warning: no wall detected, weights will not be updated
new weight 0.01, wieght scale None
Warning: no wall detected, weights will not be updated
new weight 0.01, wieght scale None
Warning: no wall detected, weights will not be updated
new weight 0.01, wieght scale None
Warning: no wall detected, weights will not be updated
new weight 0.01, wieght scale None
Warning: no wall detected, weights will not be updated
new weight 0.01, wieght scale None
Warning: no wall detected, weights will not be updated
new weight 0.01, wieght scale None
Warning: no wall detected, weights will not be updated
new weight 0.01, wieght scale None
Warning: no wall detected, weights will not be updated
new weight 0.01, wieght scale None
Warning: no wall detected, weights will not be updated
new weight 0.01, wieght scale None
Warning: no wall detected, weights will not be updated
new weight 0.01, wieght scale None
Warning: no wall detected, weights will not be updated
new weight 0.01, wieght scale None
drawParticles:[(228.73765803000424, 706.7941228639257, -1.0723252500875238, 0.01), (228.73765803000424, 706.7941228639257, -1.0723252500875238, 0.01), (228.73765803000424, 706.7941228639257, -1.0723252500875238, 0.01), (228.73765803000424, 706.7941228639257, -1.0723252500875238, 0.01), (228.73765803000424, 706.7941228639257, -1.0723252500875238, 0.01), (228.73765803000424, 706.7941228639257, -1.0723252500875238, 0.01), (228.73765803000424, 706.7941228639257, -1.0723252500875238, 0.01), (228.73765803000424, 706.7941228639257, -1.0723252500875238, 0.01), (228.73765803000424, 706.7941228639257, -1.0723252500875238, 0.01), (228.73765803000424, 706.7941228639257, -1.0723252500875238, 0.01), (228.73765803000424, 706.7941228639257, -1.0723252500875238, 0.01), (228.73765803000424, 706.7941228639257, -1.0723252500875238, 0.01), (228.73765803000424, 706.7941228639257, -1.0723252500875238, 0.01), (228.73765803000424, 706.7941228639257, -1.0723252500875238, 0.01), (228.73765803000424, 706.7941228639257, -1.0723252500875238, 0.01), (228.73765803000424, 706.7941228639257, -1.0723252500875238, 0.01), (228.73765803000424, 706.7941228639257, -1.0723252500875238, 0.01), (228.73765803000424, 706.7941228639257, -1.0723252500875238, 0.01), (228.73765803000424, 706.7941228639257, -1.0723252500875238, 0.01), (228.73765803000424, 706.7941228639257, -1.0723252500875238, 0.01), (228.73765803000424, 706.7941228639257, -1.0723252500875238, 0.01), (228.73765803000424, 706.7941228639257, -1.0723252500875238, 0.01), (228.73765803000424, 706.7941228639257, -1.0723252500875238, 0.01), (228.73765803000424, 706.7941228639257, -1.0723252500875238, 0.01), (228.73765803000424, 706.7941228639257, -1.0723252500875238, 0.01), (228.73765803000424, 706.7941228639257, -1.0723252500875238, 0.01), (228.73765803000424, 706.7941228639257, -1.0723252500875238, 0.01), (228.73765803000424, 706.7941228639257, -1.0723252500875238, 0.01), (228.73765803000424, 706.7941228639257, -1.0723252500875238, 0.01), (228.73765803000424, 706.7941228639257, -1.0723252500875238, 0.01), (228.73765803000424, 706.7941228639257, -1.0723252500875238, 0.01), (228.73765803000424, 706.7941228639257, -1.0723252500875238, 0.01), (228.73765803000424, 706.7941228639257, -1.0723252500875238, 0.01), (228.73765803000424, 706.7941228639257, -1.0723252500875238, 0.01), (228.73765803000424, 706.7941228639257, -1.0723252500875238, 0.01), (228.73765803000424, 706.7941228639257, -1.0723252500875238, 0.01), (228.73765803000424, 706.7941228639257, -1.0723252500875238, 0.01), (228.73765803000424, 706.7941228639257, -1.0723252500875238, 0.01), (228.73765803000424, 706.7941228639257, -1.0723252500875238, 0.01), (228.73765803000424, 706.7941228639257, -1.0723252500875238, 0.01), (228.73765803000424, 706.7941228639257, -1.0723252500875238, 0.01), (228.73765803000424, 706.7941228639257, -1.0723252500875238, 0.01), (228.73765803000424, 706.7941228639257, -1.0723252500875238, 0.01), (228.73765803000424, 706.7941228639257, -1.0723252500875238, 0.01), (228.73765803000424, 706.7941228639257, -1.0723252500875238, 0.01), (228.73765803000424, 706.7941228639257, -1.0723252500875238, 0.01), (228.73765803000424, 706.7941228639257, -1.0723252500875238, 0.01), (228.73765803000424, 706.7941228639257, -1.0723252500875238, 0.01), (228.73765803000424, 706.7941228639257, -1.0723252500875238, 0.01), (228.73765803000424, 706.7941228639257, -1.0723252500875238, 0.01), (228.73765803000424, 706.7941228639257, -1.0723252500875238, 0.01), (228.73765803000424, 706.7941228639257, -1.0723252500875238, 0.01), (228.73765803000424, 706.7941228639257, -1.0723252500875238, 0.01), (228.73765803000424, 706.7941228639257, -1.0723252500875238, 0.01), (228.73765803000424, 706.7941228639257, -1.0723252500875238, 0.01), (228.73765803000424, 706.7941228639257, -1.0723252500875238, 0.01), (228.73765803000424, 706.7941228639257, -1.0723252500875238, 0.01), (228.73765803000424, 706.7941228639257, -1.0723252500875238, 0.01), (228.73765803000424, 706.7941228639257, -1.0723252500875238, 0.01), (228.73765803000424, 706.7941228639257, -1.0723252500875238, 0.01), (228.73765803000424, 706.7941228639257, -1.0723252500875238, 0.01), (228.73765803000424, 706.7941228639257, -1.0723252500875238, 0.01), (228.73765803000424, 706.7941228639257, -1.0723252500875238, 0.01), (228.73765803000424, 706.7941228639257, -1.0723252500875238, 0.01), (228.73765803000424, 706.7941228639257, -1.0723252500875238, 0.01), (228.73765803000424, 706.7941228639257, -1.0723252500875238, 0.01), (228.73765803000424, 706.7941228639257, -1.0723252500875238, 0.01), (228.73765803000424, 706.7941228639257, -1.0723252500875238, 0.01), (228.73765803000424, 706.7941228639257, -1.0723252500875238, 0.01), (228.73765803000424, 706.7941228639257, -1.0723252500875238, 0.01), (228.73765803000424, 706.7941228639257, -1.0723252500875238, 0.01), (228.73765803000424, 706.7941228639257, -1.0723252500875238, 0.01), (228.73765803000424, 706.7941228639257, -1.0723252500875238, 0.01), (228.73765803000424, 706.7941228639257, -1.0723252500875238, 0.01), (228.73765803000424, 706.7941228639257, -1.0723252500875238, 0.01), (228.73765803000424, 706.7941228639257, -1.0723252500875238, 0.01), (228.73765803000424, 706.7941228639257, -1.0723252500875238, 0.01), (228.73765803000424, 706.7941228639257, -1.0723252500875238, 0.01), (228.73765803000424, 706.7941228639257, -1.0723252500875238, 0.01), (228.73765803000424, 706.7941228639257, -1.0723252500875238, 0.01), (228.73765803000424, 706.7941228639257, -1.0723252500875238, 0.01), (228.73765803000424, 706.7941228639257, -1.0723252500875238, 0.01), (228.73765803000424, 706.7941228639257, -1.0723252500875238, 0.01), (228.73765803000424, 706.7941228639257, -1.0723252500875238, 0.01), (228.73765803000424, 706.7941228639257, -1.0723252500875238, 0.01), (228.73765803000424, 706.7941228639257, -1.0723252500875238, 0.01), (228.73765803000424, 706.7941228639257, -1.0723252500875238, 0.01), (228.73765803000424, 706.7941228639257, -1.0723252500875238, 0.01), (228.73765803000424, 706.7941228639257, -1.0723252500875238, 0.01), (228.73765803000424, 706.7941228639257, -1.0723252500875238, 0.01), (228.73765803000424, 706.7941228639257, -1.0723252500875238, 0.01), (228.73765803000424, 706.7941228639257, -1.0723252500875238, 0.01), (228.73765803000424, 706.7941228639257, -1.0723252500875238, 0.01), (228.73765803000424, 706.7941228639257, -1.0723252500875238, 0.01), (228.73765803000424, 706.7941228639257, -1.0723252500875238, 0.01), (228.73765803000424, 706.7941228639257, -1.0723252500875238, 0.01), (228.73765803000424, 706.7941228639257, -1.0723252500875238, 0.01), (228.73765803000424, 706.7941228639257, -1.0723252500875238, 0.01), (228.73765803000424, 706.7941228639257, -1.0723252500875238, 0.01), (228.73765803000424, 706.7941228639257, -1.0723252500875238, 0.01)]
navigated
